2020-03-14 04:15:52.021535: I tensorflow/stream_executor/platform/default/dso_loader.cc:44] Successfully opened dynamic library libcudart.so.10.0
2020-03-14 04:15:55.576212: I tensorflow/stream_executor/platform/default/dso_loader.cc:44] Successfully opened dynamic library libcuda.so.1
2020-03-14 04:15:59.864960: I tensorflow/stream_executor/cuda/cuda_gpu_executor.cc:1006] successful NUMA node read from SysFS had negative value (-1), but there must be at least one NUMA node, so returning NUMA node zero
2020-03-14 04:15:59.865645: I tensorflow/core/common_runtime/gpu/gpu_device.cc:1618] Found device 0 with properties: 
name: Tesla V100-SXM2-16GB major: 7 minor: 0 memoryClockRate(GHz): 1.53
pciBusID: 0000:00:04.0
2020-03-14 04:15:59.865682: I tensorflow/stream_executor/platform/default/dso_loader.cc:44] Successfully opened dynamic library libcudart.so.10.0
2020-03-14 04:16:00.437844: I tensorflow/stream_executor/platform/default/dso_loader.cc:44] Successfully opened dynamic library libcublas.so.10.0
2020-03-14 04:16:00.883248: I tensorflow/stream_executor/platform/default/dso_loader.cc:44] Successfully opened dynamic library libcufft.so.10.0
2020-03-14 04:16:01.093043: I tensorflow/stream_executor/platform/default/dso_loader.cc:44] Successfully opened dynamic library libcurand.so.10.0
2020-03-14 04:16:01.939797: I tensorflow/stream_executor/platform/default/dso_loader.cc:44] Successfully opened dynamic library libcusolver.so.10.0
2020-03-14 04:16:02.206177: I tensorflow/stream_executor/platform/default/dso_loader.cc:44] Successfully opened dynamic library libcusparse.so.10.0
2020-03-14 04:16:03.704260: I tensorflow/stream_executor/platform/default/dso_loader.cc:44] Successfully opened dynamic library libcudnn.so.7
2020-03-14 04:16:03.704485: I tensorflow/stream_executor/cuda/cuda_gpu_executor.cc:1006] successful NUMA node read from SysFS had negative value (-1), but there must be at least one NUMA node, so returning NUMA node zero
2020-03-14 04:16:03.707776: I tensorflow/stream_executor/cuda/cuda_gpu_executor.cc:1006] successful NUMA node read from SysFS had negative value (-1), but there must be at least one NUMA node, so returning NUMA node zero
2020-03-14 04:16:03.710535: I tensorflow/core/common_runtime/gpu/gpu_device.cc:1746] Adding visible gpu devices: 0
2020-03-14 04:16:03.733878: I tensorflow/core/platform/cpu_feature_guard.cc:142] Your CPU supports instructions that this TensorFlow binary was not compiled to use: AVX2 FMA
2020-03-14 04:16:04.152304: I tensorflow/core/platform/profile_utils/cpu_utils.cc:94] CPU Frequency: 2300000000 Hz
2020-03-14 04:16:04.154805: I tensorflow/compiler/xla/service/service.cc:168] XLA service 0x56280f89ec30 executing computations on platform Host. Devices:
2020-03-14 04:16:04.154833: I tensorflow/compiler/xla/service/service.cc:175]   StreamExecutor device (0): Host, Default Version
2020-03-14 04:16:05.144160: I tensorflow/stream_executor/cuda/cuda_gpu_executor.cc:1006] successful NUMA node read from SysFS had negative value (-1), but there must be at least one NUMA node, so returning NUMA node zero
2020-03-14 04:16:05.147462: I tensorflow/compiler/xla/service/service.cc:168] XLA service 0x56280f901600 executing computations on platform CUDA. Devices:
2020-03-14 04:16:05.147492: I tensorflow/compiler/xla/service/service.cc:175]   StreamExecutor device (0): Tesla V100-SXM2-16GB, Compute Capability 7.0
2020-03-14 04:16:05.147724: I tensorflow/stream_executor/cuda/cuda_gpu_executor.cc:1006] successful NUMA node read from SysFS had negative value (-1), but there must be at least one NUMA node, so returning NUMA node zero
2020-03-14 04:16:05.150979: I tensorflow/core/common_runtime/gpu/gpu_device.cc:1618] Found device 0 with properties: 
name: Tesla V100-SXM2-16GB major: 7 minor: 0 memoryClockRate(GHz): 1.53
pciBusID: 0000:00:04.0
2020-03-14 04:16:05.151010: I tensorflow/stream_executor/platform/default/dso_loader.cc:44] Successfully opened dynamic library libcudart.so.10.0
2020-03-14 04:16:05.151040: I tensorflow/stream_executor/platform/default/dso_loader.cc:44] Successfully opened dynamic library libcublas.so.10.0
2020-03-14 04:16:05.151050: I tensorflow/stream_executor/platform/default/dso_loader.cc:44] Successfully opened dynamic library libcufft.so.10.0
2020-03-14 04:16:05.151059: I tensorflow/stream_executor/platform/default/dso_loader.cc:44] Successfully opened dynamic library libcurand.so.10.0
2020-03-14 04:16:05.151068: I tensorflow/stream_executor/platform/default/dso_loader.cc:44] Successfully opened dynamic library libcusolver.so.10.0
2020-03-14 04:16:05.151076: I tensorflow/stream_executor/platform/default/dso_loader.cc:44] Successfully opened dynamic library libcusparse.so.10.0
2020-03-14 04:16:05.151086: I tensorflow/stream_executor/platform/default/dso_loader.cc:44] Successfully opened dynamic library libcudnn.so.7
2020-03-14 04:16:05.151144: I tensorflow/stream_executor/cuda/cuda_gpu_executor.cc:1006] successful NUMA node read from SysFS had negative value (-1), but there must be at least one NUMA node, so returning NUMA node zero
2020-03-14 04:16:05.154074: I tensorflow/stream_executor/cuda/cuda_gpu_executor.cc:1006] successful NUMA node read from SysFS had negative value (-1), but there must be at least one NUMA node, so returning NUMA node zero
2020-03-14 04:16:05.156993: I tensorflow/core/common_runtime/gpu/gpu_device.cc:1746] Adding visible gpu devices: 0
2020-03-14 04:16:05.171587: I tensorflow/stream_executor/platform/default/dso_loader.cc:44] Successfully opened dynamic library libcudart.so.10.0
2020-03-14 04:16:11.297470: I tensorflow/core/common_runtime/gpu/gpu_device.cc:1159] Device interconnect StreamExecutor with strength 1 edge matrix:
2020-03-14 04:16:11.297525: I tensorflow/core/common_runtime/gpu/gpu_device.cc:1165]      0 
2020-03-14 04:16:11.297533: I tensorflow/core/common_runtime/gpu/gpu_device.cc:1178] 0:   N 
2020-03-14 04:16:11.297891: I tensorflow/stream_executor/cuda/cuda_gpu_executor.cc:1006] successful NUMA node read from SysFS had negative value (-1), but there must be at least one NUMA node, so returning NUMA node zero
2020-03-14 04:16:11.298777: I tensorflow/stream_executor/cuda/cuda_gpu_executor.cc:1006] successful NUMA node read from SysFS had negative value (-1), but there must be at least one NUMA node, so returning NUMA node zero
2020-03-14 04:16:11.299467: I tensorflow/core/common_runtime/gpu/gpu_device.cc:1304] Created TensorFlow device (/job:localhost/replica:0/task:0/device:GPU:0 with 14828 MB memory) -> physical GPU (device: 0, name: Tesla V100-SXM2-16GB, pci bus id: 0000:00:04.0, compute capability: 7.0)
WARNING:tensorflow:From /usr/local/lib/python2.7/dist-packages/tensorflow_core/python/ops/image_ops_impl.py:2487: sample_distorted_bounding_box (from tensorflow.python.ops.image_ops_impl) is deprecated and will be removed in a future version.
Instructions for updating:
`seed2` arg is deprecated.Use sample_distorted_bounding_box_v2 instead.
W0314 04:16:13.468514 140071459022272 deprecation.py:323] From /usr/local/lib/python2.7/dist-packages/tensorflow_core/python/ops/image_ops_impl.py:2487: sample_distorted_bounding_box (from tensorflow.python.ops.image_ops_impl) is deprecated and will be removed in a future version.
Instructions for updating:
`seed2` arg is deprecated.Use sample_distorted_bounding_box_v2 instead.
2020-03-14 04:16:28.892658: I tensorflow/stream_executor/platform/default/dso_loader.cc:44] Successfully opened dynamic library libcublas.so.10.0
2020-03-14 04:16:40.388248: I tensorflow/core/kernels/data/shuffle_dataset_op.cc:143] Filling up shuffle buffer (this may take a while): 2221 of 10000
2020-03-14 04:16:50.343980: I tensorflow/core/kernels/data/shuffle_dataset_op.cc:143] Filling up shuffle buffer (this may take a while): 4681 of 10000
2020-03-14 04:17:00.432725: I tensorflow/core/kernels/data/shuffle_dataset_op.cc:143] Filling up shuffle buffer (this may take a while): 7147 of 10000
2020-03-14 04:17:10.357838: I tensorflow/core/kernels/data/shuffle_dataset_op.cc:143] Filling up shuffle buffer (this may take a while): 9369 of 10000
2020-03-14 04:17:12.598648: I tensorflow/core/kernels/data/shuffle_dataset_op.cc:193] Shuffle buffer filled.
2020-03-14 04:17:13.198557: I tensorflow/stream_executor/platform/default/dso_loader.cc:44] Successfully opened dynamic library libcudnn.so.7
2020-03-14 04:17:26.893886: I tensorflow/core/profiler/lib/profiler_session.cc:184] Profiler session started.
2020-03-14 04:17:27.168258: I tensorflow/stream_executor/platform/default/dso_loader.cc:44] Successfully opened dynamic library libcupti.so.10.0
2020-03-14 04:17:28.614219: I tensorflow/core/platform/default/device_tracer.cc:588] Collecting 2157 kernel records, 872 memcpy records.
WARNING:tensorflow:Method (on_train_batch_end) is slow compared to the batch update (0.717984). Check your callbacks.
W0314 04:17:28.842780 140071459022272 callbacks.py:244] Method (on_train_batch_end) is slow compared to the batch update (0.717984). Check your callbacks.
I0314 04:23:50.918025 140071459022272 keras_utils.py:88] BenchmarkMetric: {'global step':100, 'time_taken': 452.807551,'examples_per_second': 28.268080}
I0314 04:28:38.521626 140071459022272 keras_utils.py:88] BenchmarkMetric: {'global step':200, 'time_taken': 287.603692,'examples_per_second': 44.505687}
I0314 04:32:17.757539 140071459022272 keras_utils.py:88] BenchmarkMetric: {'global step':300, 'time_taken': 219.235910,'examples_per_second': 58.384596}
I0314 04:34:47.529189 140071459022272 keras_utils.py:88] BenchmarkMetric: {'global step':400, 'time_taken': 149.771635,'examples_per_second': 85.463446}
I0314 04:36:44.523030 140071459022272 keras_utils.py:88] BenchmarkMetric: {'global step':500, 'time_taken': 116.993856,'examples_per_second': 109.407455}
I0314 04:38:10.376854 140071459022272 keras_utils.py:96] BenchmarkMetric: {'epoch':0, 'time_taken': 1312.614487}
I0314 04:39:29.278090 140071459022272 keras_utils.py:88] BenchmarkMetric: {'global step':600, 'time_taken': 164.755033,'examples_per_second': 77.691102}
I0314 04:40:44.756079 140071459022272 keras_utils.py:88] BenchmarkMetric: {'global step':700, 'time_taken': 75.478006,'examples_per_second': 169.585826}
I0314 04:41:52.944879 140071459022272 keras_utils.py:88] BenchmarkMetric: {'global step':800, 'time_taken': 68.188797,'examples_per_second': 187.714120}
I0314 04:43:01.604779 140071459022272 keras_utils.py:88] BenchmarkMetric: {'global step':900, 'time_taken': 68.659903,'examples_per_second': 186.426130}
I0314 04:44:10.613787 140071459022272 keras_utils.py:88] BenchmarkMetric: {'global step':1000, 'time_taken': 69.009016,'examples_per_second': 185.483010}
I0314 04:44:59.380779 140071459022272 keras_utils.py:96] BenchmarkMetric: {'epoch':1, 'time_taken': 407.437844}
I0314 04:46:09.124294 140071459022272 keras_utils.py:88] BenchmarkMetric: {'global step':1100, 'time_taken': 118.510496,'examples_per_second': 108.007311}
I0314 04:47:18.211915 140071459022272 keras_utils.py:88] BenchmarkMetric: {'global step':1200, 'time_taken': 69.087641,'examples_per_second': 185.271921}
I0314 04:48:26.345654 140071459022272 keras_utils.py:88] BenchmarkMetric: {'global step':1300, 'time_taken': 68.133738,'examples_per_second': 187.865812}
I0314 04:49:35.438865 140071459022272 keras_utils.py:88] BenchmarkMetric: {'global step':1400, 'time_taken': 69.093193,'examples_per_second': 185.257034}
I0314 04:50:43.883348 140071459022272 keras_utils.py:88] BenchmarkMetric: {'global step':1500, 'time_taken': 68.444503,'examples_per_second': 187.012827}
I0314 04:51:32.715042 140071459022272 keras_utils.py:96] BenchmarkMetric: {'epoch':2, 'time_taken': 392.234132}
I0314 04:52:41.910958 140071459022272 keras_utils.py:88] BenchmarkMetric: {'global step':1600, 'time_taken': 118.027580,'examples_per_second': 108.449229}
I0314 04:53:50.522566 140071459022272 keras_utils.py:88] BenchmarkMetric: {'global step':1700, 'time_taken': 68.611635,'examples_per_second': 186.557280}
I0314 04:54:59.641254 140071459022272 keras_utils.py:88] BenchmarkMetric: {'global step':1800, 'time_taken': 69.118673,'examples_per_second': 185.188740}
I0314 04:56:08.165636 140071459022272 keras_utils.py:88] BenchmarkMetric: {'global step':1900, 'time_taken': 68.524389,'examples_per_second': 186.794807}
I0314 04:57:17.159735 140071459022272 keras_utils.py:88] BenchmarkMetric: {'global step':2000, 'time_taken': 68.994110,'examples_per_second': 185.523083}
I0314 04:58:05.935538 140071459022272 keras_utils.py:96] BenchmarkMetric: {'epoch':3, 'time_taken': 392.419063}
I0314 04:59:15.658127 140071459022272 keras_utils.py:88] BenchmarkMetric: {'global step':2100, 'time_taken': 118.498385,'examples_per_second': 108.018350}
I0314 05:00:24.094221 140071459022272 keras_utils.py:88] BenchmarkMetric: {'global step':2200, 'time_taken': 68.436096,'examples_per_second': 187.035800}
I0314 05:01:32.420999 140071459022272 keras_utils.py:88] BenchmarkMetric: {'global step':2300, 'time_taken': 68.326765,'examples_per_second': 187.335081}
I0314 05:02:40.629195 140071459022272 keras_utils.py:88] BenchmarkMetric: {'global step':2400, 'time_taken': 68.208198,'examples_per_second': 187.660726}
I0314 05:03:48.594805 140071459022272 keras_utils.py:88] BenchmarkMetric: {'global step':2500, 'time_taken': 67.965607,'examples_per_second': 188.330548}
I0314 05:04:37.536190 140071459022272 keras_utils.py:96] BenchmarkMetric: {'epoch':4, 'time_taken': 390.577469}
I0314 05:05:47.077666 140071459022272 keras_utils.py:88] BenchmarkMetric: {'global step':2600, 'time_taken': 118.482856,'examples_per_second': 108.032507}
I0314 05:06:56.164484 140071459022272 keras_utils.py:88] BenchmarkMetric: {'global step':2700, 'time_taken': 69.086839,'examples_per_second': 185.274072}
I0314 05:08:05.635449 140071459022272 keras_utils.py:88] BenchmarkMetric: {'global step':2800, 'time_taken': 69.470950,'examples_per_second': 184.249675}
I0314 05:09:14.703653 140071459022272 keras_utils.py:88] BenchmarkMetric: {'global step':2900, 'time_taken': 69.068207,'examples_per_second': 185.324052}
I0314 05:10:23.280921 140071459022272 keras_utils.py:88] BenchmarkMetric: {'global step':3000, 'time_taken': 68.577259,'examples_per_second': 186.650797}
I0314 05:11:12.315438 140071459022272 keras_utils.py:96] BenchmarkMetric: {'epoch':5, 'time_taken': 393.771065}
I0314 05:12:21.855057 140071459022272 keras_utils.py:88] BenchmarkMetric: {'global step':3100, 'time_taken': 118.574155,'examples_per_second': 107.949325}
I0314 05:13:30.335108 140071459022272 keras_utils.py:88] BenchmarkMetric: {'global step':3200, 'time_taken': 68.480054,'examples_per_second': 186.915741}
I0314 05:14:38.362809 140071459022272 keras_utils.py:88] BenchmarkMetric: {'global step':3300, 'time_taken': 68.027694,'examples_per_second': 188.158663}
I0314 05:15:47.104515 140071459022272 keras_utils.py:88] BenchmarkMetric: {'global step':3400, 'time_taken': 68.741701,'examples_per_second': 186.204296}
I0314 05:16:55.232289 140071459022272 keras_utils.py:88] BenchmarkMetric: {'global step':3500, 'time_taken': 68.127745,'examples_per_second': 187.882338}
I0314 05:17:44.084670 140071459022272 keras_utils.py:96] BenchmarkMetric: {'epoch':6, 'time_taken': 391.404238}
I0314 05:18:52.937370 140071459022272 keras_utils.py:88] BenchmarkMetric: {'global step':3600, 'time_taken': 117.705110,'examples_per_second': 108.746341}
I0314 05:20:01.435998 140071459022272 keras_utils.py:88] BenchmarkMetric: {'global step':3700, 'time_taken': 68.498601,'examples_per_second': 186.865130}
I0314 05:21:09.535248 140071459022272 keras_utils.py:88] BenchmarkMetric: {'global step':3800, 'time_taken': 68.099276,'examples_per_second': 187.960882}
I0314 05:22:18.569829 140071459022272 keras_utils.py:88] BenchmarkMetric: {'global step':3900, 'time_taken': 69.034579,'examples_per_second': 185.414327}
I0314 05:23:27.059098 140071459022272 keras_utils.py:88] BenchmarkMetric: {'global step':4000, 'time_taken': 68.489266,'examples_per_second': 186.890600}
I0314 05:24:16.036235 140071459022272 keras_utils.py:96] BenchmarkMetric: {'epoch':7, 'time_taken': 390.877941}
I0314 05:25:25.039163 140071459022272 keras_utils.py:88] BenchmarkMetric: {'global step':4100, 'time_taken': 117.980049,'examples_per_second': 108.492920}
I0314 05:26:33.644153 140071459022272 keras_utils.py:88] BenchmarkMetric: {'global step':4200, 'time_taken': 68.605006,'examples_per_second': 186.575306}
I0314 05:27:42.807048 140071459022272 keras_utils.py:88] BenchmarkMetric: {'global step':4300, 'time_taken': 69.162895,'examples_per_second': 185.070333}
I0314 05:28:51.546996 140071459022272 keras_utils.py:88] BenchmarkMetric: {'global step':4400, 'time_taken': 68.739964,'examples_per_second': 186.209001}
I0314 05:30:00.277343 140071459022272 keras_utils.py:88] BenchmarkMetric: {'global step':4500, 'time_taken': 68.730325,'examples_per_second': 186.235115}
I0314 05:30:49.220931 140071459022272 keras_utils.py:96] BenchmarkMetric: {'epoch':8, 'time_taken': 392.147459}
I0314 05:31:57.836132 140071459022272 keras_utils.py:88] BenchmarkMetric: {'global step':4600, 'time_taken': 117.558806,'examples_per_second': 108.881678}
I0314 05:33:06.573772 140071459022272 keras_utils.py:88] BenchmarkMetric: {'global step':4700, 'time_taken': 68.737618,'examples_per_second': 186.215356}
I0314 05:34:15.096286 140071459022272 keras_utils.py:88] BenchmarkMetric: {'global step':4800, 'time_taken': 68.522523,'examples_per_second': 186.799893}
I0314 05:35:24.182857 140071459022272 keras_utils.py:88] BenchmarkMetric: {'global step':4900, 'time_taken': 69.086576,'examples_per_second': 185.274778}
I0314 05:36:32.362010 140071459022272 keras_utils.py:88] BenchmarkMetric: {'global step':5000, 'time_taken': 68.179150,'examples_per_second': 187.740681}
I0314 05:37:21.264198 140071459022272 keras_utils.py:96] BenchmarkMetric: {'epoch':9, 'time_taken': 391.659907}
2020-03-14 05:37:46.111454: W tensorflow/python/util/util.cc:299] Sets are not currently considered sequences, but this may change in the future, so consider avoiding using them.
WARNING:tensorflow:From /usr/local/lib/python2.7/dist-packages/tensorflow_core/python/ops/resource_variable_ops.py:1781: calling __init__ (from tensorflow.python.ops.resource_variable_ops) with constraint is deprecated and will be removed in a future version.
Instructions for updating:
If using Keras pass *_constraint arguments to layers.
W0314 05:38:05.016010 140071459022272 deprecation.py:506] From /usr/local/lib/python2.7/dist-packages/tensorflow_core/python/ops/resource_variable_ops.py:1781: calling __init__ (from tensorflow.python.ops.resource_variable_ops) with constraint is deprecated and will be removed in a future version.
Instructions for updating:
If using Keras pass *_constraint arguments to layers.
INFO:tensorflow:Assets written to: ./saved-models/8_straggler_on_reshape_off/saved_model/assets
I0314 05:38:07.926811 140071459022272 builder_impl.py:771] Assets written to: ./saved-models/8_straggler_on_reshape_off/saved_model/assets
I0314 05:38:49.171521 140071459022272 kungfu_resnet_main.py:270] Run stats:
{'loss': 4.186772221088409, 'training_accuracy_top_1': 0.3402656316757202, 'step_timestamp_log': ['BatchTimestamp<batch_index: 1, timestamp: 1584159378.11>', 'BatchTimestamp<batch_index: 100, timestamp: 1584159830.92>', 'BatchTimestamp<batch_index: 200, timestamp: 1584160118.52>', 'BatchTimestamp<batch_index: 300, timestamp: 1584160337.76>', 'BatchTimestamp<batch_index: 400, timestamp: 1584160487.53>', 'BatchTimestamp<batch_index: 500, timestamp: 1584160604.52>', 'BatchTimestamp<batch_index: 600, timestamp: 1584160769.28>', 'BatchTimestamp<batch_index: 700, timestamp: 1584160844.76>', 'BatchTimestamp<batch_index: 800, timestamp: 1584160912.94>', 'BatchTimestamp<batch_index: 900, timestamp: 1584160981.6>', 'BatchTimestamp<batch_index: 1000, timestamp: 1584161050.61>', 'BatchTimestamp<batch_index: 1100, timestamp: 1584161169.12>', 'BatchTimestamp<batch_index: 1200, timestamp: 1584161238.21>', 'BatchTimestamp<batch_index: 1300, timestamp: 1584161306.35>', 'BatchTimestamp<batch_index: 1400, timestamp: 1584161375.44>', 'BatchTimestamp<batch_index: 1500, timestamp: 1584161443.88>', 'BatchTimestamp<batch_index: 1600, timestamp: 1584161561.91>', 'BatchTimestamp<batch_index: 1700, timestamp: 1584161630.52>', 'BatchTimestamp<batch_index: 1800, timestamp: 1584161699.64>', 'BatchTimestamp<batch_index: 1900, timestamp: 1584161768.17>', 'BatchTimestamp<batch_index: 2000, timestamp: 1584161837.16>', 'BatchTimestamp<batch_index: 2100, timestamp: 1584161955.66>', 'BatchTimestamp<batch_index: 2200, timestamp: 1584162024.09>', 'BatchTimestamp<batch_index: 2300, timestamp: 1584162092.42>', 'BatchTimestamp<batch_index: 2400, timestamp: 1584162160.63>', 'BatchTimestamp<batch_index: 2500, timestamp: 1584162228.59>', 'BatchTimestamp<batch_index: 2600, timestamp: 1584162347.08>', 'BatchTimestamp<batch_index: 2700, timestamp: 1584162416.16>', 'BatchTimestamp<batch_index: 2800, timestamp: 1584162485.64>', 'BatchTimestamp<batch_index: 2900, timestamp: 1584162554.7>', 'BatchTimestamp<batch_index: 3000, timestamp: 1584162623.28>', 'BatchTimestamp<batch_index: 3100, timestamp: 1584162741.86>', 'BatchTimestamp<batch_index: 3200, timestamp: 1584162810.34>', 'BatchTimestamp<batch_index: 3300, timestamp: 1584162878.36>', 'BatchTimestamp<batch_index: 3400, timestamp: 1584162947.1>', 'BatchTimestamp<batch_index: 3500, timestamp: 1584163015.23>', 'BatchTimestamp<batch_index: 3600, timestamp: 1584163132.94>', 'BatchTimestamp<batch_index: 3700, timestamp: 1584163201.44>', 'BatchTimestamp<batch_index: 3800, timestamp: 1584163269.54>', 'BatchTimestamp<batch_index: 3900, timestamp: 1584163338.57>', 'BatchTimestamp<batch_index: 4000, timestamp: 1584163407.06>', 'BatchTimestamp<batch_index: 4100, timestamp: 1584163525.04>', 'BatchTimestamp<batch_index: 4200, timestamp: 1584163593.64>', 'BatchTimestamp<batch_index: 4300, timestamp: 1584163662.81>', 'BatchTimestamp<batch_index: 4400, timestamp: 1584163731.55>', 'BatchTimestamp<batch_index: 4500, timestamp: 1584163800.28>', 'BatchTimestamp<batch_index: 4600, timestamp: 1584163917.84>', 'BatchTimestamp<batch_index: 4700, timestamp: 1584163986.57>', 'BatchTimestamp<batch_index: 4800, timestamp: 1584164055.1>', 'BatchTimestamp<batch_index: 4900, timestamp: 1584164124.18>', 'BatchTimestamp<batch_index: 5000, timestamp: 1584164192.36>'], 'accuracy_top_1': 0.34591346979141235, 'avg_exp_per_second': 132.9386271402283, 'train_finish_time': 1584164243.105533, 'eval_loss': 4.08877891699473}
