2020-03-11 14:49:12.925399: I tensorflow/stream_executor/platform/default/dso_loader.cc:44] Successfully opened dynamic library libcudart.so.10.0
2020-03-11 14:49:46.078832: I tensorflow/stream_executor/platform/default/dso_loader.cc:44] Successfully opened dynamic library libcuda.so.1
2020-03-11 14:49:50.441078: I tensorflow/stream_executor/cuda/cuda_gpu_executor.cc:1006] successful NUMA node read from SysFS had negative value (-1), but there must be at least one NUMA node, so returning NUMA node zero
2020-03-11 14:49:50.450112: I tensorflow/core/common_runtime/gpu/gpu_device.cc:1618] Found device 0 with properties: 
name: Tesla V100-SXM2-16GB major: 7 minor: 0 memoryClockRate(GHz): 1.53
pciBusID: 0000:00:05.0
2020-03-11 14:49:50.450156: I tensorflow/stream_executor/platform/default/dso_loader.cc:44] Successfully opened dynamic library libcudart.so.10.0
2020-03-11 14:49:51.181428: I tensorflow/stream_executor/platform/default/dso_loader.cc:44] Successfully opened dynamic library libcublas.so.10.0
2020-03-11 14:49:51.476774: I tensorflow/stream_executor/platform/default/dso_loader.cc:44] Successfully opened dynamic library libcufft.so.10.0
2020-03-11 14:49:51.623598: I tensorflow/stream_executor/platform/default/dso_loader.cc:44] Successfully opened dynamic library libcurand.so.10.0
2020-03-11 14:49:52.380262: I tensorflow/stream_executor/platform/default/dso_loader.cc:44] Successfully opened dynamic library libcusolver.so.10.0
2020-03-11 14:49:52.780535: I tensorflow/stream_executor/platform/default/dso_loader.cc:44] Successfully opened dynamic library libcusparse.so.10.0
2020-03-11 14:49:53.912212: I tensorflow/stream_executor/platform/default/dso_loader.cc:44] Successfully opened dynamic library libcudnn.so.7
2020-03-11 14:49:53.912430: I tensorflow/stream_executor/cuda/cuda_gpu_executor.cc:1006] successful NUMA node read from SysFS had negative value (-1), but there must be at least one NUMA node, so returning NUMA node zero
2020-03-11 14:49:53.915987: I tensorflow/stream_executor/cuda/cuda_gpu_executor.cc:1006] successful NUMA node read from SysFS had negative value (-1), but there must be at least one NUMA node, so returning NUMA node zero
2020-03-11 14:49:53.919038: I tensorflow/core/common_runtime/gpu/gpu_device.cc:1746] Adding visible gpu devices: 0
2020-03-11 14:49:53.932129: I tensorflow/core/platform/cpu_feature_guard.cc:142] Your CPU supports instructions that this TensorFlow binary was not compiled to use: AVX2 FMA
2020-03-11 14:49:54.308987: I tensorflow/core/platform/profile_utils/cpu_utils.cc:94] CPU Frequency: 2300000000 Hz
2020-03-11 14:49:54.310832: I tensorflow/compiler/xla/service/service.cc:168] XLA service 0x5619f6e27e60 executing computations on platform Host. Devices:
2020-03-11 14:49:54.310860: I tensorflow/compiler/xla/service/service.cc:175]   StreamExecutor device (0): Host, Default Version
2020-03-11 14:49:55.029147: I tensorflow/stream_executor/cuda/cuda_gpu_executor.cc:1006] successful NUMA node read from SysFS had negative value (-1), but there must be at least one NUMA node, so returning NUMA node zero
2020-03-11 14:49:55.032706: I tensorflow/compiler/xla/service/service.cc:168] XLA service 0x5619f6e8a880 executing computations on platform CUDA. Devices:
2020-03-11 14:49:55.032736: I tensorflow/compiler/xla/service/service.cc:175]   StreamExecutor device (0): Tesla V100-SXM2-16GB, Compute Capability 7.0
2020-03-11 14:49:55.033001: I tensorflow/stream_executor/cuda/cuda_gpu_executor.cc:1006] successful NUMA node read from SysFS had negative value (-1), but there must be at least one NUMA node, so returning NUMA node zero
2020-03-11 14:49:55.035754: I tensorflow/core/common_runtime/gpu/gpu_device.cc:1618] Found device 0 with properties: 
name: Tesla V100-SXM2-16GB major: 7 minor: 0 memoryClockRate(GHz): 1.53
pciBusID: 0000:00:05.0
2020-03-11 14:49:55.035792: I tensorflow/stream_executor/platform/default/dso_loader.cc:44] Successfully opened dynamic library libcudart.so.10.0
2020-03-11 14:49:55.035826: I tensorflow/stream_executor/platform/default/dso_loader.cc:44] Successfully opened dynamic library libcublas.so.10.0
2020-03-11 14:49:55.035838: I tensorflow/stream_executor/platform/default/dso_loader.cc:44] Successfully opened dynamic library libcufft.so.10.0
2020-03-11 14:49:55.035847: I tensorflow/stream_executor/platform/default/dso_loader.cc:44] Successfully opened dynamic library libcurand.so.10.0
2020-03-11 14:49:55.035858: I tensorflow/stream_executor/platform/default/dso_loader.cc:44] Successfully opened dynamic library libcusolver.so.10.0
2020-03-11 14:49:55.035867: I tensorflow/stream_executor/platform/default/dso_loader.cc:44] Successfully opened dynamic library libcusparse.so.10.0
2020-03-11 14:49:55.035877: I tensorflow/stream_executor/platform/default/dso_loader.cc:44] Successfully opened dynamic library libcudnn.so.7
2020-03-11 14:49:55.035935: I tensorflow/stream_executor/cuda/cuda_gpu_executor.cc:1006] successful NUMA node read from SysFS had negative value (-1), but there must be at least one NUMA node, so returning NUMA node zero
2020-03-11 14:49:55.039299: I tensorflow/stream_executor/cuda/cuda_gpu_executor.cc:1006] successful NUMA node read from SysFS had negative value (-1), but there must be at least one NUMA node, so returning NUMA node zero
2020-03-11 14:49:55.042653: I tensorflow/core/common_runtime/gpu/gpu_device.cc:1746] Adding visible gpu devices: 0
2020-03-11 14:49:55.068783: I tensorflow/stream_executor/platform/default/dso_loader.cc:44] Successfully opened dynamic library libcudart.so.10.0
2020-03-11 14:50:01.446967: I tensorflow/core/common_runtime/gpu/gpu_device.cc:1159] Device interconnect StreamExecutor with strength 1 edge matrix:
2020-03-11 14:50:01.447017: I tensorflow/core/common_runtime/gpu/gpu_device.cc:1165]      0 
2020-03-11 14:50:01.447026: I tensorflow/core/common_runtime/gpu/gpu_device.cc:1178] 0:   N 
2020-03-11 14:50:01.447533: I tensorflow/stream_executor/cuda/cuda_gpu_executor.cc:1006] successful NUMA node read from SysFS had negative value (-1), but there must be at least one NUMA node, so returning NUMA node zero
2020-03-11 14:50:01.449036: I tensorflow/stream_executor/cuda/cuda_gpu_executor.cc:1006] successful NUMA node read from SysFS had negative value (-1), but there must be at least one NUMA node, so returning NUMA node zero
2020-03-11 14:50:01.449784: I tensorflow/core/common_runtime/gpu/gpu_device.cc:1304] Created TensorFlow device (/job:localhost/replica:0/task:0/device:GPU:0 with 14828 MB memory) -> physical GPU (device: 0, name: Tesla V100-SXM2-16GB, pci bus id: 0000:00:05.0, compute capability: 7.0)
WARNING:tensorflow:From /usr/local/lib/python2.7/dist-packages/tensorflow_core/python/ops/image_ops_impl.py:2487: sample_distorted_bounding_box (from tensorflow.python.ops.image_ops_impl) is deprecated and will be removed in a future version.
Instructions for updating:
`seed2` arg is deprecated.Use sample_distorted_bounding_box_v2 instead.
W0311 14:50:03.726289 140634349553088 deprecation.py:323] From /usr/local/lib/python2.7/dist-packages/tensorflow_core/python/ops/image_ops_impl.py:2487: sample_distorted_bounding_box (from tensorflow.python.ops.image_ops_impl) is deprecated and will be removed in a future version.
Instructions for updating:
`seed2` arg is deprecated.Use sample_distorted_bounding_box_v2 instead.
2020-03-11 14:50:18.685867: I tensorflow/stream_executor/platform/default/dso_loader.cc:44] Successfully opened dynamic library libcublas.so.10.0
2020-03-11 14:50:30.205890: I tensorflow/core/kernels/data/shuffle_dataset_op.cc:143] Filling up shuffle buffer (this may take a while): 2242 of 10000
2020-03-11 14:50:40.204710: I tensorflow/core/kernels/data/shuffle_dataset_op.cc:143] Filling up shuffle buffer (this may take a while): 4552 of 10000
2020-03-11 14:50:50.193167: I tensorflow/core/kernels/data/shuffle_dataset_op.cc:143] Filling up shuffle buffer (this may take a while): 6966 of 10000
2020-03-11 14:51:00.182243: I tensorflow/core/kernels/data/shuffle_dataset_op.cc:143] Filling up shuffle buffer (this may take a while): 9684 of 10000
2020-03-11 14:51:01.294644: I tensorflow/core/kernels/data/shuffle_dataset_op.cc:193] Shuffle buffer filled.
2020-03-11 14:51:02.764166: I tensorflow/stream_executor/platform/default/dso_loader.cc:44] Successfully opened dynamic library libcudnn.so.7
WARNING:tensorflow:Method (on_train_batch_end) is slow compared to the batch update (0.570212). Check your callbacks.
W0311 14:51:15.133213 140634349553088 callbacks.py:244] Method (on_train_batch_end) is slow compared to the batch update (0.570212). Check your callbacks.
I0311 14:54:28.447185 140634349553088 keras_utils.py:88] BenchmarkMetric: {'global step':100, 'time_taken': 260.038657,'examples_per_second': 49.223451}
I0311 14:57:21.216095 140634349553088 keras_utils.py:88] BenchmarkMetric: {'global step':200, 'time_taken': 172.768957,'examples_per_second': 74.087384}
I0311 14:59:54.715152 140634349553088 keras_utils.py:88] BenchmarkMetric: {'global step':300, 'time_taken': 153.499054,'examples_per_second': 83.388136}
I0311 15:02:07.321171 140634349553088 keras_utils.py:88] BenchmarkMetric: {'global step':400, 'time_taken': 132.606023,'examples_per_second': 96.526536}
I0311 15:04:14.833180 140634349553088 keras_utils.py:88] BenchmarkMetric: {'global step':500, 'time_taken': 127.512006,'examples_per_second': 100.382704}
I0311 15:05:40.197824 140634349553088 keras_utils.py:96] BenchmarkMetric: {'epoch':0, 'time_taken': 932.429255}
I0311 15:07:20.468864 140634349553088 keras_utils.py:88] BenchmarkMetric: {'global step':600, 'time_taken': 185.635682,'examples_per_second': 68.952261}
I0311 15:08:38.417687 140634349553088 keras_utils.py:88] BenchmarkMetric: {'global step':700, 'time_taken': 77.948830,'examples_per_second': 164.210290}
I0311 15:09:36.141442 140634349553088 keras_utils.py:88] BenchmarkMetric: {'global step':800, 'time_taken': 57.723745,'examples_per_second': 221.745835}
I0311 15:10:31.052063 140634349553088 keras_utils.py:88] BenchmarkMetric: {'global step':900, 'time_taken': 54.910615,'examples_per_second': 233.106112}
I0311 15:11:23.156078 140634349553088 keras_utils.py:88] BenchmarkMetric: {'global step':1000, 'time_taken': 52.104029,'examples_per_second': 245.662385}
I0311 15:12:16.815094 140634349553088 keras_utils.py:96] BenchmarkMetric: {'epoch':1, 'time_taken': 396.616751}
I0311 15:12:58.265424 140634349553088 kungfu_resnet_main.py:270] Run stats:
{'loss': 11.582078716278076, 'training_accuracy_top_1': 0.010499999858438969, 'step_timestamp_log': ['BatchTimestamp<batch_index: 1, timestamp: 1583938208.41>', 'BatchTimestamp<batch_index: 100, timestamp: 1583938468.45>', 'BatchTimestamp<batch_index: 200, timestamp: 1583938641.22>', 'BatchTimestamp<batch_index: 300, timestamp: 1583938794.72>', 'BatchTimestamp<batch_index: 400, timestamp: 1583938927.32>', 'BatchTimestamp<batch_index: 500, timestamp: 1583939054.83>', 'BatchTimestamp<batch_index: 600, timestamp: 1583939240.47>', 'BatchTimestamp<batch_index: 700, timestamp: 1583939318.42>', 'BatchTimestamp<batch_index: 800, timestamp: 1583939376.14>', 'BatchTimestamp<batch_index: 900, timestamp: 1583939431.05>', 'BatchTimestamp<batch_index: 1000, timestamp: 1583939483.16>'], 'accuracy_top_1': 0.025340544059872627, 'avg_exp_per_second': 100.4120346706832, 'train_finish_time': 1583939536.815915, 'eval_loss': 10.862784221844796}
