2020-03-11 14:49:12.925399: I tensorflow/stream_executor/platform/default/dso_loader.cc:44] Successfully opened dynamic library libcudart.so.10.0
2020-03-11 14:49:46.078828: I tensorflow/stream_executor/platform/default/dso_loader.cc:44] Successfully opened dynamic library libcuda.so.1
2020-03-11 14:49:50.410337: I tensorflow/stream_executor/cuda/cuda_gpu_executor.cc:1006] successful NUMA node read from SysFS had negative value (-1), but there must be at least one NUMA node, so returning NUMA node zero
2020-03-11 14:49:50.420220: I tensorflow/core/common_runtime/gpu/gpu_device.cc:1618] Found device 0 with properties: 
name: Tesla V100-SXM2-16GB major: 7 minor: 0 memoryClockRate(GHz): 1.53
pciBusID: 0000:00:04.0
2020-03-11 14:49:50.420263: I tensorflow/stream_executor/platform/default/dso_loader.cc:44] Successfully opened dynamic library libcudart.so.10.0
2020-03-11 14:49:51.181431: I tensorflow/stream_executor/platform/default/dso_loader.cc:44] Successfully opened dynamic library libcublas.so.10.0
2020-03-11 14:49:51.476774: I tensorflow/stream_executor/platform/default/dso_loader.cc:44] Successfully opened dynamic library libcufft.so.10.0
2020-03-11 14:49:51.623588: I tensorflow/stream_executor/platform/default/dso_loader.cc:44] Successfully opened dynamic library libcurand.so.10.0
2020-03-11 14:49:52.380248: I tensorflow/stream_executor/platform/default/dso_loader.cc:44] Successfully opened dynamic library libcusolver.so.10.0
2020-03-11 14:49:52.780538: I tensorflow/stream_executor/platform/default/dso_loader.cc:44] Successfully opened dynamic library libcusparse.so.10.0
2020-03-11 14:49:53.912213: I tensorflow/stream_executor/platform/default/dso_loader.cc:44] Successfully opened dynamic library libcudnn.so.7
2020-03-11 14:49:53.912430: I tensorflow/stream_executor/cuda/cuda_gpu_executor.cc:1006] successful NUMA node read from SysFS had negative value (-1), but there must be at least one NUMA node, so returning NUMA node zero
2020-03-11 14:49:53.916052: I tensorflow/stream_executor/cuda/cuda_gpu_executor.cc:1006] successful NUMA node read from SysFS had negative value (-1), but there must be at least one NUMA node, so returning NUMA node zero
2020-03-11 14:49:53.919231: I tensorflow/core/common_runtime/gpu/gpu_device.cc:1746] Adding visible gpu devices: 0
2020-03-11 14:49:53.932129: I tensorflow/core/platform/cpu_feature_guard.cc:142] Your CPU supports instructions that this TensorFlow binary was not compiled to use: AVX2 FMA
2020-03-11 14:49:54.308980: I tensorflow/core/platform/profile_utils/cpu_utils.cc:94] CPU Frequency: 2300000000 Hz
2020-03-11 14:49:54.311072: I tensorflow/compiler/xla/service/service.cc:168] XLA service 0x56522d1ffcc0 executing computations on platform Host. Devices:
2020-03-11 14:49:54.311105: I tensorflow/compiler/xla/service/service.cc:175]   StreamExecutor device (0): Host, Default Version
2020-03-11 14:49:55.029377: I tensorflow/stream_executor/cuda/cuda_gpu_executor.cc:1006] successful NUMA node read from SysFS had negative value (-1), but there must be at least one NUMA node, so returning NUMA node zero
2020-03-11 14:49:55.033092: I tensorflow/compiler/xla/service/service.cc:168] XLA service 0x56522d262730 executing computations on platform CUDA. Devices:
2020-03-11 14:49:55.033117: I tensorflow/compiler/xla/service/service.cc:175]   StreamExecutor device (0): Tesla V100-SXM2-16GB, Compute Capability 7.0
2020-03-11 14:49:55.033351: I tensorflow/stream_executor/cuda/cuda_gpu_executor.cc:1006] successful NUMA node read from SysFS had negative value (-1), but there must be at least one NUMA node, so returning NUMA node zero
2020-03-11 14:49:55.036768: I tensorflow/core/common_runtime/gpu/gpu_device.cc:1618] Found device 0 with properties: 
name: Tesla V100-SXM2-16GB major: 7 minor: 0 memoryClockRate(GHz): 1.53
pciBusID: 0000:00:04.0
2020-03-11 14:49:55.036809: I tensorflow/stream_executor/platform/default/dso_loader.cc:44] Successfully opened dynamic library libcudart.so.10.0
2020-03-11 14:49:55.036839: I tensorflow/stream_executor/platform/default/dso_loader.cc:44] Successfully opened dynamic library libcublas.so.10.0
2020-03-11 14:49:55.036849: I tensorflow/stream_executor/platform/default/dso_loader.cc:44] Successfully opened dynamic library libcufft.so.10.0
2020-03-11 14:49:55.036859: I tensorflow/stream_executor/platform/default/dso_loader.cc:44] Successfully opened dynamic library libcurand.so.10.0
2020-03-11 14:49:55.036868: I tensorflow/stream_executor/platform/default/dso_loader.cc:44] Successfully opened dynamic library libcusolver.so.10.0
2020-03-11 14:49:55.036877: I tensorflow/stream_executor/platform/default/dso_loader.cc:44] Successfully opened dynamic library libcusparse.so.10.0
2020-03-11 14:49:55.036898: I tensorflow/stream_executor/platform/default/dso_loader.cc:44] Successfully opened dynamic library libcudnn.so.7
2020-03-11 14:49:55.036948: I tensorflow/stream_executor/cuda/cuda_gpu_executor.cc:1006] successful NUMA node read from SysFS had negative value (-1), but there must be at least one NUMA node, so returning NUMA node zero
2020-03-11 14:49:55.040157: I tensorflow/stream_executor/cuda/cuda_gpu_executor.cc:1006] successful NUMA node read from SysFS had negative value (-1), but there must be at least one NUMA node, so returning NUMA node zero
2020-03-11 14:49:55.043409: I tensorflow/core/common_runtime/gpu/gpu_device.cc:1746] Adding visible gpu devices: 0
2020-03-11 14:49:55.068811: I tensorflow/stream_executor/platform/default/dso_loader.cc:44] Successfully opened dynamic library libcudart.so.10.0
2020-03-11 14:50:01.492711: I tensorflow/core/common_runtime/gpu/gpu_device.cc:1159] Device interconnect StreamExecutor with strength 1 edge matrix:
2020-03-11 14:50:01.492760: I tensorflow/core/common_runtime/gpu/gpu_device.cc:1165]      0 
2020-03-11 14:50:01.492772: I tensorflow/core/common_runtime/gpu/gpu_device.cc:1178] 0:   N 
2020-03-11 14:50:01.493154: I tensorflow/stream_executor/cuda/cuda_gpu_executor.cc:1006] successful NUMA node read from SysFS had negative value (-1), but there must be at least one NUMA node, so returning NUMA node zero
2020-03-11 14:50:01.493894: I tensorflow/stream_executor/cuda/cuda_gpu_executor.cc:1006] successful NUMA node read from SysFS had negative value (-1), but there must be at least one NUMA node, so returning NUMA node zero
2020-03-11 14:50:01.494550: I tensorflow/core/common_runtime/gpu/gpu_device.cc:1304] Created TensorFlow device (/job:localhost/replica:0/task:0/device:GPU:0 with 14828 MB memory) -> physical GPU (device: 0, name: Tesla V100-SXM2-16GB, pci bus id: 0000:00:04.0, compute capability: 7.0)
WARNING:tensorflow:From /usr/local/lib/python2.7/dist-packages/tensorflow_core/python/ops/image_ops_impl.py:2487: sample_distorted_bounding_box (from tensorflow.python.ops.image_ops_impl) is deprecated and will be removed in a future version.
Instructions for updating:
`seed2` arg is deprecated.Use sample_distorted_bounding_box_v2 instead.
W0311 14:50:03.729005 140624632845760 deprecation.py:323] From /usr/local/lib/python2.7/dist-packages/tensorflow_core/python/ops/image_ops_impl.py:2487: sample_distorted_bounding_box (from tensorflow.python.ops.image_ops_impl) is deprecated and will be removed in a future version.
Instructions for updating:
`seed2` arg is deprecated.Use sample_distorted_bounding_box_v2 instead.
2020-03-11 14:50:18.685394: I tensorflow/stream_executor/platform/default/dso_loader.cc:44] Successfully opened dynamic library libcublas.so.10.0
2020-03-11 14:50:30.192237: I tensorflow/core/kernels/data/shuffle_dataset_op.cc:143] Filling up shuffle buffer (this may take a while): 2296 of 10000
2020-03-11 14:50:40.181726: I tensorflow/core/kernels/data/shuffle_dataset_op.cc:143] Filling up shuffle buffer (this may take a while): 4726 of 10000
2020-03-11 14:50:50.193812: I tensorflow/core/kernels/data/shuffle_dataset_op.cc:143] Filling up shuffle buffer (this may take a while): 6963 of 10000
2020-03-11 14:51:00.194245: I tensorflow/core/kernels/data/shuffle_dataset_op.cc:143] Filling up shuffle buffer (this may take a while): 9575 of 10000
2020-03-11 14:51:01.917038: I tensorflow/core/kernels/data/shuffle_dataset_op.cc:193] Shuffle buffer filled.
2020-03-11 14:51:02.764206: I tensorflow/stream_executor/platform/default/dso_loader.cc:44] Successfully opened dynamic library libcudnn.so.7
2020-03-11 14:51:13.483133: I tensorflow/core/profiler/lib/profiler_session.cc:184] Profiler session started.
2020-03-11 14:51:13.736139: I tensorflow/stream_executor/platform/default/dso_loader.cc:44] Successfully opened dynamic library libcupti.so.10.0
2020-03-11 14:51:15.209268: I tensorflow/core/platform/default/device_tracer.cc:588] Collecting 2156 kernel records, 872 memcpy records.
WARNING:tensorflow:Method (on_train_batch_end) is slow compared to the batch update (0.765303). Check your callbacks.
W0311 14:51:15.529706 140624632845760 callbacks.py:244] Method (on_train_batch_end) is slow compared to the batch update (0.765303). Check your callbacks.
I0311 14:54:28.447227 140624632845760 keras_utils.py:88] BenchmarkMetric: {'global step':100, 'time_taken': 260.038656,'examples_per_second': 49.223451}
I0311 14:57:21.215447 140624632845760 keras_utils.py:88] BenchmarkMetric: {'global step':200, 'time_taken': 172.768297,'examples_per_second': 74.087667}
I0311 14:59:54.717014 140624632845760 keras_utils.py:88] BenchmarkMetric: {'global step':300, 'time_taken': 153.501561,'examples_per_second': 83.386774}
I0311 15:02:07.320864 140624632845760 keras_utils.py:88] BenchmarkMetric: {'global step':400, 'time_taken': 132.603854,'examples_per_second': 96.528115}
I0311 15:04:14.833369 140624632845760 keras_utils.py:88] BenchmarkMetric: {'global step':500, 'time_taken': 127.512515,'examples_per_second': 100.382304}
I0311 15:05:40.244050 140624632845760 keras_utils.py:96] BenchmarkMetric: {'epoch':0, 'time_taken': 932.093215}
I0311 15:07:20.468739 140624632845760 keras_utils.py:88] BenchmarkMetric: {'global step':600, 'time_taken': 185.635360,'examples_per_second': 68.952381}
I0311 15:08:38.417748 140624632845760 keras_utils.py:88] BenchmarkMetric: {'global step':700, 'time_taken': 77.948996,'examples_per_second': 164.209940}
I0311 15:09:36.139458 140624632845760 keras_utils.py:88] BenchmarkMetric: {'global step':800, 'time_taken': 57.721729,'examples_per_second': 221.753579}
I0311 15:10:31.052927 140624632845760 keras_utils.py:88] BenchmarkMetric: {'global step':900, 'time_taken': 54.913433,'examples_per_second': 233.094151}
I0311 15:11:23.156119 140624632845760 keras_utils.py:88] BenchmarkMetric: {'global step':1000, 'time_taken': 52.103230,'examples_per_second': 245.666152}
I0311 15:12:18.966953 140624632845760 keras_utils.py:96] BenchmarkMetric: {'epoch':1, 'time_taken': 392.986164}
2020-03-11 15:12:42.575362: W tensorflow/python/util/util.cc:299] Sets are not currently considered sequences, but this may change in the future, so consider avoiding using them.
WARNING:tensorflow:From /usr/local/lib/python2.7/dist-packages/tensorflow_core/python/ops/resource_variable_ops.py:1781: calling __init__ (from tensorflow.python.ops.resource_variable_ops) with constraint is deprecated and will be removed in a future version.
Instructions for updating:
If using Keras pass *_constraint arguments to layers.
W0311 15:12:59.210119 140624632845760 deprecation.py:506] From /usr/local/lib/python2.7/dist-packages/tensorflow_core/python/ops/resource_variable_ops.py:1781: calling __init__ (from tensorflow.python.ops.resource_variable_ops) with constraint is deprecated and will be removed in a future version.
Instructions for updating:
If using Keras pass *_constraint arguments to layers.
INFO:tensorflow:Assets written to: ./saved-models/16_straggler_on_reshape_on/saved_model/assets
I0311 15:13:02.594089 140624632845760 builder_impl.py:771] Assets written to: ./saved-models/16_straggler_on_reshape_on/saved_model/assets
I0311 15:13:44.330086 140624632845760 kungfu_resnet_main.py:270] Run stats:
{'loss': 11.589355543136596, 'training_accuracy_top_1': 0.01034375000745058, 'step_timestamp_log': ['BatchTimestamp<batch_index: 1, timestamp: 1583938208.41>', 'BatchTimestamp<batch_index: 100, timestamp: 1583938468.45>', 'BatchTimestamp<batch_index: 200, timestamp: 1583938641.22>', 'BatchTimestamp<batch_index: 300, timestamp: 1583938794.72>', 'BatchTimestamp<batch_index: 400, timestamp: 1583938927.32>', 'BatchTimestamp<batch_index: 500, timestamp: 1583939054.83>', 'BatchTimestamp<batch_index: 600, timestamp: 1583939240.47>', 'BatchTimestamp<batch_index: 700, timestamp: 1583939318.42>', 'BatchTimestamp<batch_index: 800, timestamp: 1583939376.14>', 'BatchTimestamp<batch_index: 900, timestamp: 1583939431.05>', 'BatchTimestamp<batch_index: 1000, timestamp: 1583939483.16>'], 'accuracy_top_1': 0.025701122358441353, 'avg_exp_per_second': 100.41203206022676, 'train_finish_time': 1583939540.051223, 'eval_loss': 10.890862398881179}
