2020-03-11 16:05:23.631834: I tensorflow/stream_executor/platform/default/dso_loader.cc:44] Successfully opened dynamic library libcudart.so.10.0
2020-03-11 16:05:25.211565: I tensorflow/stream_executor/platform/default/dso_loader.cc:44] Successfully opened dynamic library libcuda.so.1
2020-03-11 16:05:29.129261: I tensorflow/stream_executor/cuda/cuda_gpu_executor.cc:1006] successful NUMA node read from SysFS had negative value (-1), but there must be at least one NUMA node, so returning NUMA node zero
2020-03-11 16:05:29.133658: I tensorflow/core/common_runtime/gpu/gpu_device.cc:1618] Found device 0 with properties: 
name: Tesla V100-SXM2-16GB major: 7 minor: 0 memoryClockRate(GHz): 1.53
pciBusID: 0000:00:04.0
2020-03-11 16:05:29.133709: I tensorflow/stream_executor/platform/default/dso_loader.cc:44] Successfully opened dynamic library libcudart.so.10.0
2020-03-11 16:05:29.134864: I tensorflow/stream_executor/platform/default/dso_loader.cc:44] Successfully opened dynamic library libcublas.so.10.0
2020-03-11 16:05:29.136084: I tensorflow/stream_executor/platform/default/dso_loader.cc:44] Successfully opened dynamic library libcufft.so.10.0
2020-03-11 16:05:29.136389: I tensorflow/stream_executor/platform/default/dso_loader.cc:44] Successfully opened dynamic library libcurand.so.10.0
2020-03-11 16:05:29.137986: I tensorflow/stream_executor/platform/default/dso_loader.cc:44] Successfully opened dynamic library libcusolver.so.10.0
2020-03-11 16:05:29.139251: I tensorflow/stream_executor/platform/default/dso_loader.cc:44] Successfully opened dynamic library libcusparse.so.10.0
2020-03-11 16:05:29.143173: I tensorflow/stream_executor/platform/default/dso_loader.cc:44] Successfully opened dynamic library libcudnn.so.7
2020-03-11 16:05:29.143297: I tensorflow/stream_executor/cuda/cuda_gpu_executor.cc:1006] successful NUMA node read from SysFS had negative value (-1), but there must be at least one NUMA node, so returning NUMA node zero
2020-03-11 16:05:29.148917: I tensorflow/stream_executor/cuda/cuda_gpu_executor.cc:1006] successful NUMA node read from SysFS had negative value (-1), but there must be at least one NUMA node, so returning NUMA node zero
2020-03-11 16:05:29.154778: I tensorflow/core/common_runtime/gpu/gpu_device.cc:1746] Adding visible gpu devices: 0
2020-03-11 16:05:29.155167: I tensorflow/core/platform/cpu_feature_guard.cc:142] Your CPU supports instructions that this TensorFlow binary was not compiled to use: AVX2 FMA
2020-03-11 16:05:29.163925: I tensorflow/core/platform/profile_utils/cpu_utils.cc:94] CPU Frequency: 2300000000 Hz
2020-03-11 16:05:29.165665: I tensorflow/compiler/xla/service/service.cc:168] XLA service 0x5575c0a64120 executing computations on platform Host. Devices:
2020-03-11 16:05:29.165738: I tensorflow/compiler/xla/service/service.cc:175]   StreamExecutor device (0): Host, Default Version
2020-03-11 16:05:29.568988: I tensorflow/stream_executor/cuda/cuda_gpu_executor.cc:1006] successful NUMA node read from SysFS had negative value (-1), but there must be at least one NUMA node, so returning NUMA node zero
2020-03-11 16:05:29.572263: I tensorflow/compiler/xla/service/service.cc:168] XLA service 0x5575c0ac6b90 executing computations on platform CUDA. Devices:
2020-03-11 16:05:29.572300: I tensorflow/compiler/xla/service/service.cc:175]   StreamExecutor device (0): Tesla V100-SXM2-16GB, Compute Capability 7.0
2020-03-11 16:05:29.572545: I tensorflow/stream_executor/cuda/cuda_gpu_executor.cc:1006] successful NUMA node read from SysFS had negative value (-1), but there must be at least one NUMA node, so returning NUMA node zero
2020-03-11 16:05:29.573225: I tensorflow/core/common_runtime/gpu/gpu_device.cc:1618] Found device 0 with properties: 
name: Tesla V100-SXM2-16GB major: 7 minor: 0 memoryClockRate(GHz): 1.53
pciBusID: 0000:00:04.0
2020-03-11 16:05:29.573271: I tensorflow/stream_executor/platform/default/dso_loader.cc:44] Successfully opened dynamic library libcudart.so.10.0
2020-03-11 16:05:29.573302: I tensorflow/stream_executor/platform/default/dso_loader.cc:44] Successfully opened dynamic library libcublas.so.10.0
2020-03-11 16:05:29.573312: I tensorflow/stream_executor/platform/default/dso_loader.cc:44] Successfully opened dynamic library libcufft.so.10.0
2020-03-11 16:05:29.573320: I tensorflow/stream_executor/platform/default/dso_loader.cc:44] Successfully opened dynamic library libcurand.so.10.0
2020-03-11 16:05:29.573330: I tensorflow/stream_executor/platform/default/dso_loader.cc:44] Successfully opened dynamic library libcusolver.so.10.0
2020-03-11 16:05:29.573338: I tensorflow/stream_executor/platform/default/dso_loader.cc:44] Successfully opened dynamic library libcusparse.so.10.0
2020-03-11 16:05:29.573347: I tensorflow/stream_executor/platform/default/dso_loader.cc:44] Successfully opened dynamic library libcudnn.so.7
2020-03-11 16:05:29.573398: I tensorflow/stream_executor/cuda/cuda_gpu_executor.cc:1006] successful NUMA node read from SysFS had negative value (-1), but there must be at least one NUMA node, so returning NUMA node zero
2020-03-11 16:05:29.575149: I tensorflow/stream_executor/cuda/cuda_gpu_executor.cc:1006] successful NUMA node read from SysFS had negative value (-1), but there must be at least one NUMA node, so returning NUMA node zero
2020-03-11 16:05:29.577116: I tensorflow/core/common_runtime/gpu/gpu_device.cc:1746] Adding visible gpu devices: 0
2020-03-11 16:05:29.577200: I tensorflow/stream_executor/platform/default/dso_loader.cc:44] Successfully opened dynamic library libcudart.so.10.0
2020-03-11 16:05:30.143968: I tensorflow/core/common_runtime/gpu/gpu_device.cc:1159] Device interconnect StreamExecutor with strength 1 edge matrix:
2020-03-11 16:05:30.144015: I tensorflow/core/common_runtime/gpu/gpu_device.cc:1165]      0 
2020-03-11 16:05:30.144029: I tensorflow/core/common_runtime/gpu/gpu_device.cc:1178] 0:   N 
2020-03-11 16:05:30.144342: I tensorflow/stream_executor/cuda/cuda_gpu_executor.cc:1006] successful NUMA node read from SysFS had negative value (-1), but there must be at least one NUMA node, so returning NUMA node zero
2020-03-11 16:05:30.145070: I tensorflow/stream_executor/cuda/cuda_gpu_executor.cc:1006] successful NUMA node read from SysFS had negative value (-1), but there must be at least one NUMA node, so returning NUMA node zero
2020-03-11 16:05:30.145739: I tensorflow/core/common_runtime/gpu/gpu_device.cc:1304] Created TensorFlow device (/job:localhost/replica:0/task:0/device:GPU:0 with 14828 MB memory) -> physical GPU (device: 0, name: Tesla V100-SXM2-16GB, pci bus id: 0000:00:04.0, compute capability: 7.0)
WARNING:tensorflow:From /usr/local/lib/python2.7/dist-packages/tensorflow_core/python/ops/image_ops_impl.py:2487: sample_distorted_bounding_box (from tensorflow.python.ops.image_ops_impl) is deprecated and will be removed in a future version.
Instructions for updating:
`seed2` arg is deprecated.Use sample_distorted_bounding_box_v2 instead.
W0311 16:05:31.239320 140055317288384 deprecation.py:323] From /usr/local/lib/python2.7/dist-packages/tensorflow_core/python/ops/image_ops_impl.py:2487: sample_distorted_bounding_box (from tensorflow.python.ops.image_ops_impl) is deprecated and will be removed in a future version.
Instructions for updating:
`seed2` arg is deprecated.Use sample_distorted_bounding_box_v2 instead.
2020-03-11 16:05:45.155414: I tensorflow/stream_executor/platform/default/dso_loader.cc:44] Successfully opened dynamic library libcublas.so.10.0
2020-03-11 16:05:50.034433: I tensorflow/stream_executor/platform/default/dso_loader.cc:44] Successfully opened dynamic library libcudnn.so.7
2020-03-11 16:05:57.176850: I tensorflow/core/profiler/lib/profiler_session.cc:184] Profiler session started.
2020-03-11 16:05:57.178196: I tensorflow/stream_executor/platform/default/dso_loader.cc:44] Successfully opened dynamic library libcupti.so.10.0
2020-03-11 16:05:58.879338: I tensorflow/core/platform/default/device_tracer.cc:588] Collecting 2154 kernel records, 872 memcpy records.
I0311 16:06:45.087313 140055317288384 keras_utils.py:88] BenchmarkMetric: {'global step':100, 'time_taken': 70.057852,'examples_per_second': 182.706144}
I0311 16:07:30.865760 140055317288384 keras_utils.py:88] BenchmarkMetric: {'global step':200, 'time_taken': 45.778597,'examples_per_second': 279.606646}
I0311 16:08:17.208323 140055317288384 keras_utils.py:88] BenchmarkMetric: {'global step':300, 'time_taken': 46.342530,'examples_per_second': 276.204169}
I0311 16:09:03.601197 140055317288384 keras_utils.py:88] BenchmarkMetric: {'global step':400, 'time_taken': 46.392888,'examples_per_second': 275.904359}
I0311 16:09:49.688802 140055317288384 keras_utils.py:88] BenchmarkMetric: {'global step':500, 'time_taken': 46.087625,'examples_per_second': 277.731820}
I0311 16:10:40.123920 140055317288384 keras_utils.py:96] BenchmarkMetric: {'epoch':0, 'time_taken': 305.143147}
I0311 16:11:27.364757 140055317288384 keras_utils.py:88] BenchmarkMetric: {'global step':600, 'time_taken': 97.675955,'examples_per_second': 131.045558}
I0311 16:12:32.515203 140055317288384 keras_utils.py:88] BenchmarkMetric: {'global step':700, 'time_taken': 65.150428,'examples_per_second': 196.468394}
I0311 16:13:47.630197 140055317288384 keras_utils.py:88] BenchmarkMetric: {'global step':800, 'time_taken': 75.115010,'examples_per_second': 170.405356}
I0311 16:14:47.783767 140055317288384 keras_utils.py:88] BenchmarkMetric: {'global step':900, 'time_taken': 60.153572,'examples_per_second': 212.788694}
I0311 16:15:34.521923 140055317288384 keras_utils.py:88] BenchmarkMetric: {'global step':1000, 'time_taken': 46.738143,'examples_per_second': 273.866251}
I0311 16:16:22.801997 140055317288384 keras_utils.py:96] BenchmarkMetric: {'epoch':1, 'time_taken': 342.104810}
2020-03-11 16:16:46.314692: W tensorflow/python/util/util.cc:299] Sets are not currently considered sequences, but this may change in the future, so consider avoiding using them.
WARNING:tensorflow:From /usr/local/lib/python2.7/dist-packages/tensorflow_core/python/ops/resource_variable_ops.py:1781: calling __init__ (from tensorflow.python.ops.resource_variable_ops) with constraint is deprecated and will be removed in a future version.
Instructions for updating:
If using Keras pass *_constraint arguments to layers.
W0311 16:17:05.832143 140055317288384 deprecation.py:506] From /usr/local/lib/python2.7/dist-packages/tensorflow_core/python/ops/resource_variable_ops.py:1781: calling __init__ (from tensorflow.python.ops.resource_variable_ops) with constraint is deprecated and will be removed in a future version.
Instructions for updating:
If using Keras pass *_constraint arguments to layers.
INFO:tensorflow:Assets written to: ./saved-models/16_straggler_on_reshape_on/saved_model/assets
I0311 16:17:09.008960 140055317288384 builder_impl.py:771] Assets written to: ./saved-models/16_straggler_on_reshape_on/saved_model/assets
I0311 16:17:50.927136 140055317288384 kungfu_resnet_main.py:270] Run stats:
{'loss': 11.60096922302246, 'training_accuracy_top_1': 0.010781249962747097, 'step_timestamp_log': ['BatchTimestamp<batch_index: 1, timestamp: 1583942735.03>', 'BatchTimestamp<batch_index: 100, timestamp: 1583942805.09>', 'BatchTimestamp<batch_index: 200, timestamp: 1583942850.87>', 'BatchTimestamp<batch_index: 300, timestamp: 1583942897.21>', 'BatchTimestamp<batch_index: 400, timestamp: 1583942943.6>', 'BatchTimestamp<batch_index: 500, timestamp: 1583942989.69>', 'BatchTimestamp<batch_index: 600, timestamp: 1583943087.36>', 'BatchTimestamp<batch_index: 700, timestamp: 1583943152.52>', 'BatchTimestamp<batch_index: 800, timestamp: 1583943227.63>', 'BatchTimestamp<batch_index: 900, timestamp: 1583943287.78>', 'BatchTimestamp<batch_index: 1000, timestamp: 1583943334.52>'], 'accuracy_top_1': 0.02339743636548519, 'avg_exp_per_second': 213.5138949299061, 'train_finish_time': 1583943383.213395, 'eval_loss': 10.898558653317965}
