2020-03-11 16:05:23.581908: I tensorflow/stream_executor/platform/default/dso_loader.cc:44] Successfully opened dynamic library libcudart.so.10.0
2020-03-11 16:05:25.211426: I tensorflow/stream_executor/platform/default/dso_loader.cc:44] Successfully opened dynamic library libcuda.so.1
2020-03-11 16:05:29.025317: I tensorflow/stream_executor/cuda/cuda_gpu_executor.cc:1006] successful NUMA node read from SysFS had negative value (-1), but there must be at least one NUMA node, so returning NUMA node zero
2020-03-11 16:05:29.035793: I tensorflow/core/common_runtime/gpu/gpu_device.cc:1618] Found device 0 with properties: 
name: Tesla V100-SXM2-16GB major: 7 minor: 0 memoryClockRate(GHz): 1.53
pciBusID: 0000:00:05.0
2020-03-11 16:05:29.035845: I tensorflow/stream_executor/platform/default/dso_loader.cc:44] Successfully opened dynamic library libcudart.so.10.0
2020-03-11 16:05:29.037006: I tensorflow/stream_executor/platform/default/dso_loader.cc:44] Successfully opened dynamic library libcublas.so.10.0
2020-03-11 16:05:29.038176: I tensorflow/stream_executor/platform/default/dso_loader.cc:44] Successfully opened dynamic library libcufft.so.10.0
2020-03-11 16:05:29.038466: I tensorflow/stream_executor/platform/default/dso_loader.cc:44] Successfully opened dynamic library libcurand.so.10.0
2020-03-11 16:05:29.040090: I tensorflow/stream_executor/platform/default/dso_loader.cc:44] Successfully opened dynamic library libcusolver.so.10.0
2020-03-11 16:05:29.041323: I tensorflow/stream_executor/platform/default/dso_loader.cc:44] Successfully opened dynamic library libcusparse.so.10.0
2020-03-11 16:05:29.044668: I tensorflow/stream_executor/platform/default/dso_loader.cc:44] Successfully opened dynamic library libcudnn.so.7
2020-03-11 16:05:29.044787: I tensorflow/stream_executor/cuda/cuda_gpu_executor.cc:1006] successful NUMA node read from SysFS had negative value (-1), but there must be at least one NUMA node, so returning NUMA node zero
2020-03-11 16:05:29.052060: I tensorflow/stream_executor/cuda/cuda_gpu_executor.cc:1006] successful NUMA node read from SysFS had negative value (-1), but there must be at least one NUMA node, so returning NUMA node zero
2020-03-11 16:05:29.057318: I tensorflow/core/common_runtime/gpu/gpu_device.cc:1746] Adding visible gpu devices: 0
2020-03-11 16:05:29.057662: I tensorflow/core/platform/cpu_feature_guard.cc:142] Your CPU supports instructions that this TensorFlow binary was not compiled to use: AVX2 FMA
2020-03-11 16:05:29.065429: I tensorflow/core/platform/profile_utils/cpu_utils.cc:94] CPU Frequency: 2300000000 Hz
2020-03-11 16:05:29.067362: I tensorflow/compiler/xla/service/service.cc:168] XLA service 0x558c12a74ae0 executing computations on platform Host. Devices:
2020-03-11 16:05:29.067389: I tensorflow/compiler/xla/service/service.cc:175]   StreamExecutor device (0): Host, Default Version
2020-03-11 16:05:29.553779: I tensorflow/stream_executor/cuda/cuda_gpu_executor.cc:1006] successful NUMA node read from SysFS had negative value (-1), but there must be at least one NUMA node, so returning NUMA node zero
2020-03-11 16:05:29.554663: I tensorflow/compiler/xla/service/service.cc:168] XLA service 0x558c12ad74c0 executing computations on platform CUDA. Devices:
2020-03-11 16:05:29.554701: I tensorflow/compiler/xla/service/service.cc:175]   StreamExecutor device (0): Tesla V100-SXM2-16GB, Compute Capability 7.0
2020-03-11 16:05:29.554981: I tensorflow/stream_executor/cuda/cuda_gpu_executor.cc:1006] successful NUMA node read from SysFS had negative value (-1), but there must be at least one NUMA node, so returning NUMA node zero
2020-03-11 16:05:29.555627: I tensorflow/core/common_runtime/gpu/gpu_device.cc:1618] Found device 0 with properties: 
name: Tesla V100-SXM2-16GB major: 7 minor: 0 memoryClockRate(GHz): 1.53
pciBusID: 0000:00:05.0
2020-03-11 16:05:29.555658: I tensorflow/stream_executor/platform/default/dso_loader.cc:44] Successfully opened dynamic library libcudart.so.10.0
2020-03-11 16:05:29.555692: I tensorflow/stream_executor/platform/default/dso_loader.cc:44] Successfully opened dynamic library libcublas.so.10.0
2020-03-11 16:05:29.555714: I tensorflow/stream_executor/platform/default/dso_loader.cc:44] Successfully opened dynamic library libcufft.so.10.0
2020-03-11 16:05:29.555724: I tensorflow/stream_executor/platform/default/dso_loader.cc:44] Successfully opened dynamic library libcurand.so.10.0
2020-03-11 16:05:29.555732: I tensorflow/stream_executor/platform/default/dso_loader.cc:44] Successfully opened dynamic library libcusolver.so.10.0
2020-03-11 16:05:29.555741: I tensorflow/stream_executor/platform/default/dso_loader.cc:44] Successfully opened dynamic library libcusparse.so.10.0
2020-03-11 16:05:29.555767: I tensorflow/stream_executor/platform/default/dso_loader.cc:44] Successfully opened dynamic library libcudnn.so.7
2020-03-11 16:05:29.555826: I tensorflow/stream_executor/cuda/cuda_gpu_executor.cc:1006] successful NUMA node read from SysFS had negative value (-1), but there must be at least one NUMA node, so returning NUMA node zero
2020-03-11 16:05:29.556493: I tensorflow/stream_executor/cuda/cuda_gpu_executor.cc:1006] successful NUMA node read from SysFS had negative value (-1), but there must be at least one NUMA node, so returning NUMA node zero
2020-03-11 16:05:29.557126: I tensorflow/core/common_runtime/gpu/gpu_device.cc:1746] Adding visible gpu devices: 0
2020-03-11 16:05:29.557223: I tensorflow/stream_executor/platform/default/dso_loader.cc:44] Successfully opened dynamic library libcudart.so.10.0
2020-03-11 16:05:30.095488: I tensorflow/core/common_runtime/gpu/gpu_device.cc:1159] Device interconnect StreamExecutor with strength 1 edge matrix:
2020-03-11 16:05:30.095539: I tensorflow/core/common_runtime/gpu/gpu_device.cc:1165]      0 
2020-03-11 16:05:30.095548: I tensorflow/core/common_runtime/gpu/gpu_device.cc:1178] 0:   N 
2020-03-11 16:05:30.095982: I tensorflow/stream_executor/cuda/cuda_gpu_executor.cc:1006] successful NUMA node read from SysFS had negative value (-1), but there must be at least one NUMA node, so returning NUMA node zero
2020-03-11 16:05:30.097178: I tensorflow/stream_executor/cuda/cuda_gpu_executor.cc:1006] successful NUMA node read from SysFS had negative value (-1), but there must be at least one NUMA node, so returning NUMA node zero
2020-03-11 16:05:30.097874: I tensorflow/core/common_runtime/gpu/gpu_device.cc:1304] Created TensorFlow device (/job:localhost/replica:0/task:0/device:GPU:0 with 14828 MB memory) -> physical GPU (device: 0, name: Tesla V100-SXM2-16GB, pci bus id: 0000:00:05.0, compute capability: 7.0)
WARNING:tensorflow:From /usr/local/lib/python2.7/dist-packages/tensorflow_core/python/ops/image_ops_impl.py:2487: sample_distorted_bounding_box (from tensorflow.python.ops.image_ops_impl) is deprecated and will be removed in a future version.
Instructions for updating:
`seed2` arg is deprecated.Use sample_distorted_bounding_box_v2 instead.
W0311 16:05:31.186007 140449098249664 deprecation.py:323] From /usr/local/lib/python2.7/dist-packages/tensorflow_core/python/ops/image_ops_impl.py:2487: sample_distorted_bounding_box (from tensorflow.python.ops.image_ops_impl) is deprecated and will be removed in a future version.
Instructions for updating:
`seed2` arg is deprecated.Use sample_distorted_bounding_box_v2 instead.
2020-03-11 16:05:44.734112: I tensorflow/stream_executor/platform/default/dso_loader.cc:44] Successfully opened dynamic library libcublas.so.10.0
2020-03-11 16:05:51.600165: I tensorflow/stream_executor/platform/default/dso_loader.cc:44] Successfully opened dynamic library libcudnn.so.7
I0311 16:06:45.087335 140449098249664 keras_utils.py:88] BenchmarkMetric: {'global step':100, 'time_taken': 70.333404,'examples_per_second': 181.990338}
I0311 16:07:30.868287 140449098249664 keras_utils.py:88] BenchmarkMetric: {'global step':200, 'time_taken': 45.781136,'examples_per_second': 279.591140}
I0311 16:08:17.184097 140449098249664 keras_utils.py:88] BenchmarkMetric: {'global step':300, 'time_taken': 46.315819,'examples_per_second': 276.363460}
I0311 16:09:03.555582 140449098249664 keras_utils.py:88] BenchmarkMetric: {'global step':400, 'time_taken': 46.371475,'examples_per_second': 276.031763}
I0311 16:09:49.693240 140449098249664 keras_utils.py:88] BenchmarkMetric: {'global step':500, 'time_taken': 46.137673,'examples_per_second': 277.430551}
I0311 16:10:38.057337 140449098249664 keras_utils.py:96] BenchmarkMetric: {'epoch':0, 'time_taken': 303.353411}
I0311 16:11:27.364737 140449098249664 keras_utils.py:88] BenchmarkMetric: {'global step':600, 'time_taken': 97.671496,'examples_per_second': 131.051540}
I0311 16:12:32.515938 140449098249664 keras_utils.py:88] BenchmarkMetric: {'global step':700, 'time_taken': 65.151184,'examples_per_second': 196.466115}
I0311 16:13:47.630059 140449098249664 keras_utils.py:88] BenchmarkMetric: {'global step':800, 'time_taken': 75.114130,'examples_per_second': 170.407352}
I0311 16:14:47.796647 140449098249664 keras_utils.py:88] BenchmarkMetric: {'global step':900, 'time_taken': 60.166579,'examples_per_second': 212.742692}
I0311 16:15:34.532280 140449098249664 keras_utils.py:88] BenchmarkMetric: {'global step':1000, 'time_taken': 46.735642,'examples_per_second': 273.880907}
I0311 16:16:23.829289 140449098249664 keras_utils.py:96] BenchmarkMetric: {'epoch':1, 'time_taken': 345.770978}
I0311 16:17:05.212197 140449098249664 kungfu_resnet_main.py:270] Run stats:
{'loss': 11.591799829483032, 'training_accuracy_top_1': 0.010203124955296516, 'step_timestamp_log': ['BatchTimestamp<batch_index: 1, timestamp: 1583942734.75>', 'BatchTimestamp<batch_index: 100, timestamp: 1583942805.09>', 'BatchTimestamp<batch_index: 200, timestamp: 1583942850.87>', 'BatchTimestamp<batch_index: 300, timestamp: 1583942897.18>', 'BatchTimestamp<batch_index: 400, timestamp: 1583942943.56>', 'BatchTimestamp<batch_index: 500, timestamp: 1583942989.69>', 'BatchTimestamp<batch_index: 600, timestamp: 1583943087.36>', 'BatchTimestamp<batch_index: 700, timestamp: 1583943152.52>', 'BatchTimestamp<batch_index: 800, timestamp: 1583943227.63>', 'BatchTimestamp<batch_index: 900, timestamp: 1583943287.8>', 'BatchTimestamp<batch_index: 1000, timestamp: 1583943334.53>'], 'accuracy_top_1': 0.02373798005282879, 'avg_exp_per_second': 213.41210445649443, 'train_finish_time': 1583943383.830516, 'eval_loss': 10.896148092318803}
