2020-03-11 16:05:23.631834: I tensorflow/stream_executor/platform/default/dso_loader.cc:44] Successfully opened dynamic library libcudart.so.10.0
2020-03-11 16:05:25.211426: I tensorflow/stream_executor/platform/default/dso_loader.cc:44] Successfully opened dynamic library libcuda.so.1
2020-03-11 16:05:28.981538: I tensorflow/stream_executor/cuda/cuda_gpu_executor.cc:1006] successful NUMA node read from SysFS had negative value (-1), but there must be at least one NUMA node, so returning NUMA node zero
2020-03-11 16:05:28.992805: I tensorflow/core/common_runtime/gpu/gpu_device.cc:1618] Found device 0 with properties: 
name: Tesla V100-SXM2-16GB major: 7 minor: 0 memoryClockRate(GHz): 1.53
pciBusID: 0000:00:06.0
2020-03-11 16:05:28.992863: I tensorflow/stream_executor/platform/default/dso_loader.cc:44] Successfully opened dynamic library libcudart.so.10.0
2020-03-11 16:05:28.994075: I tensorflow/stream_executor/platform/default/dso_loader.cc:44] Successfully opened dynamic library libcublas.so.10.0
2020-03-11 16:05:28.995433: I tensorflow/stream_executor/platform/default/dso_loader.cc:44] Successfully opened dynamic library libcufft.so.10.0
2020-03-11 16:05:28.995759: I tensorflow/stream_executor/platform/default/dso_loader.cc:44] Successfully opened dynamic library libcurand.so.10.0
2020-03-11 16:05:28.997569: I tensorflow/stream_executor/platform/default/dso_loader.cc:44] Successfully opened dynamic library libcusolver.so.10.0
2020-03-11 16:05:28.998922: I tensorflow/stream_executor/platform/default/dso_loader.cc:44] Successfully opened dynamic library libcusparse.so.10.0
2020-03-11 16:05:29.002779: I tensorflow/stream_executor/platform/default/dso_loader.cc:44] Successfully opened dynamic library libcudnn.so.7
2020-03-11 16:05:29.002905: I tensorflow/stream_executor/cuda/cuda_gpu_executor.cc:1006] successful NUMA node read from SysFS had negative value (-1), but there must be at least one NUMA node, so returning NUMA node zero
2020-03-11 16:05:29.006482: I tensorflow/stream_executor/cuda/cuda_gpu_executor.cc:1006] successful NUMA node read from SysFS had negative value (-1), but there must be at least one NUMA node, so returning NUMA node zero
2020-03-11 16:05:29.012091: I tensorflow/core/common_runtime/gpu/gpu_device.cc:1746] Adding visible gpu devices: 0
2020-03-11 16:05:29.012489: I tensorflow/core/platform/cpu_feature_guard.cc:142] Your CPU supports instructions that this TensorFlow binary was not compiled to use: AVX2 FMA
2020-03-11 16:05:29.021410: I tensorflow/core/platform/profile_utils/cpu_utils.cc:94] CPU Frequency: 2300000000 Hz
2020-03-11 16:05:29.023487: I tensorflow/compiler/xla/service/service.cc:168] XLA service 0x5607518b8bd0 executing computations on platform Host. Devices:
2020-03-11 16:05:29.023525: I tensorflow/compiler/xla/service/service.cc:175]   StreamExecutor device (0): Host, Default Version
2020-03-11 16:05:29.574337: I tensorflow/stream_executor/cuda/cuda_gpu_executor.cc:1006] successful NUMA node read from SysFS had negative value (-1), but there must be at least one NUMA node, so returning NUMA node zero
2020-03-11 16:05:29.576975: I tensorflow/compiler/xla/service/service.cc:168] XLA service 0x56075191b570 executing computations on platform CUDA. Devices:
2020-03-11 16:05:29.577007: I tensorflow/compiler/xla/service/service.cc:175]   StreamExecutor device (0): Tesla V100-SXM2-16GB, Compute Capability 7.0
2020-03-11 16:05:29.577270: I tensorflow/stream_executor/cuda/cuda_gpu_executor.cc:1006] successful NUMA node read from SysFS had negative value (-1), but there must be at least one NUMA node, so returning NUMA node zero
2020-03-11 16:05:29.579466: I tensorflow/core/common_runtime/gpu/gpu_device.cc:1618] Found device 0 with properties: 
name: Tesla V100-SXM2-16GB major: 7 minor: 0 memoryClockRate(GHz): 1.53
pciBusID: 0000:00:06.0
2020-03-11 16:05:29.579498: I tensorflow/stream_executor/platform/default/dso_loader.cc:44] Successfully opened dynamic library libcudart.so.10.0
2020-03-11 16:05:29.579527: I tensorflow/stream_executor/platform/default/dso_loader.cc:44] Successfully opened dynamic library libcublas.so.10.0
2020-03-11 16:05:29.579536: I tensorflow/stream_executor/platform/default/dso_loader.cc:44] Successfully opened dynamic library libcufft.so.10.0
2020-03-11 16:05:29.579544: I tensorflow/stream_executor/platform/default/dso_loader.cc:44] Successfully opened dynamic library libcurand.so.10.0
2020-03-11 16:05:29.579553: I tensorflow/stream_executor/platform/default/dso_loader.cc:44] Successfully opened dynamic library libcusolver.so.10.0
2020-03-11 16:05:29.579561: I tensorflow/stream_executor/platform/default/dso_loader.cc:44] Successfully opened dynamic library libcusparse.so.10.0
2020-03-11 16:05:29.579570: I tensorflow/stream_executor/platform/default/dso_loader.cc:44] Successfully opened dynamic library libcudnn.so.7
2020-03-11 16:05:29.579619: I tensorflow/stream_executor/cuda/cuda_gpu_executor.cc:1006] successful NUMA node read from SysFS had negative value (-1), but there must be at least one NUMA node, so returning NUMA node zero
2020-03-11 16:05:29.581872: I tensorflow/stream_executor/cuda/cuda_gpu_executor.cc:1006] successful NUMA node read from SysFS had negative value (-1), but there must be at least one NUMA node, so returning NUMA node zero
2020-03-11 16:05:29.583260: I tensorflow/core/common_runtime/gpu/gpu_device.cc:1746] Adding visible gpu devices: 0
2020-03-11 16:05:29.583330: I tensorflow/stream_executor/platform/default/dso_loader.cc:44] Successfully opened dynamic library libcudart.so.10.0
2020-03-11 16:05:30.119419: I tensorflow/core/common_runtime/gpu/gpu_device.cc:1159] Device interconnect StreamExecutor with strength 1 edge matrix:
2020-03-11 16:05:30.119479: I tensorflow/core/common_runtime/gpu/gpu_device.cc:1165]      0 
2020-03-11 16:05:30.119487: I tensorflow/core/common_runtime/gpu/gpu_device.cc:1178] 0:   N 
2020-03-11 16:05:30.119818: I tensorflow/stream_executor/cuda/cuda_gpu_executor.cc:1006] successful NUMA node read from SysFS had negative value (-1), but there must be at least one NUMA node, so returning NUMA node zero
2020-03-11 16:05:30.120503: I tensorflow/stream_executor/cuda/cuda_gpu_executor.cc:1006] successful NUMA node read from SysFS had negative value (-1), but there must be at least one NUMA node, so returning NUMA node zero
2020-03-11 16:05:30.121143: I tensorflow/core/common_runtime/gpu/gpu_device.cc:1304] Created TensorFlow device (/job:localhost/replica:0/task:0/device:GPU:0 with 14828 MB memory) -> physical GPU (device: 0, name: Tesla V100-SXM2-16GB, pci bus id: 0000:00:06.0, compute capability: 7.0)
WARNING:tensorflow:From /usr/local/lib/python2.7/dist-packages/tensorflow_core/python/ops/image_ops_impl.py:2487: sample_distorted_bounding_box (from tensorflow.python.ops.image_ops_impl) is deprecated and will be removed in a future version.
Instructions for updating:
`seed2` arg is deprecated.Use sample_distorted_bounding_box_v2 instead.
W0311 16:05:31.236181 140358523127232 deprecation.py:323] From /usr/local/lib/python2.7/dist-packages/tensorflow_core/python/ops/image_ops_impl.py:2487: sample_distorted_bounding_box (from tensorflow.python.ops.image_ops_impl) is deprecated and will be removed in a future version.
Instructions for updating:
`seed2` arg is deprecated.Use sample_distorted_bounding_box_v2 instead.
2020-03-11 16:05:45.131400: I tensorflow/stream_executor/platform/default/dso_loader.cc:44] Successfully opened dynamic library libcublas.so.10.0
2020-03-11 16:05:50.647399: I tensorflow/stream_executor/platform/default/dso_loader.cc:44] Successfully opened dynamic library libcudnn.so.7
I0311 16:06:45.085314 140358523127232 keras_utils.py:88] BenchmarkMetric: {'global step':100, 'time_taken': 70.254715,'examples_per_second': 182.194177}
I0311 16:07:30.926382 140358523127232 keras_utils.py:88] BenchmarkMetric: {'global step':200, 'time_taken': 45.841194,'examples_per_second': 279.224839}
I0311 16:08:17.185405 140358523127232 keras_utils.py:88] BenchmarkMetric: {'global step':300, 'time_taken': 46.259023,'examples_per_second': 276.702775}
I0311 16:09:03.553807 140358523127232 keras_utils.py:88] BenchmarkMetric: {'global step':400, 'time_taken': 46.368423,'examples_per_second': 276.049930}
I0311 16:09:49.685864 140358523127232 keras_utils.py:88] BenchmarkMetric: {'global step':500, 'time_taken': 46.132058,'examples_per_second': 277.464318}
I0311 16:10:37.861025 140358523127232 keras_utils.py:96] BenchmarkMetric: {'epoch':0, 'time_taken': 303.080548}
I0311 16:11:27.364667 140358523127232 keras_utils.py:88] BenchmarkMetric: {'global step':600, 'time_taken': 97.678800,'examples_per_second': 131.041741}
I0311 16:12:32.514440 140358523127232 keras_utils.py:88] BenchmarkMetric: {'global step':700, 'time_taken': 65.149763,'examples_per_second': 196.470400}
I0311 16:13:47.661669 140358523127232 keras_utils.py:88] BenchmarkMetric: {'global step':800, 'time_taken': 75.147218,'examples_per_second': 170.332320}
I0311 16:14:47.784315 140358523127232 keras_utils.py:88] BenchmarkMetric: {'global step':900, 'time_taken': 60.122664,'examples_per_second': 212.898085}
I0311 16:15:34.522598 140358523127232 keras_utils.py:88] BenchmarkMetric: {'global step':1000, 'time_taken': 46.738287,'examples_per_second': 273.865407}
I0311 16:16:23.613004 140358523127232 keras_utils.py:96] BenchmarkMetric: {'epoch':1, 'time_taken': 345.749938}
I0311 16:17:05.186007 140358523127232 kungfu_resnet_main.py:270] Run stats:
{'loss': 11.593677616119384, 'training_accuracy_top_1': 0.010328125208616257, 'step_timestamp_log': ['BatchTimestamp<batch_index: 1, timestamp: 1583942734.83>', 'BatchTimestamp<batch_index: 100, timestamp: 1583942805.09>', 'BatchTimestamp<batch_index: 200, timestamp: 1583942850.93>', 'BatchTimestamp<batch_index: 300, timestamp: 1583942897.19>', 'BatchTimestamp<batch_index: 400, timestamp: 1583942943.55>', 'BatchTimestamp<batch_index: 500, timestamp: 1583942989.69>', 'BatchTimestamp<batch_index: 600, timestamp: 1583943087.36>', 'BatchTimestamp<batch_index: 700, timestamp: 1583943152.51>', 'BatchTimestamp<batch_index: 800, timestamp: 1583943227.66>', 'BatchTimestamp<batch_index: 900, timestamp: 1583943287.78>', 'BatchTimestamp<batch_index: 1000, timestamp: 1583943334.52>'], 'accuracy_top_1': 0.02341746725142002, 'avg_exp_per_second': 213.44284912650602, 'train_finish_time': 1583943383.613385, 'eval_loss': 10.915502956586007}
