2020-03-13 21:36:08.043792: I tensorflow/stream_executor/platform/default/dso_loader.cc:44] Successfully opened dynamic library libcudart.so.10.0
2020-03-13 21:36:09.495936: I tensorflow/stream_executor/platform/default/dso_loader.cc:44] Successfully opened dynamic library libcuda.so.1
2020-03-13 21:36:13.600842: I tensorflow/stream_executor/cuda/cuda_gpu_executor.cc:1006] successful NUMA node read from SysFS had negative value (-1), but there must be at least one NUMA node, so returning NUMA node zero
2020-03-13 21:36:13.601525: I tensorflow/core/common_runtime/gpu/gpu_device.cc:1618] Found device 0 with properties: 
name: Tesla V100-SXM2-16GB major: 7 minor: 0 memoryClockRate(GHz): 1.53
pciBusID: 0000:00:05.0
2020-03-13 21:36:13.601551: I tensorflow/stream_executor/platform/default/dso_loader.cc:44] Successfully opened dynamic library libcudart.so.10.0
2020-03-13 21:36:14.139612: I tensorflow/stream_executor/platform/default/dso_loader.cc:44] Successfully opened dynamic library libcublas.so.10.0
2020-03-13 21:36:14.518282: I tensorflow/stream_executor/platform/default/dso_loader.cc:44] Successfully opened dynamic library libcufft.so.10.0
2020-03-13 21:36:14.742155: I tensorflow/stream_executor/platform/default/dso_loader.cc:44] Successfully opened dynamic library libcurand.so.10.0
2020-03-13 21:36:15.674668: I tensorflow/stream_executor/platform/default/dso_loader.cc:44] Successfully opened dynamic library libcusolver.so.10.0
2020-03-13 21:36:16.056066: I tensorflow/stream_executor/platform/default/dso_loader.cc:44] Successfully opened dynamic library libcusparse.so.10.0
2020-03-13 21:36:17.745770: I tensorflow/stream_executor/platform/default/dso_loader.cc:44] Successfully opened dynamic library libcudnn.so.7
2020-03-13 21:36:17.745995: I tensorflow/stream_executor/cuda/cuda_gpu_executor.cc:1006] successful NUMA node read from SysFS had negative value (-1), but there must be at least one NUMA node, so returning NUMA node zero
2020-03-13 21:36:17.749531: I tensorflow/stream_executor/cuda/cuda_gpu_executor.cc:1006] successful NUMA node read from SysFS had negative value (-1), but there must be at least one NUMA node, so returning NUMA node zero
2020-03-13 21:36:17.752544: I tensorflow/core/common_runtime/gpu/gpu_device.cc:1746] Adding visible gpu devices: 0
2020-03-13 21:36:17.792164: I tensorflow/core/platform/cpu_feature_guard.cc:142] Your CPU supports instructions that this TensorFlow binary was not compiled to use: AVX2 FMA
2020-03-13 21:36:18.322182: I tensorflow/core/platform/profile_utils/cpu_utils.cc:94] CPU Frequency: 2300000000 Hz
2020-03-13 21:36:18.324306: I tensorflow/compiler/xla/service/service.cc:168] XLA service 0x55c92548bfb0 executing computations on platform Host. Devices:
2020-03-13 21:36:18.324333: I tensorflow/compiler/xla/service/service.cc:175]   StreamExecutor device (0): Host, Default Version
2020-03-13 21:36:19.298118: I tensorflow/stream_executor/cuda/cuda_gpu_executor.cc:1006] successful NUMA node read from SysFS had negative value (-1), but there must be at least one NUMA node, so returning NUMA node zero
2020-03-13 21:36:19.301930: I tensorflow/compiler/xla/service/service.cc:168] XLA service 0x55c9254eea30 executing computations on platform CUDA. Devices:
2020-03-13 21:36:19.301955: I tensorflow/compiler/xla/service/service.cc:175]   StreamExecutor device (0): Tesla V100-SXM2-16GB, Compute Capability 7.0
2020-03-13 21:36:19.302191: I tensorflow/stream_executor/cuda/cuda_gpu_executor.cc:1006] successful NUMA node read from SysFS had negative value (-1), but there must be at least one NUMA node, so returning NUMA node zero
2020-03-13 21:36:19.305464: I tensorflow/core/common_runtime/gpu/gpu_device.cc:1618] Found device 0 with properties: 
name: Tesla V100-SXM2-16GB major: 7 minor: 0 memoryClockRate(GHz): 1.53
pciBusID: 0000:00:05.0
2020-03-13 21:36:19.305507: I tensorflow/stream_executor/platform/default/dso_loader.cc:44] Successfully opened dynamic library libcudart.so.10.0
2020-03-13 21:36:19.305539: I tensorflow/stream_executor/platform/default/dso_loader.cc:44] Successfully opened dynamic library libcublas.so.10.0
2020-03-13 21:36:19.305566: I tensorflow/stream_executor/platform/default/dso_loader.cc:44] Successfully opened dynamic library libcufft.so.10.0
2020-03-13 21:36:19.305575: I tensorflow/stream_executor/platform/default/dso_loader.cc:44] Successfully opened dynamic library libcurand.so.10.0
2020-03-13 21:36:19.305583: I tensorflow/stream_executor/platform/default/dso_loader.cc:44] Successfully opened dynamic library libcusolver.so.10.0
2020-03-13 21:36:19.305592: I tensorflow/stream_executor/platform/default/dso_loader.cc:44] Successfully opened dynamic library libcusparse.so.10.0
2020-03-13 21:36:19.305600: I tensorflow/stream_executor/platform/default/dso_loader.cc:44] Successfully opened dynamic library libcudnn.so.7
2020-03-13 21:36:19.305659: I tensorflow/stream_executor/cuda/cuda_gpu_executor.cc:1006] successful NUMA node read from SysFS had negative value (-1), but there must be at least one NUMA node, so returning NUMA node zero
2020-03-13 21:36:19.308794: I tensorflow/stream_executor/cuda/cuda_gpu_executor.cc:1006] successful NUMA node read from SysFS had negative value (-1), but there must be at least one NUMA node, so returning NUMA node zero
2020-03-13 21:36:19.311300: I tensorflow/core/common_runtime/gpu/gpu_device.cc:1746] Adding visible gpu devices: 0
2020-03-13 21:36:19.332212: I tensorflow/stream_executor/platform/default/dso_loader.cc:44] Successfully opened dynamic library libcudart.so.10.0
2020-03-13 21:36:25.892700: I tensorflow/core/common_runtime/gpu/gpu_device.cc:1159] Device interconnect StreamExecutor with strength 1 edge matrix:
2020-03-13 21:36:25.892737: I tensorflow/core/common_runtime/gpu/gpu_device.cc:1165]      0 
2020-03-13 21:36:25.892744: I tensorflow/core/common_runtime/gpu/gpu_device.cc:1178] 0:   N 
2020-03-13 21:36:25.893109: I tensorflow/stream_executor/cuda/cuda_gpu_executor.cc:1006] successful NUMA node read from SysFS had negative value (-1), but there must be at least one NUMA node, so returning NUMA node zero
2020-03-13 21:36:25.893820: I tensorflow/stream_executor/cuda/cuda_gpu_executor.cc:1006] successful NUMA node read from SysFS had negative value (-1), but there must be at least one NUMA node, so returning NUMA node zero
2020-03-13 21:36:25.894519: I tensorflow/core/common_runtime/gpu/gpu_device.cc:1304] Created TensorFlow device (/job:localhost/replica:0/task:0/device:GPU:0 with 14828 MB memory) -> physical GPU (device: 0, name: Tesla V100-SXM2-16GB, pci bus id: 0000:00:05.0, compute capability: 7.0)
WARNING:tensorflow:From /usr/local/lib/python2.7/dist-packages/tensorflow_core/python/ops/image_ops_impl.py:2487: sample_distorted_bounding_box (from tensorflow.python.ops.image_ops_impl) is deprecated and will be removed in a future version.
Instructions for updating:
`seed2` arg is deprecated.Use sample_distorted_bounding_box_v2 instead.
W0313 21:36:27.775198 139848524400064 deprecation.py:323] From /usr/local/lib/python2.7/dist-packages/tensorflow_core/python/ops/image_ops_impl.py:2487: sample_distorted_bounding_box (from tensorflow.python.ops.image_ops_impl) is deprecated and will be removed in a future version.
Instructions for updating:
`seed2` arg is deprecated.Use sample_distorted_bounding_box_v2 instead.
2020-03-13 21:36:42.325302: I tensorflow/stream_executor/platform/default/dso_loader.cc:44] Successfully opened dynamic library libcublas.so.10.0
2020-03-13 21:36:53.863316: I tensorflow/core/kernels/data/shuffle_dataset_op.cc:143] Filling up shuffle buffer (this may take a while): 2430 of 10000
2020-03-13 21:37:03.886970: I tensorflow/core/kernels/data/shuffle_dataset_op.cc:143] Filling up shuffle buffer (this may take a while): 5139 of 10000
2020-03-13 21:37:13.863645: I tensorflow/core/kernels/data/shuffle_dataset_op.cc:143] Filling up shuffle buffer (this may take a while): 7566 of 10000
2020-03-13 21:37:23.858841: I tensorflow/core/kernels/data/shuffle_dataset_op.cc:143] Filling up shuffle buffer (this may take a while): 9931 of 10000
2020-03-13 21:37:24.630130: I tensorflow/core/kernels/data/shuffle_dataset_op.cc:193] Shuffle buffer filled.
2020-03-13 21:37:27.133334: I tensorflow/stream_executor/platform/default/dso_loader.cc:44] Successfully opened dynamic library libcudnn.so.7
WARNING:tensorflow:Method (on_train_batch_end) is slow compared to the batch update (0.545630). Check your callbacks.
W0313 21:37:42.560870 139848524400064 callbacks.py:244] Method (on_train_batch_end) is slow compared to the batch update (0.545630). Check your callbacks.
I0313 21:43:47.751832 139848524400064 keras_utils.py:88] BenchmarkMetric: {'global step':100, 'time_taken': 435.742177,'examples_per_second': 29.375169}
I0313 21:48:39.280102 139848524400064 keras_utils.py:88] BenchmarkMetric: {'global step':200, 'time_taken': 291.528376,'examples_per_second': 43.906532}
I0313 21:52:12.626801 139848524400064 keras_utils.py:88] BenchmarkMetric: {'global step':300, 'time_taken': 213.346713,'examples_per_second': 59.996237}
I0313 21:54:48.899192 139848524400064 keras_utils.py:88] BenchmarkMetric: {'global step':400, 'time_taken': 156.272388,'examples_per_second': 81.908264}
I0313 21:56:40.513271 139848524400064 keras_utils.py:88] BenchmarkMetric: {'global step':500, 'time_taken': 111.614063,'examples_per_second': 114.680889}
I0313 21:58:20.632164 139848524400064 keras_utils.py:96] BenchmarkMetric: {'epoch':0, 'time_taken': 1309.140855}
I0313 21:59:36.304975 139848524400064 keras_utils.py:88] BenchmarkMetric: {'global step':600, 'time_taken': 175.791707,'examples_per_second': 72.813446}
I0313 22:00:45.791349 139848524400064 keras_utils.py:88] BenchmarkMetric: {'global step':700, 'time_taken': 69.486376,'examples_per_second': 184.208773}
I0313 22:01:55.106705 139848524400064 keras_utils.py:88] BenchmarkMetric: {'global step':800, 'time_taken': 69.315371,'examples_per_second': 184.663226}
I0313 22:03:05.714762 139848524400064 keras_utils.py:88] BenchmarkMetric: {'global step':900, 'time_taken': 70.608038,'examples_per_second': 181.282477}
I0313 22:04:15.377058 139848524400064 keras_utils.py:88] BenchmarkMetric: {'global step':1000, 'time_taken': 69.662319,'examples_per_second': 183.743524}
I0313 22:05:03.214240 139848524400064 keras_utils.py:96] BenchmarkMetric: {'epoch':1, 'time_taken': 402.581574}
I0313 22:06:13.331629 139848524400064 keras_utils.py:88] BenchmarkMetric: {'global step':1100, 'time_taken': 117.954567,'examples_per_second': 108.516358}
I0313 22:07:22.485114 139848524400064 keras_utils.py:88] BenchmarkMetric: {'global step':1200, 'time_taken': 69.153485,'examples_per_second': 185.095516}
I0313 22:08:31.490791 139848524400064 keras_utils.py:88] BenchmarkMetric: {'global step':1300, 'time_taken': 69.005681,'examples_per_second': 185.491975}
I0313 22:09:40.148396 139848524400064 keras_utils.py:88] BenchmarkMetric: {'global step':1400, 'time_taken': 68.657591,'examples_per_second': 186.432407}
I0313 22:10:48.919382 139848524400064 keras_utils.py:88] BenchmarkMetric: {'global step':1500, 'time_taken': 68.771000,'examples_per_second': 186.124966}
I0313 22:11:36.608556 139848524400064 keras_utils.py:96] BenchmarkMetric: {'epoch':2, 'time_taken': 393.393788}
I0313 22:12:46.976480 139848524400064 keras_utils.py:88] BenchmarkMetric: {'global step':1600, 'time_taken': 118.057078,'examples_per_second': 108.422131}
I0313 22:13:55.679095 139848524400064 keras_utils.py:88] BenchmarkMetric: {'global step':1700, 'time_taken': 68.702633,'examples_per_second': 186.310181}
I0313 22:15:04.730150 139848524400064 keras_utils.py:88] BenchmarkMetric: {'global step':1800, 'time_taken': 69.051050,'examples_per_second': 185.370099}
I0313 22:16:13.467801 139848524400064 keras_utils.py:88] BenchmarkMetric: {'global step':1900, 'time_taken': 68.737621,'examples_per_second': 186.215348}
I0313 22:17:21.817087 139848524400064 keras_utils.py:88] BenchmarkMetric: {'global step':2000, 'time_taken': 68.349319,'examples_per_second': 187.273263}
I0313 22:18:09.593760 139848524400064 keras_utils.py:96] BenchmarkMetric: {'epoch':3, 'time_taken': 392.984737}
I0313 22:19:19.920488 139848524400064 keras_utils.py:88] BenchmarkMetric: {'global step':2100, 'time_taken': 118.103394,'examples_per_second': 108.379612}
I0313 22:20:28.416110 139848524400064 keras_utils.py:88] BenchmarkMetric: {'global step':2200, 'time_taken': 68.495632,'examples_per_second': 186.873230}
I0313 22:21:37.463520 139848524400064 keras_utils.py:88] BenchmarkMetric: {'global step':2300, 'time_taken': 69.047380,'examples_per_second': 185.379952}
I0313 22:22:46.567091 139848524400064 keras_utils.py:88] BenchmarkMetric: {'global step':2400, 'time_taken': 69.103581,'examples_per_second': 185.229185}
I0313 22:23:55.565346 139848524400064 keras_utils.py:88] BenchmarkMetric: {'global step':2500, 'time_taken': 68.998272,'examples_per_second': 185.511892}
I0313 22:24:42.733367 139848524400064 keras_utils.py:96] BenchmarkMetric: {'epoch':4, 'time_taken': 393.139106}
I0313 22:25:53.960500 139848524400064 keras_utils.py:88] BenchmarkMetric: {'global step':2600, 'time_taken': 118.395153,'examples_per_second': 108.112534}
I0313 22:27:03.210207 139848524400064 keras_utils.py:88] BenchmarkMetric: {'global step':2700, 'time_taken': 69.249708,'examples_per_second': 184.838325}
I0313 22:28:12.279988 139848524400064 keras_utils.py:88] BenchmarkMetric: {'global step':2800, 'time_taken': 69.069780,'examples_per_second': 185.319831}
I0313 22:29:21.001673 139848524400064 keras_utils.py:88] BenchmarkMetric: {'global step':2900, 'time_taken': 68.721682,'examples_per_second': 186.258538}
I0313 22:30:29.968502 139848524400064 keras_utils.py:88] BenchmarkMetric: {'global step':3000, 'time_taken': 68.966797,'examples_per_second': 185.596556}
I0313 22:31:17.543795 139848524400064 keras_utils.py:96] BenchmarkMetric: {'epoch':5, 'time_taken': 394.809407}
I0313 22:32:27.614161 139848524400064 keras_utils.py:88] BenchmarkMetric: {'global step':3100, 'time_taken': 117.645697,'examples_per_second': 108.801260}
I0313 22:33:35.931700 139848524400064 keras_utils.py:88] BenchmarkMetric: {'global step':3200, 'time_taken': 68.317538,'examples_per_second': 187.360382}
I0313 22:34:45.032227 139848524400064 keras_utils.py:88] BenchmarkMetric: {'global step':3300, 'time_taken': 69.100529,'examples_per_second': 185.237366}
I0313 22:35:54.771421 139848524400064 keras_utils.py:88] BenchmarkMetric: {'global step':3400, 'time_taken': 69.739197,'examples_per_second': 183.540972}
I0313 22:37:04.270015 139848524400064 keras_utils.py:88] BenchmarkMetric: {'global step':3500, 'time_taken': 69.498570,'examples_per_second': 184.176451}
I0313 22:37:52.354003 139848524400064 keras_utils.py:96] BenchmarkMetric: {'epoch':6, 'time_taken': 394.809566}
I0313 22:39:02.192399 139848524400064 keras_utils.py:88] BenchmarkMetric: {'global step':3600, 'time_taken': 117.922400,'examples_per_second': 108.545959}
I0313 22:40:11.141628 139848524400064 keras_utils.py:88] BenchmarkMetric: {'global step':3700, 'time_taken': 68.949233,'examples_per_second': 185.643835}
I0313 22:41:19.460781 139848524400064 keras_utils.py:88] BenchmarkMetric: {'global step':3800, 'time_taken': 68.319135,'examples_per_second': 187.356002}
I0313 22:42:28.337300 139848524400064 keras_utils.py:88] BenchmarkMetric: {'global step':3900, 'time_taken': 68.876537,'examples_per_second': 185.839773}
I0313 22:43:36.943738 139848524400064 keras_utils.py:88] BenchmarkMetric: {'global step':4000, 'time_taken': 68.606435,'examples_per_second': 186.571420}
I0313 22:44:24.587614 139848524400064 keras_utils.py:96] BenchmarkMetric: {'epoch':7, 'time_taken': 392.231827}
I0313 22:45:34.984611 139848524400064 keras_utils.py:88] BenchmarkMetric: {'global step':4100, 'time_taken': 118.040870,'examples_per_second': 108.437019}
I0313 22:46:44.414448 139848524400064 keras_utils.py:88] BenchmarkMetric: {'global step':4200, 'time_taken': 69.429821,'examples_per_second': 184.358822}
I0313 22:47:52.837390 139848524400064 keras_utils.py:88] BenchmarkMetric: {'global step':4300, 'time_taken': 68.422964,'examples_per_second': 187.071697}
I0313 22:49:01.660478 139848524400064 keras_utils.py:88] BenchmarkMetric: {'global step':4400, 'time_taken': 68.823068,'examples_per_second': 185.984153}
I0313 22:50:10.226051 139848524400064 keras_utils.py:88] BenchmarkMetric: {'global step':4500, 'time_taken': 68.565597,'examples_per_second': 186.682543}
I0313 22:50:58.122127 139848524400064 keras_utils.py:96] BenchmarkMetric: {'epoch':8, 'time_taken': 393.534065}
I0313 22:52:07.569200 139848524400064 keras_utils.py:88] BenchmarkMetric: {'global step':4600, 'time_taken': 117.343148,'examples_per_second': 109.081785}
I0313 22:53:16.237658 139848524400064 keras_utils.py:88] BenchmarkMetric: {'global step':4700, 'time_taken': 68.668448,'examples_per_second': 186.402931}
I0313 22:54:24.573371 139848524400064 keras_utils.py:88] BenchmarkMetric: {'global step':4800, 'time_taken': 68.335721,'examples_per_second': 187.310528}
I0313 22:55:33.282282 139848524400064 keras_utils.py:88] BenchmarkMetric: {'global step':4900, 'time_taken': 68.708909,'examples_per_second': 186.293163}
I0313 22:56:42.157217 139848524400064 keras_utils.py:88] BenchmarkMetric: {'global step':5000, 'time_taken': 68.874937,'examples_per_second': 185.844090}
I0313 22:57:30.037328 139848524400064 keras_utils.py:96] BenchmarkMetric: {'epoch':9, 'time_taken': 391.914302}
I0313 22:58:17.991230 139848524400064 kungfu_resnet_main.py:270] Run stats:
{'loss': 4.181507881164551, 'training_accuracy_top_1': 0.33726561069488525, 'step_timestamp_log': ['BatchTimestamp<batch_index: 1, timestamp: 1584135392.01>', 'BatchTimestamp<batch_index: 100, timestamp: 1584135827.75>', 'BatchTimestamp<batch_index: 200, timestamp: 1584136119.28>', 'BatchTimestamp<batch_index: 300, timestamp: 1584136332.63>', 'BatchTimestamp<batch_index: 400, timestamp: 1584136488.9>', 'BatchTimestamp<batch_index: 500, timestamp: 1584136600.51>', 'BatchTimestamp<batch_index: 600, timestamp: 1584136776.3>', 'BatchTimestamp<batch_index: 700, timestamp: 1584136845.79>', 'BatchTimestamp<batch_index: 800, timestamp: 1584136915.11>', 'BatchTimestamp<batch_index: 900, timestamp: 1584136985.71>', 'BatchTimestamp<batch_index: 1000, timestamp: 1584137055.38>', 'BatchTimestamp<batch_index: 1100, timestamp: 1584137173.33>', 'BatchTimestamp<batch_index: 1200, timestamp: 1584137242.49>', 'BatchTimestamp<batch_index: 1300, timestamp: 1584137311.49>', 'BatchTimestamp<batch_index: 1400, timestamp: 1584137380.15>', 'BatchTimestamp<batch_index: 1500, timestamp: 1584137448.92>', 'BatchTimestamp<batch_index: 1600, timestamp: 1584137566.98>', 'BatchTimestamp<batch_index: 1700, timestamp: 1584137635.68>', 'BatchTimestamp<batch_index: 1800, timestamp: 1584137704.73>', 'BatchTimestamp<batch_index: 1900, timestamp: 1584137773.47>', 'BatchTimestamp<batch_index: 2000, timestamp: 1584137841.82>', 'BatchTimestamp<batch_index: 2100, timestamp: 1584137959.92>', 'BatchTimestamp<batch_index: 2200, timestamp: 1584138028.42>', 'BatchTimestamp<batch_index: 2300, timestamp: 1584138097.46>', 'BatchTimestamp<batch_index: 2400, timestamp: 1584138166.57>', 'BatchTimestamp<batch_index: 2500, timestamp: 1584138235.57>', 'BatchTimestamp<batch_index: 2600, timestamp: 1584138353.96>', 'BatchTimestamp<batch_index: 2700, timestamp: 1584138423.21>', 'BatchTimestamp<batch_index: 2800, timestamp: 1584138492.28>', 'BatchTimestamp<batch_index: 2900, timestamp: 1584138561.0>', 'BatchTimestamp<batch_index: 3000, timestamp: 1584138629.97>', 'BatchTimestamp<batch_index: 3100, timestamp: 1584138747.61>', 'BatchTimestamp<batch_index: 3200, timestamp: 1584138815.93>', 'BatchTimestamp<batch_index: 3300, timestamp: 1584138885.03>', 'BatchTimestamp<batch_index: 3400, timestamp: 1584138954.77>', 'BatchTimestamp<batch_index: 3500, timestamp: 1584139024.27>', 'BatchTimestamp<batch_index: 3600, timestamp: 1584139142.19>', 'BatchTimestamp<batch_index: 3700, timestamp: 1584139211.14>', 'BatchTimestamp<batch_index: 3800, timestamp: 1584139279.46>', 'BatchTimestamp<batch_index: 3900, timestamp: 1584139348.34>', 'BatchTimestamp<batch_index: 4000, timestamp: 1584139416.94>', 'BatchTimestamp<batch_index: 4100, timestamp: 1584139534.98>', 'BatchTimestamp<batch_index: 4200, timestamp: 1584139604.41>', 'BatchTimestamp<batch_index: 4300, timestamp: 1584139672.84>', 'BatchTimestamp<batch_index: 4400, timestamp: 1584139741.66>', 'BatchTimestamp<batch_index: 4500, timestamp: 1584139810.23>', 'BatchTimestamp<batch_index: 4600, timestamp: 1584139927.57>', 'BatchTimestamp<batch_index: 4700, timestamp: 1584139996.24>', 'BatchTimestamp<batch_index: 4800, timestamp: 1584140064.57>', 'BatchTimestamp<batch_index: 4900, timestamp: 1584140133.28>', 'BatchTimestamp<batch_index: 5000, timestamp: 1584140202.16>'], 'accuracy_top_1': 0.32536056637763977, 'avg_exp_per_second': 133.05204783256687, 'train_finish_time': 1584140250.037699, 'eval_loss': 4.2201295076272425}
