2020-03-13 21:36:03.016978: I tensorflow/stream_executor/platform/default/dso_loader.cc:44] Successfully opened dynamic library libcudart.so.10.0
2020-03-13 21:36:09.504962: I tensorflow/stream_executor/platform/default/dso_loader.cc:44] Successfully opened dynamic library libcuda.so.1
2020-03-13 21:36:13.661834: I tensorflow/stream_executor/cuda/cuda_gpu_executor.cc:1006] successful NUMA node read from SysFS had negative value (-1), but there must be at least one NUMA node, so returning NUMA node zero
2020-03-13 21:36:13.662519: I tensorflow/core/common_runtime/gpu/gpu_device.cc:1618] Found device 0 with properties: 
name: Tesla V100-SXM2-16GB major: 7 minor: 0 memoryClockRate(GHz): 1.53
pciBusID: 0000:00:07.0
2020-03-13 21:36:13.662543: I tensorflow/stream_executor/platform/default/dso_loader.cc:44] Successfully opened dynamic library libcudart.so.10.0
2020-03-13 21:36:14.325353: I tensorflow/stream_executor/platform/default/dso_loader.cc:44] Successfully opened dynamic library libcublas.so.10.0
2020-03-13 21:36:14.688233: I tensorflow/stream_executor/platform/default/dso_loader.cc:44] Successfully opened dynamic library libcufft.so.10.0
2020-03-13 21:36:14.900803: I tensorflow/stream_executor/platform/default/dso_loader.cc:44] Successfully opened dynamic library libcurand.so.10.0
2020-03-13 21:36:15.592148: I tensorflow/stream_executor/platform/default/dso_loader.cc:44] Successfully opened dynamic library libcusolver.so.10.0
2020-03-13 21:36:16.111178: I tensorflow/stream_executor/platform/default/dso_loader.cc:44] Successfully opened dynamic library libcusparse.so.10.0
2020-03-13 21:36:17.979911: I tensorflow/stream_executor/platform/default/dso_loader.cc:44] Successfully opened dynamic library libcudnn.so.7
2020-03-13 21:36:17.980121: I tensorflow/stream_executor/cuda/cuda_gpu_executor.cc:1006] successful NUMA node read from SysFS had negative value (-1), but there must be at least one NUMA node, so returning NUMA node zero
2020-03-13 21:36:17.983400: I tensorflow/stream_executor/cuda/cuda_gpu_executor.cc:1006] successful NUMA node read from SysFS had negative value (-1), but there must be at least one NUMA node, so returning NUMA node zero
2020-03-13 21:36:17.986267: I tensorflow/core/common_runtime/gpu/gpu_device.cc:1746] Adding visible gpu devices: 0
2020-03-13 21:36:18.029268: I tensorflow/core/platform/cpu_feature_guard.cc:142] Your CPU supports instructions that this TensorFlow binary was not compiled to use: AVX2 FMA
2020-03-13 21:36:18.569661: I tensorflow/core/platform/profile_utils/cpu_utils.cc:94] CPU Frequency: 2300000000 Hz
2020-03-13 21:36:18.571484: I tensorflow/compiler/xla/service/service.cc:168] XLA service 0x55869ef97b80 executing computations on platform Host. Devices:
2020-03-13 21:36:18.571515: I tensorflow/compiler/xla/service/service.cc:175]   StreamExecutor device (0): Host, Default Version
2020-03-13 21:36:19.528005: I tensorflow/stream_executor/cuda/cuda_gpu_executor.cc:1006] successful NUMA node read from SysFS had negative value (-1), but there must be at least one NUMA node, so returning NUMA node zero
2020-03-13 21:36:19.531271: I tensorflow/compiler/xla/service/service.cc:168] XLA service 0x55869effa560 executing computations on platform CUDA. Devices:
2020-03-13 21:36:19.531315: I tensorflow/compiler/xla/service/service.cc:175]   StreamExecutor device (0): Tesla V100-SXM2-16GB, Compute Capability 7.0
2020-03-13 21:36:19.531528: I tensorflow/stream_executor/cuda/cuda_gpu_executor.cc:1006] successful NUMA node read from SysFS had negative value (-1), but there must be at least one NUMA node, so returning NUMA node zero
2020-03-13 21:36:19.534484: I tensorflow/core/common_runtime/gpu/gpu_device.cc:1618] Found device 0 with properties: 
name: Tesla V100-SXM2-16GB major: 7 minor: 0 memoryClockRate(GHz): 1.53
pciBusID: 0000:00:07.0
2020-03-13 21:36:19.534511: I tensorflow/stream_executor/platform/default/dso_loader.cc:44] Successfully opened dynamic library libcudart.so.10.0
2020-03-13 21:36:19.534540: I tensorflow/stream_executor/platform/default/dso_loader.cc:44] Successfully opened dynamic library libcublas.so.10.0
2020-03-13 21:36:19.534548: I tensorflow/stream_executor/platform/default/dso_loader.cc:44] Successfully opened dynamic library libcufft.so.10.0
2020-03-13 21:36:19.534557: I tensorflow/stream_executor/platform/default/dso_loader.cc:44] Successfully opened dynamic library libcurand.so.10.0
2020-03-13 21:36:19.534565: I tensorflow/stream_executor/platform/default/dso_loader.cc:44] Successfully opened dynamic library libcusolver.so.10.0
2020-03-13 21:36:19.534573: I tensorflow/stream_executor/platform/default/dso_loader.cc:44] Successfully opened dynamic library libcusparse.so.10.0
2020-03-13 21:36:19.534581: I tensorflow/stream_executor/platform/default/dso_loader.cc:44] Successfully opened dynamic library libcudnn.so.7
2020-03-13 21:36:19.534632: I tensorflow/stream_executor/cuda/cuda_gpu_executor.cc:1006] successful NUMA node read from SysFS had negative value (-1), but there must be at least one NUMA node, so returning NUMA node zero
2020-03-13 21:36:19.537639: I tensorflow/stream_executor/cuda/cuda_gpu_executor.cc:1006] successful NUMA node read from SysFS had negative value (-1), but there must be at least one NUMA node, so returning NUMA node zero
2020-03-13 21:36:19.540576: I tensorflow/core/common_runtime/gpu/gpu_device.cc:1746] Adding visible gpu devices: 0
2020-03-13 21:36:19.561530: I tensorflow/stream_executor/platform/default/dso_loader.cc:44] Successfully opened dynamic library libcudart.so.10.0
2020-03-13 21:36:26.189830: I tensorflow/core/common_runtime/gpu/gpu_device.cc:1159] Device interconnect StreamExecutor with strength 1 edge matrix:
2020-03-13 21:36:26.189868: I tensorflow/core/common_runtime/gpu/gpu_device.cc:1165]      0 
2020-03-13 21:36:26.189875: I tensorflow/core/common_runtime/gpu/gpu_device.cc:1178] 0:   N 
2020-03-13 21:36:26.190183: I tensorflow/stream_executor/cuda/cuda_gpu_executor.cc:1006] successful NUMA node read from SysFS had negative value (-1), but there must be at least one NUMA node, so returning NUMA node zero
2020-03-13 21:36:26.190895: I tensorflow/stream_executor/cuda/cuda_gpu_executor.cc:1006] successful NUMA node read from SysFS had negative value (-1), but there must be at least one NUMA node, so returning NUMA node zero
2020-03-13 21:36:26.191538: I tensorflow/core/common_runtime/gpu/gpu_device.cc:1304] Created TensorFlow device (/job:localhost/replica:0/task:0/device:GPU:0 with 14828 MB memory) -> physical GPU (device: 0, name: Tesla V100-SXM2-16GB, pci bus id: 0000:00:07.0, compute capability: 7.0)
WARNING:tensorflow:From /usr/local/lib/python2.7/dist-packages/tensorflow_core/python/ops/image_ops_impl.py:2487: sample_distorted_bounding_box (from tensorflow.python.ops.image_ops_impl) is deprecated and will be removed in a future version.
Instructions for updating:
`seed2` arg is deprecated.Use sample_distorted_bounding_box_v2 instead.
W0313 21:36:28.304352 139622930757056 deprecation.py:323] From /usr/local/lib/python2.7/dist-packages/tensorflow_core/python/ops/image_ops_impl.py:2487: sample_distorted_bounding_box (from tensorflow.python.ops.image_ops_impl) is deprecated and will be removed in a future version.
Instructions for updating:
`seed2` arg is deprecated.Use sample_distorted_bounding_box_v2 instead.
2020-03-13 21:36:43.203062: I tensorflow/stream_executor/platform/default/dso_loader.cc:44] Successfully opened dynamic library libcublas.so.10.0
2020-03-13 21:36:54.787117: I tensorflow/core/kernels/data/shuffle_dataset_op.cc:143] Filling up shuffle buffer (this may take a while): 2228 of 10000
2020-03-13 21:37:04.707599: I tensorflow/core/kernels/data/shuffle_dataset_op.cc:143] Filling up shuffle buffer (this may take a while): 4640 of 10000
2020-03-13 21:37:14.723800: I tensorflow/core/kernels/data/shuffle_dataset_op.cc:143] Filling up shuffle buffer (this may take a while): 7205 of 10000
2020-03-13 21:37:24.730059: I tensorflow/core/kernels/data/shuffle_dataset_op.cc:143] Filling up shuffle buffer (this may take a while): 9427 of 10000
2020-03-13 21:37:26.639447: I tensorflow/core/kernels/data/shuffle_dataset_op.cc:193] Shuffle buffer filled.
2020-03-13 21:37:29.032165: I tensorflow/stream_executor/platform/default/dso_loader.cc:44] Successfully opened dynamic library libcudnn.so.7
WARNING:tensorflow:Method (on_train_batch_end) is slow compared to the batch update (0.543155). Check your callbacks.
W0313 21:37:42.560728 139622930757056 callbacks.py:244] Method (on_train_batch_end) is slow compared to the batch update (0.543155). Check your callbacks.
I0313 21:43:47.751348 139622930757056 keras_utils.py:88] BenchmarkMetric: {'global step':100, 'time_taken': 434.774985,'examples_per_second': 29.440516}
I0313 21:48:39.281658 139622930757056 keras_utils.py:88] BenchmarkMetric: {'global step':200, 'time_taken': 291.530349,'examples_per_second': 43.906235}
I0313 21:52:12.629179 139622930757056 keras_utils.py:88] BenchmarkMetric: {'global step':300, 'time_taken': 213.347524,'examples_per_second': 59.996009}
I0313 21:54:48.917929 139622930757056 keras_utils.py:88] BenchmarkMetric: {'global step':400, 'time_taken': 156.288760,'examples_per_second': 81.899684}
I0313 21:56:40.496364 139622930757056 keras_utils.py:88] BenchmarkMetric: {'global step':500, 'time_taken': 111.578438,'examples_per_second': 114.717505}
I0313 21:58:16.658647 139622930757056 keras_utils.py:96] BenchmarkMetric: {'epoch':0, 'time_taken': 1304.358736}
I0313 21:59:36.305883 139622930757056 keras_utils.py:88] BenchmarkMetric: {'global step':600, 'time_taken': 175.809493,'examples_per_second': 72.806080}
I0313 22:00:45.721842 139622930757056 keras_utils.py:88] BenchmarkMetric: {'global step':700, 'time_taken': 69.415982,'examples_per_second': 184.395576}
I0313 22:01:55.112361 139622930757056 keras_utils.py:88] BenchmarkMetric: {'global step':800, 'time_taken': 69.390511,'examples_per_second': 184.463262}
I0313 22:03:05.709527 139622930757056 keras_utils.py:88] BenchmarkMetric: {'global step':900, 'time_taken': 70.597159,'examples_per_second': 181.310412}
I0313 22:04:15.378567 139622930757056 keras_utils.py:88] BenchmarkMetric: {'global step':1000, 'time_taken': 69.669052,'examples_per_second': 183.725767}
I0313 22:05:04.082854 139622930757056 keras_utils.py:96] BenchmarkMetric: {'epoch':1, 'time_taken': 407.416372}
I0313 22:06:13.333167 139622930757056 keras_utils.py:88] BenchmarkMetric: {'global step':1100, 'time_taken': 117.954602,'examples_per_second': 108.516326}
I0313 22:07:22.487025 139622930757056 keras_utils.py:88] BenchmarkMetric: {'global step':1200, 'time_taken': 69.153864,'examples_per_second': 185.094501}
I0313 22:08:31.492528 139622930757056 keras_utils.py:88] BenchmarkMetric: {'global step':1300, 'time_taken': 69.005488,'examples_per_second': 185.492493}
I0313 22:09:40.135817 139622930757056 keras_utils.py:88] BenchmarkMetric: {'global step':1400, 'time_taken': 68.643301,'examples_per_second': 186.471219}
I0313 22:10:48.920619 139622930757056 keras_utils.py:88] BenchmarkMetric: {'global step':1500, 'time_taken': 68.784803,'examples_per_second': 186.087616}
I0313 22:11:37.952624 139622930757056 keras_utils.py:96] BenchmarkMetric: {'epoch':2, 'time_taken': 393.869327}
I0313 22:12:46.954108 139622930757056 keras_utils.py:88] BenchmarkMetric: {'global step':1600, 'time_taken': 118.033465,'examples_per_second': 108.443821}
I0313 22:13:55.678499 139622930757056 keras_utils.py:88] BenchmarkMetric: {'global step':1700, 'time_taken': 68.724399,'examples_per_second': 186.251174}
I0313 22:15:04.731487 139622930757056 keras_utils.py:88] BenchmarkMetric: {'global step':1800, 'time_taken': 69.053006,'examples_per_second': 185.364849}
I0313 22:16:13.408123 139622930757056 keras_utils.py:88] BenchmarkMetric: {'global step':1900, 'time_taken': 68.676613,'examples_per_second': 186.380770}
I0313 22:17:21.809947 139622930757056 keras_utils.py:88] BenchmarkMetric: {'global step':2000, 'time_taken': 68.401831,'examples_per_second': 187.129494}
I0313 22:18:10.408715 139622930757056 keras_utils.py:96] BenchmarkMetric: {'epoch':3, 'time_taken': 392.455482}
I0313 22:19:19.921600 139622930757056 keras_utils.py:88] BenchmarkMetric: {'global step':2100, 'time_taken': 118.111654,'examples_per_second': 108.372032}
I0313 22:20:28.417298 139622930757056 keras_utils.py:88] BenchmarkMetric: {'global step':2200, 'time_taken': 68.495711,'examples_per_second': 186.873014}
I0313 22:21:37.446166 139622930757056 keras_utils.py:88] BenchmarkMetric: {'global step':2300, 'time_taken': 69.028869,'examples_per_second': 185.429664}
I0313 22:22:46.580467 139622930757056 keras_utils.py:88] BenchmarkMetric: {'global step':2400, 'time_taken': 69.134228,'examples_per_second': 185.147074}
I0313 22:23:55.566972 139622930757056 keras_utils.py:88] BenchmarkMetric: {'global step':2500, 'time_taken': 68.986560,'examples_per_second': 185.543387}
I0313 22:24:44.534254 139622930757056 keras_utils.py:96] BenchmarkMetric: {'epoch':4, 'time_taken': 394.125081}
I0313 22:25:53.961529 139622930757056 keras_utils.py:88] BenchmarkMetric: {'global step':2600, 'time_taken': 118.394575,'examples_per_second': 108.113062}
I0313 22:27:03.213553 139622930757056 keras_utils.py:88] BenchmarkMetric: {'global step':2700, 'time_taken': 69.252023,'examples_per_second': 184.832146}
I0313 22:28:12.277910 139622930757056 keras_utils.py:88] BenchmarkMetric: {'global step':2800, 'time_taken': 69.064355,'examples_per_second': 185.334388}
I0313 22:29:21.005424 139622930757056 keras_utils.py:88] BenchmarkMetric: {'global step':2900, 'time_taken': 68.727487,'examples_per_second': 186.242805}
I0313 22:30:29.964257 139622930757056 keras_utils.py:88] BenchmarkMetric: {'global step':3000, 'time_taken': 68.958861,'examples_per_second': 185.617915}
I0313 22:31:18.633738 139622930757056 keras_utils.py:96] BenchmarkMetric: {'epoch':5, 'time_taken': 394.099076}
I0313 22:32:27.615171 139622930757056 keras_utils.py:88] BenchmarkMetric: {'global step':3100, 'time_taken': 117.650916,'examples_per_second': 108.796433}
I0313 22:33:35.932966 139622930757056 keras_utils.py:88] BenchmarkMetric: {'global step':3200, 'time_taken': 68.317772,'examples_per_second': 187.359740}
I0313 22:34:45.033422 139622930757056 keras_utils.py:88] BenchmarkMetric: {'global step':3300, 'time_taken': 69.100463,'examples_per_second': 185.237543}
I0313 22:35:54.772181 139622930757056 keras_utils.py:88] BenchmarkMetric: {'global step':3400, 'time_taken': 69.738778,'examples_per_second': 183.542074}
I0313 22:37:04.248006 139622930757056 keras_utils.py:88] BenchmarkMetric: {'global step':3500, 'time_taken': 69.475803,'examples_per_second': 184.236806}
I0313 22:37:53.134032 139622930757056 keras_utils.py:96] BenchmarkMetric: {'epoch':6, 'time_taken': 394.499809}
I0313 22:39:02.193486 139622930757056 keras_utils.py:88] BenchmarkMetric: {'global step':3600, 'time_taken': 117.945500,'examples_per_second': 108.524700}
I0313 22:40:11.146159 139622930757056 keras_utils.py:88] BenchmarkMetric: {'global step':3700, 'time_taken': 68.952658,'examples_per_second': 185.634613}
I0313 22:41:19.449682 139622930757056 keras_utils.py:88] BenchmarkMetric: {'global step':3800, 'time_taken': 68.303520,'examples_per_second': 187.398834}
I0313 22:42:28.351212 139622930757056 keras_utils.py:88] BenchmarkMetric: {'global step':3900, 'time_taken': 68.901518,'examples_per_second': 185.772394}
I0313 22:43:36.944819 139622930757056 keras_utils.py:88] BenchmarkMetric: {'global step':4000, 'time_taken': 68.593621,'examples_per_second': 186.606273}
I0313 22:44:26.087425 139622930757056 keras_utils.py:96] BenchmarkMetric: {'epoch':7, 'time_taken': 392.952673}
I0313 22:45:34.985963 139622930757056 keras_utils.py:88] BenchmarkMetric: {'global step':4100, 'time_taken': 118.041159,'examples_per_second': 108.436753}
I0313 22:46:44.405072 139622930757056 keras_utils.py:88] BenchmarkMetric: {'global step':4200, 'time_taken': 69.419091,'examples_per_second': 184.387318}
I0313 22:47:52.841263 139622930757056 keras_utils.py:88] BenchmarkMetric: {'global step':4300, 'time_taken': 68.436199,'examples_per_second': 187.035519}
I0313 22:49:01.662480 139622930757056 keras_utils.py:88] BenchmarkMetric: {'global step':4400, 'time_taken': 68.821197,'examples_per_second': 185.989209}
I0313 22:50:10.226921 139622930757056 keras_utils.py:88] BenchmarkMetric: {'global step':4500, 'time_taken': 68.564470,'examples_per_second': 186.685611}
I0313 22:50:58.727410 139622930757056 keras_utils.py:96] BenchmarkMetric: {'epoch':8, 'time_taken': 392.639371}
I0313 22:52:07.570472 139622930757056 keras_utils.py:88] BenchmarkMetric: {'global step':4600, 'time_taken': 117.343538,'examples_per_second': 109.081422}
I0313 22:53:16.237261 139622930757056 keras_utils.py:88] BenchmarkMetric: {'global step':4700, 'time_taken': 68.666795,'examples_per_second': 186.407419}
I0313 22:54:24.574177 139622930757056 keras_utils.py:88] BenchmarkMetric: {'global step':4800, 'time_taken': 68.336892,'examples_per_second': 187.307319}
I0313 22:55:33.284851 139622930757056 keras_utils.py:88] BenchmarkMetric: {'global step':4900, 'time_taken': 68.710692,'examples_per_second': 186.288329}
I0313 22:56:42.159924 139622930757056 keras_utils.py:88] BenchmarkMetric: {'global step':5000, 'time_taken': 68.875054,'examples_per_second': 185.843774}
I0313 22:57:31.141602 139622930757056 keras_utils.py:96] BenchmarkMetric: {'epoch':9, 'time_taken': 392.413798}
I0313 22:58:13.300240 139622930757056 kungfu_resnet_main.py:270] Run stats:
{'loss': 4.170537977218628, 'training_accuracy_top_1': 0.33960938453674316, 'step_timestamp_log': ['BatchTimestamp<batch_index: 1, timestamp: 1584135392.98>', 'BatchTimestamp<batch_index: 100, timestamp: 1584135827.75>', 'BatchTimestamp<batch_index: 200, timestamp: 1584136119.28>', 'BatchTimestamp<batch_index: 300, timestamp: 1584136332.63>', 'BatchTimestamp<batch_index: 400, timestamp: 1584136488.92>', 'BatchTimestamp<batch_index: 500, timestamp: 1584136600.5>', 'BatchTimestamp<batch_index: 600, timestamp: 1584136776.31>', 'BatchTimestamp<batch_index: 700, timestamp: 1584136845.72>', 'BatchTimestamp<batch_index: 800, timestamp: 1584136915.11>', 'BatchTimestamp<batch_index: 900, timestamp: 1584136985.71>', 'BatchTimestamp<batch_index: 1000, timestamp: 1584137055.38>', 'BatchTimestamp<batch_index: 1100, timestamp: 1584137173.33>', 'BatchTimestamp<batch_index: 1200, timestamp: 1584137242.49>', 'BatchTimestamp<batch_index: 1300, timestamp: 1584137311.49>', 'BatchTimestamp<batch_index: 1400, timestamp: 1584137380.14>', 'BatchTimestamp<batch_index: 1500, timestamp: 1584137448.92>', 'BatchTimestamp<batch_index: 1600, timestamp: 1584137566.95>', 'BatchTimestamp<batch_index: 1700, timestamp: 1584137635.68>', 'BatchTimestamp<batch_index: 1800, timestamp: 1584137704.73>', 'BatchTimestamp<batch_index: 1900, timestamp: 1584137773.41>', 'BatchTimestamp<batch_index: 2000, timestamp: 1584137841.81>', 'BatchTimestamp<batch_index: 2100, timestamp: 1584137959.92>', 'BatchTimestamp<batch_index: 2200, timestamp: 1584138028.42>', 'BatchTimestamp<batch_index: 2300, timestamp: 1584138097.45>', 'BatchTimestamp<batch_index: 2400, timestamp: 1584138166.58>', 'BatchTimestamp<batch_index: 2500, timestamp: 1584138235.57>', 'BatchTimestamp<batch_index: 2600, timestamp: 1584138353.96>', 'BatchTimestamp<batch_index: 2700, timestamp: 1584138423.21>', 'BatchTimestamp<batch_index: 2800, timestamp: 1584138492.28>', 'BatchTimestamp<batch_index: 2900, timestamp: 1584138561.01>', 'BatchTimestamp<batch_index: 3000, timestamp: 1584138629.96>', 'BatchTimestamp<batch_index: 3100, timestamp: 1584138747.62>', 'BatchTimestamp<batch_index: 3200, timestamp: 1584138815.93>', 'BatchTimestamp<batch_index: 3300, timestamp: 1584138885.03>', 'BatchTimestamp<batch_index: 3400, timestamp: 1584138954.77>', 'BatchTimestamp<batch_index: 3500, timestamp: 1584139024.25>', 'BatchTimestamp<batch_index: 3600, timestamp: 1584139142.19>', 'BatchTimestamp<batch_index: 3700, timestamp: 1584139211.15>', 'BatchTimestamp<batch_index: 3800, timestamp: 1584139279.45>', 'BatchTimestamp<batch_index: 3900, timestamp: 1584139348.35>', 'BatchTimestamp<batch_index: 4000, timestamp: 1584139416.94>', 'BatchTimestamp<batch_index: 4100, timestamp: 1584139534.99>', 'BatchTimestamp<batch_index: 4200, timestamp: 1584139604.41>', 'BatchTimestamp<batch_index: 4300, timestamp: 1584139672.84>', 'BatchTimestamp<batch_index: 4400, timestamp: 1584139741.66>', 'BatchTimestamp<batch_index: 4500, timestamp: 1584139810.23>', 'BatchTimestamp<batch_index: 4600, timestamp: 1584139927.57>', 'BatchTimestamp<batch_index: 4700, timestamp: 1584139996.24>', 'BatchTimestamp<batch_index: 4800, timestamp: 1584140064.57>', 'BatchTimestamp<batch_index: 4900, timestamp: 1584140133.28>', 'BatchTimestamp<batch_index: 5000, timestamp: 1584140202.16>'], 'accuracy_top_1': 0.3250400722026825, 'avg_exp_per_second': 133.07872091483637, 'train_finish_time': 1584140251.142007, 'eval_loss': 4.220999423051492}
