2020-03-13 21:36:03.019668: I tensorflow/stream_executor/platform/default/dso_loader.cc:44] Successfully opened dynamic library libcudart.so.10.0
2020-03-13 21:36:09.504962: I tensorflow/stream_executor/platform/default/dso_loader.cc:44] Successfully opened dynamic library libcuda.so.1
2020-03-13 21:36:13.626375: I tensorflow/stream_executor/cuda/cuda_gpu_executor.cc:1006] successful NUMA node read from SysFS had negative value (-1), but there must be at least one NUMA node, so returning NUMA node zero
2020-03-13 21:36:13.637410: I tensorflow/core/common_runtime/gpu/gpu_device.cc:1618] Found device 0 with properties: 
name: Tesla V100-SXM2-16GB major: 7 minor: 0 memoryClockRate(GHz): 1.53
pciBusID: 0000:00:05.0
2020-03-13 21:36:13.637454: I tensorflow/stream_executor/platform/default/dso_loader.cc:44] Successfully opened dynamic library libcudart.so.10.0
2020-03-13 21:36:14.325355: I tensorflow/stream_executor/platform/default/dso_loader.cc:44] Successfully opened dynamic library libcublas.so.10.0
2020-03-13 21:36:14.688233: I tensorflow/stream_executor/platform/default/dso_loader.cc:44] Successfully opened dynamic library libcufft.so.10.0
2020-03-13 21:36:14.900800: I tensorflow/stream_executor/platform/default/dso_loader.cc:44] Successfully opened dynamic library libcurand.so.10.0
2020-03-13 21:36:15.592148: I tensorflow/stream_executor/platform/default/dso_loader.cc:44] Successfully opened dynamic library libcusolver.so.10.0
2020-03-13 21:36:16.111178: I tensorflow/stream_executor/platform/default/dso_loader.cc:44] Successfully opened dynamic library libcusparse.so.10.0
2020-03-13 21:36:17.979909: I tensorflow/stream_executor/platform/default/dso_loader.cc:44] Successfully opened dynamic library libcudnn.so.7
2020-03-13 21:36:17.980121: I tensorflow/stream_executor/cuda/cuda_gpu_executor.cc:1006] successful NUMA node read from SysFS had negative value (-1), but there must be at least one NUMA node, so returning NUMA node zero
2020-03-13 21:36:17.983458: I tensorflow/stream_executor/cuda/cuda_gpu_executor.cc:1006] successful NUMA node read from SysFS had negative value (-1), but there must be at least one NUMA node, so returning NUMA node zero
2020-03-13 21:36:17.986398: I tensorflow/core/common_runtime/gpu/gpu_device.cc:1746] Adding visible gpu devices: 0
2020-03-13 21:36:18.029268: I tensorflow/core/platform/cpu_feature_guard.cc:142] Your CPU supports instructions that this TensorFlow binary was not compiled to use: AVX2 FMA
2020-03-13 21:36:18.569694: I tensorflow/core/platform/profile_utils/cpu_utils.cc:94] CPU Frequency: 2300000000 Hz
2020-03-13 21:36:18.571773: I tensorflow/compiler/xla/service/service.cc:168] XLA service 0x5631bf4c8ea0 executing computations on platform Host. Devices:
2020-03-13 21:36:18.571795: I tensorflow/compiler/xla/service/service.cc:175]   StreamExecutor device (0): Host, Default Version
2020-03-13 21:36:19.527962: I tensorflow/stream_executor/cuda/cuda_gpu_executor.cc:1006] successful NUMA node read from SysFS had negative value (-1), but there must be at least one NUMA node, so returning NUMA node zero
2020-03-13 21:36:19.531154: I tensorflow/compiler/xla/service/service.cc:168] XLA service 0x5631bf52b8c0 executing computations on platform CUDA. Devices:
2020-03-13 21:36:19.531175: I tensorflow/compiler/xla/service/service.cc:175]   StreamExecutor device (0): Tesla V100-SXM2-16GB, Compute Capability 7.0
2020-03-13 21:36:19.531417: I tensorflow/stream_executor/cuda/cuda_gpu_executor.cc:1006] successful NUMA node read from SysFS had negative value (-1), but there must be at least one NUMA node, so returning NUMA node zero
2020-03-13 21:36:19.534321: I tensorflow/core/common_runtime/gpu/gpu_device.cc:1618] Found device 0 with properties: 
name: Tesla V100-SXM2-16GB major: 7 minor: 0 memoryClockRate(GHz): 1.53
pciBusID: 0000:00:05.0
2020-03-13 21:36:19.534359: I tensorflow/stream_executor/platform/default/dso_loader.cc:44] Successfully opened dynamic library libcudart.so.10.0
2020-03-13 21:36:19.534410: I tensorflow/stream_executor/platform/default/dso_loader.cc:44] Successfully opened dynamic library libcublas.so.10.0
2020-03-13 21:36:19.534419: I tensorflow/stream_executor/platform/default/dso_loader.cc:44] Successfully opened dynamic library libcufft.so.10.0
2020-03-13 21:36:19.534427: I tensorflow/stream_executor/platform/default/dso_loader.cc:44] Successfully opened dynamic library libcurand.so.10.0
2020-03-13 21:36:19.534436: I tensorflow/stream_executor/platform/default/dso_loader.cc:44] Successfully opened dynamic library libcusolver.so.10.0
2020-03-13 21:36:19.534444: I tensorflow/stream_executor/platform/default/dso_loader.cc:44] Successfully opened dynamic library libcusparse.so.10.0
2020-03-13 21:36:19.534452: I tensorflow/stream_executor/platform/default/dso_loader.cc:44] Successfully opened dynamic library libcudnn.so.7
2020-03-13 21:36:19.534509: I tensorflow/stream_executor/cuda/cuda_gpu_executor.cc:1006] successful NUMA node read from SysFS had negative value (-1), but there must be at least one NUMA node, so returning NUMA node zero
2020-03-13 21:36:19.537487: I tensorflow/stream_executor/cuda/cuda_gpu_executor.cc:1006] successful NUMA node read from SysFS had negative value (-1), but there must be at least one NUMA node, so returning NUMA node zero
2020-03-13 21:36:19.540462: I tensorflow/core/common_runtime/gpu/gpu_device.cc:1746] Adding visible gpu devices: 0
2020-03-13 21:36:19.561533: I tensorflow/stream_executor/platform/default/dso_loader.cc:44] Successfully opened dynamic library libcudart.so.10.0
2020-03-13 21:36:26.164377: I tensorflow/core/common_runtime/gpu/gpu_device.cc:1159] Device interconnect StreamExecutor with strength 1 edge matrix:
2020-03-13 21:36:26.164421: I tensorflow/core/common_runtime/gpu/gpu_device.cc:1165]      0 
2020-03-13 21:36:26.164429: I tensorflow/core/common_runtime/gpu/gpu_device.cc:1178] 0:   N 
2020-03-13 21:36:26.164766: I tensorflow/stream_executor/cuda/cuda_gpu_executor.cc:1006] successful NUMA node read from SysFS had negative value (-1), but there must be at least one NUMA node, so returning NUMA node zero
2020-03-13 21:36:26.165510: I tensorflow/stream_executor/cuda/cuda_gpu_executor.cc:1006] successful NUMA node read from SysFS had negative value (-1), but there must be at least one NUMA node, so returning NUMA node zero
2020-03-13 21:36:26.166192: I tensorflow/core/common_runtime/gpu/gpu_device.cc:1304] Created TensorFlow device (/job:localhost/replica:0/task:0/device:GPU:0 with 14828 MB memory) -> physical GPU (device: 0, name: Tesla V100-SXM2-16GB, pci bus id: 0000:00:05.0, compute capability: 7.0)
WARNING:tensorflow:From /usr/local/lib/python2.7/dist-packages/tensorflow_core/python/ops/image_ops_impl.py:2487: sample_distorted_bounding_box (from tensorflow.python.ops.image_ops_impl) is deprecated and will be removed in a future version.
Instructions for updating:
`seed2` arg is deprecated.Use sample_distorted_bounding_box_v2 instead.
W0313 21:36:28.300762 139784168887744 deprecation.py:323] From /usr/local/lib/python2.7/dist-packages/tensorflow_core/python/ops/image_ops_impl.py:2487: sample_distorted_bounding_box (from tensorflow.python.ops.image_ops_impl) is deprecated and will be removed in a future version.
Instructions for updating:
`seed2` arg is deprecated.Use sample_distorted_bounding_box_v2 instead.
2020-03-13 21:36:43.203057: I tensorflow/stream_executor/platform/default/dso_loader.cc:44] Successfully opened dynamic library libcublas.so.10.0
2020-03-13 21:36:54.697818: I tensorflow/core/kernels/data/shuffle_dataset_op.cc:143] Filling up shuffle buffer (this may take a while): 2224 of 10000
2020-03-13 21:37:05.178431: I tensorflow/core/kernels/data/shuffle_dataset_op.cc:143] Filling up shuffle buffer (this may take a while): 4267 of 10000
2020-03-13 21:37:14.980462: I tensorflow/core/kernels/data/shuffle_dataset_op.cc:143] Filling up shuffle buffer (this may take a while): 6436 of 10000
2020-03-13 21:37:24.697721: I tensorflow/core/kernels/data/shuffle_dataset_op.cc:143] Filling up shuffle buffer (this may take a while): 8950 of 10000
2020-03-13 21:37:29.646120: I tensorflow/core/kernels/data/shuffle_dataset_op.cc:193] Shuffle buffer filled.
2020-03-13 21:37:30.924288: I tensorflow/stream_executor/platform/default/dso_loader.cc:44] Successfully opened dynamic library libcudnn.so.7
WARNING:tensorflow:Method (on_train_batch_end) is slow compared to the batch update (0.539666). Check your callbacks.
W0313 21:37:42.560544 139784168887744 callbacks.py:244] Method (on_train_batch_end) is slow compared to the batch update (0.539666). Check your callbacks.
I0313 21:43:47.752733 139784168887744 keras_utils.py:88] BenchmarkMetric: {'global step':100, 'time_taken': 434.776275,'examples_per_second': 29.440429}
I0313 21:48:39.281004 139784168887744 keras_utils.py:88] BenchmarkMetric: {'global step':200, 'time_taken': 291.528415,'examples_per_second': 43.906526}
I0313 21:52:12.626867 139784168887744 keras_utils.py:88] BenchmarkMetric: {'global step':300, 'time_taken': 213.345849,'examples_per_second': 59.996480}
I0313 21:54:48.903309 139784168887744 keras_utils.py:88] BenchmarkMetric: {'global step':400, 'time_taken': 156.276445,'examples_per_second': 81.906138}
I0313 21:56:40.496038 139784168887744 keras_utils.py:88] BenchmarkMetric: {'global step':500, 'time_taken': 111.592741,'examples_per_second': 114.702801}
I0313 21:58:16.659463 139784168887744 keras_utils.py:96] BenchmarkMetric: {'epoch':0, 'time_taken': 1304.346941}
I0313 21:59:36.567289 139784168887744 keras_utils.py:88] BenchmarkMetric: {'global step':600, 'time_taken': 176.071235,'examples_per_second': 72.697849}
I0313 22:00:45.721224 139784168887744 keras_utils.py:88] BenchmarkMetric: {'global step':700, 'time_taken': 69.153945,'examples_per_second': 185.094285}
I0313 22:01:55.110121 139784168887744 keras_utils.py:88] BenchmarkMetric: {'global step':800, 'time_taken': 69.388888,'examples_per_second': 184.467576}
I0313 22:03:05.701169 139784168887744 keras_utils.py:88] BenchmarkMetric: {'global step':900, 'time_taken': 70.591031,'examples_per_second': 181.326152}
I0313 22:04:15.378197 139784168887744 keras_utils.py:88] BenchmarkMetric: {'global step':1000, 'time_taken': 69.677059,'examples_per_second': 183.704654}
I0313 22:05:04.075766 139784168887744 keras_utils.py:96] BenchmarkMetric: {'epoch':1, 'time_taken': 407.414324}
I0313 22:06:13.333136 139784168887744 keras_utils.py:88] BenchmarkMetric: {'global step':1100, 'time_taken': 117.954939,'examples_per_second': 108.516016}
I0313 22:07:22.486614 139784168887744 keras_utils.py:88] BenchmarkMetric: {'global step':1200, 'time_taken': 69.153482,'examples_per_second': 185.095524}
I0313 22:08:31.492438 139784168887744 keras_utils.py:88] BenchmarkMetric: {'global step':1300, 'time_taken': 69.005820,'examples_per_second': 185.491600}
I0313 22:09:40.155395 139784168887744 keras_utils.py:88] BenchmarkMetric: {'global step':1400, 'time_taken': 68.662950,'examples_per_second': 186.417857}
I0313 22:10:48.920396 139784168887744 keras_utils.py:88] BenchmarkMetric: {'global step':1500, 'time_taken': 68.765006,'examples_per_second': 186.141189}
I0313 22:11:37.555747 139784168887744 keras_utils.py:96] BenchmarkMetric: {'epoch':2, 'time_taken': 393.479160}
I0313 22:12:46.971173 139784168887744 keras_utils.py:88] BenchmarkMetric: {'global step':1600, 'time_taken': 118.050763,'examples_per_second': 108.427931}
I0313 22:13:55.673926 139784168887744 keras_utils.py:88] BenchmarkMetric: {'global step':1700, 'time_taken': 68.702735,'examples_per_second': 186.309904}
I0313 22:15:04.731318 139784168887744 keras_utils.py:88] BenchmarkMetric: {'global step':1800, 'time_taken': 69.057428,'examples_per_second': 185.352979}
I0313 22:16:13.506548 139784168887744 keras_utils.py:88] BenchmarkMetric: {'global step':1900, 'time_taken': 68.775199,'examples_per_second': 186.113602}
I0313 22:17:21.847933 139784168887744 keras_utils.py:88] BenchmarkMetric: {'global step':2000, 'time_taken': 68.341405,'examples_per_second': 187.294949}
I0313 22:18:10.457192 139784168887744 keras_utils.py:96] BenchmarkMetric: {'epoch':3, 'time_taken': 392.900981}
I0313 22:19:19.926131 139784168887744 keras_utils.py:88] BenchmarkMetric: {'global step':2100, 'time_taken': 118.078174,'examples_per_second': 108.402760}
I0313 22:20:28.417130 139784168887744 keras_utils.py:88] BenchmarkMetric: {'global step':2200, 'time_taken': 68.491036,'examples_per_second': 186.885770}
I0313 22:21:37.446810 139784168887744 keras_utils.py:88] BenchmarkMetric: {'global step':2300, 'time_taken': 69.029677,'examples_per_second': 185.427493}
I0313 22:22:46.569056 139784168887744 keras_utils.py:88] BenchmarkMetric: {'global step':2400, 'time_taken': 69.122068,'examples_per_second': 185.179645}
I0313 22:23:55.548995 139784168887744 keras_utils.py:88] BenchmarkMetric: {'global step':2500, 'time_taken': 68.980104,'examples_per_second': 185.560752}
I0313 22:24:44.159337 139784168887744 keras_utils.py:96] BenchmarkMetric: {'epoch':4, 'time_taken': 393.701667}
I0313 22:25:53.961414 139784168887744 keras_utils.py:88] BenchmarkMetric: {'global step':2600, 'time_taken': 118.412427,'examples_per_second': 108.096763}
I0313 22:27:03.213318 139784168887744 keras_utils.py:88] BenchmarkMetric: {'global step':2700, 'time_taken': 69.251897,'examples_per_second': 184.832482}
I0313 22:28:12.276911 139784168887744 keras_utils.py:88] BenchmarkMetric: {'global step':2800, 'time_taken': 69.063608,'examples_per_second': 185.336393}
I0313 22:29:21.005661 139784168887744 keras_utils.py:88] BenchmarkMetric: {'global step':2900, 'time_taken': 68.728736,'examples_per_second': 186.239421}
I0313 22:30:29.957818 139784168887744 keras_utils.py:88] BenchmarkMetric: {'global step':3000, 'time_taken': 68.952168,'examples_per_second': 185.635932}
I0313 22:31:18.911974 139784168887744 keras_utils.py:96] BenchmarkMetric: {'epoch':5, 'time_taken': 394.752173}
I0313 22:32:27.615186 139784168887744 keras_utils.py:88] BenchmarkMetric: {'global step':3100, 'time_taken': 117.657369,'examples_per_second': 108.790466}
I0313 22:33:35.932872 139784168887744 keras_utils.py:88] BenchmarkMetric: {'global step':3200, 'time_taken': 68.317680,'examples_per_second': 187.359992}
I0313 22:34:45.038222 139784168887744 keras_utils.py:88] BenchmarkMetric: {'global step':3300, 'time_taken': 69.105333,'examples_per_second': 185.224490}
I0313 22:35:54.771939 139784168887744 keras_utils.py:88] BenchmarkMetric: {'global step':3400, 'time_taken': 69.733742,'examples_per_second': 183.555330}
I0313 22:37:04.243525 139784168887744 keras_utils.py:88] BenchmarkMetric: {'global step':3500, 'time_taken': 69.471571,'examples_per_second': 184.248029}
I0313 22:37:52.969270 139784168887744 keras_utils.py:96] BenchmarkMetric: {'epoch':6, 'time_taken': 394.055826}
I0313 22:39:02.193331 139784168887744 keras_utils.py:88] BenchmarkMetric: {'global step':3600, 'time_taken': 117.949818,'examples_per_second': 108.520727}
I0313 22:40:11.145155 139784168887744 keras_utils.py:88] BenchmarkMetric: {'global step':3700, 'time_taken': 68.951812,'examples_per_second': 185.636891}
I0313 22:41:19.443742 139784168887744 keras_utils.py:88] BenchmarkMetric: {'global step':3800, 'time_taken': 68.298605,'examples_per_second': 187.412320}
I0313 22:42:28.331965 139784168887744 keras_utils.py:88] BenchmarkMetric: {'global step':3900, 'time_taken': 68.888187,'examples_per_second': 185.808345}
I0313 22:43:36.944751 139784168887744 keras_utils.py:88] BenchmarkMetric: {'global step':4000, 'time_taken': 68.612821,'examples_per_second': 186.554055}
I0313 22:44:25.708769 139784168887744 keras_utils.py:96] BenchmarkMetric: {'epoch':7, 'time_taken': 392.739056}
I0313 22:45:34.985862 139784168887744 keras_utils.py:88] BenchmarkMetric: {'global step':4100, 'time_taken': 118.041072,'examples_per_second': 108.436833}
I0313 22:46:44.405466 139784168887744 keras_utils.py:88] BenchmarkMetric: {'global step':4200, 'time_taken': 69.419641,'examples_per_second': 184.385857}
I0313 22:47:52.840568 139784168887744 keras_utils.py:88] BenchmarkMetric: {'global step':4300, 'time_taken': 68.435085,'examples_per_second': 187.038563}
I0313 22:49:01.689696 139784168887744 keras_utils.py:88] BenchmarkMetric: {'global step':4400, 'time_taken': 68.849131,'examples_per_second': 185.913748}
I0313 22:50:10.229190 139784168887744 keras_utils.py:88] BenchmarkMetric: {'global step':4500, 'time_taken': 68.539501,'examples_per_second': 186.753621}
I0313 22:50:58.999835 139784168887744 keras_utils.py:96] BenchmarkMetric: {'epoch':8, 'time_taken': 393.290632}
I0313 22:52:07.570204 139784168887744 keras_utils.py:88] BenchmarkMetric: {'global step':4600, 'time_taken': 117.341019,'examples_per_second': 109.083764}
I0313 22:53:16.235331 139784168887744 keras_utils.py:88] BenchmarkMetric: {'global step':4700, 'time_taken': 68.665131,'examples_per_second': 186.411936}
I0313 22:54:24.573954 139784168887744 keras_utils.py:88] BenchmarkMetric: {'global step':4800, 'time_taken': 68.338621,'examples_per_second': 187.302580}
I0313 22:55:33.284209 139784168887744 keras_utils.py:88] BenchmarkMetric: {'global step':4900, 'time_taken': 68.710243,'examples_per_second': 186.289546}
I0313 22:56:42.159472 139784168887744 keras_utils.py:88] BenchmarkMetric: {'global step':5000, 'time_taken': 68.875269,'examples_per_second': 185.843194}
I0313 22:57:30.744956 139784168887744 keras_utils.py:96] BenchmarkMetric: {'epoch':9, 'time_taken': 391.744684}
I0313 22:58:12.627634 139784168887744 kungfu_resnet_main.py:270] Run stats:
{'loss': 4.1726122822761536, 'training_accuracy_top_1': 0.34065625071525574, 'step_timestamp_log': ['BatchTimestamp<batch_index: 1, timestamp: 1584135392.98>', 'BatchTimestamp<batch_index: 100, timestamp: 1584135827.75>', 'BatchTimestamp<batch_index: 200, timestamp: 1584136119.28>', 'BatchTimestamp<batch_index: 300, timestamp: 1584136332.63>', 'BatchTimestamp<batch_index: 400, timestamp: 1584136488.9>', 'BatchTimestamp<batch_index: 500, timestamp: 1584136600.5>', 'BatchTimestamp<batch_index: 600, timestamp: 1584136776.57>', 'BatchTimestamp<batch_index: 700, timestamp: 1584136845.72>', 'BatchTimestamp<batch_index: 800, timestamp: 1584136915.11>', 'BatchTimestamp<batch_index: 900, timestamp: 1584136985.7>', 'BatchTimestamp<batch_index: 1000, timestamp: 1584137055.38>', 'BatchTimestamp<batch_index: 1100, timestamp: 1584137173.33>', 'BatchTimestamp<batch_index: 1200, timestamp: 1584137242.49>', 'BatchTimestamp<batch_index: 1300, timestamp: 1584137311.49>', 'BatchTimestamp<batch_index: 1400, timestamp: 1584137380.16>', 'BatchTimestamp<batch_index: 1500, timestamp: 1584137448.92>', 'BatchTimestamp<batch_index: 1600, timestamp: 1584137566.97>', 'BatchTimestamp<batch_index: 1700, timestamp: 1584137635.67>', 'BatchTimestamp<batch_index: 1800, timestamp: 1584137704.73>', 'BatchTimestamp<batch_index: 1900, timestamp: 1584137773.51>', 'BatchTimestamp<batch_index: 2000, timestamp: 1584137841.85>', 'BatchTimestamp<batch_index: 2100, timestamp: 1584137959.93>', 'BatchTimestamp<batch_index: 2200, timestamp: 1584138028.42>', 'BatchTimestamp<batch_index: 2300, timestamp: 1584138097.45>', 'BatchTimestamp<batch_index: 2400, timestamp: 1584138166.57>', 'BatchTimestamp<batch_index: 2500, timestamp: 1584138235.55>', 'BatchTimestamp<batch_index: 2600, timestamp: 1584138353.96>', 'BatchTimestamp<batch_index: 2700, timestamp: 1584138423.21>', 'BatchTimestamp<batch_index: 2800, timestamp: 1584138492.28>', 'BatchTimestamp<batch_index: 2900, timestamp: 1584138561.01>', 'BatchTimestamp<batch_index: 3000, timestamp: 1584138629.96>', 'BatchTimestamp<batch_index: 3100, timestamp: 1584138747.62>', 'BatchTimestamp<batch_index: 3200, timestamp: 1584138815.93>', 'BatchTimestamp<batch_index: 3300, timestamp: 1584138885.04>', 'BatchTimestamp<batch_index: 3400, timestamp: 1584138954.77>', 'BatchTimestamp<batch_index: 3500, timestamp: 1584139024.24>', 'BatchTimestamp<batch_index: 3600, timestamp: 1584139142.19>', 'BatchTimestamp<batch_index: 3700, timestamp: 1584139211.15>', 'BatchTimestamp<batch_index: 3800, timestamp: 1584139279.44>', 'BatchTimestamp<batch_index: 3900, timestamp: 1584139348.33>', 'BatchTimestamp<batch_index: 4000, timestamp: 1584139416.94>', 'BatchTimestamp<batch_index: 4100, timestamp: 1584139534.99>', 'BatchTimestamp<batch_index: 4200, timestamp: 1584139604.41>', 'BatchTimestamp<batch_index: 4300, timestamp: 1584139672.84>', 'BatchTimestamp<batch_index: 4400, timestamp: 1584139741.69>', 'BatchTimestamp<batch_index: 4500, timestamp: 1584139810.23>', 'BatchTimestamp<batch_index: 4600, timestamp: 1584139927.57>', 'BatchTimestamp<batch_index: 4700, timestamp: 1584139996.24>', 'BatchTimestamp<batch_index: 4800, timestamp: 1584140064.57>', 'BatchTimestamp<batch_index: 4900, timestamp: 1584140133.28>', 'BatchTimestamp<batch_index: 5000, timestamp: 1584140202.16>'], 'accuracy_top_1': 0.32405850291252136, 'avg_exp_per_second': 133.07873275729426, 'train_finish_time': 1584140250.745311, 'eval_loss': 4.226304756066738}
