2020-03-13 21:36:08.044587: I tensorflow/stream_executor/platform/default/dso_loader.cc:44] Successfully opened dynamic library libcudart.so.10.0
2020-03-13 21:36:09.495936: I tensorflow/stream_executor/platform/default/dso_loader.cc:44] Successfully opened dynamic library libcuda.so.1
2020-03-13 21:36:13.526431: I tensorflow/stream_executor/cuda/cuda_gpu_executor.cc:1006] successful NUMA node read from SysFS had negative value (-1), but there must be at least one NUMA node, so returning NUMA node zero
2020-03-13 21:36:13.537142: I tensorflow/core/common_runtime/gpu/gpu_device.cc:1618] Found device 0 with properties: 
name: Tesla V100-SXM2-16GB major: 7 minor: 0 memoryClockRate(GHz): 1.53
pciBusID: 0000:00:04.0
2020-03-13 21:36:13.537188: I tensorflow/stream_executor/platform/default/dso_loader.cc:44] Successfully opened dynamic library libcudart.so.10.0
2020-03-13 21:36:14.139609: I tensorflow/stream_executor/platform/default/dso_loader.cc:44] Successfully opened dynamic library libcublas.so.10.0
2020-03-13 21:36:14.518285: I tensorflow/stream_executor/platform/default/dso_loader.cc:44] Successfully opened dynamic library libcufft.so.10.0
2020-03-13 21:36:14.742156: I tensorflow/stream_executor/platform/default/dso_loader.cc:44] Successfully opened dynamic library libcurand.so.10.0
2020-03-13 21:36:15.674668: I tensorflow/stream_executor/platform/default/dso_loader.cc:44] Successfully opened dynamic library libcusolver.so.10.0
2020-03-13 21:36:16.056066: I tensorflow/stream_executor/platform/default/dso_loader.cc:44] Successfully opened dynamic library libcusparse.so.10.0
2020-03-13 21:36:17.745770: I tensorflow/stream_executor/platform/default/dso_loader.cc:44] Successfully opened dynamic library libcudnn.so.7
2020-03-13 21:36:17.745995: I tensorflow/stream_executor/cuda/cuda_gpu_executor.cc:1006] successful NUMA node read from SysFS had negative value (-1), but there must be at least one NUMA node, so returning NUMA node zero
2020-03-13 21:36:17.749399: I tensorflow/stream_executor/cuda/cuda_gpu_executor.cc:1006] successful NUMA node read from SysFS had negative value (-1), but there must be at least one NUMA node, so returning NUMA node zero
2020-03-13 21:36:17.752249: I tensorflow/core/common_runtime/gpu/gpu_device.cc:1746] Adding visible gpu devices: 0
2020-03-13 21:36:17.792250: I tensorflow/core/platform/cpu_feature_guard.cc:142] Your CPU supports instructions that this TensorFlow binary was not compiled to use: AVX2 FMA
2020-03-13 21:36:18.322180: I tensorflow/core/platform/profile_utils/cpu_utils.cc:94] CPU Frequency: 2300000000 Hz
2020-03-13 21:36:18.324360: I tensorflow/compiler/xla/service/service.cc:168] XLA service 0x556c3bf240d0 executing computations on platform Host. Devices:
2020-03-13 21:36:18.324382: I tensorflow/compiler/xla/service/service.cc:175]   StreamExecutor device (0): Host, Default Version
2020-03-13 21:36:19.297976: I tensorflow/stream_executor/cuda/cuda_gpu_executor.cc:1006] successful NUMA node read from SysFS had negative value (-1), but there must be at least one NUMA node, so returning NUMA node zero
2020-03-13 21:36:19.301668: I tensorflow/compiler/xla/service/service.cc:168] XLA service 0x556c3bf86b40 executing computations on platform CUDA. Devices:
2020-03-13 21:36:19.301688: I tensorflow/compiler/xla/service/service.cc:175]   StreamExecutor device (0): Tesla V100-SXM2-16GB, Compute Capability 7.0
2020-03-13 21:36:19.301935: I tensorflow/stream_executor/cuda/cuda_gpu_executor.cc:1006] successful NUMA node read from SysFS had negative value (-1), but there must be at least one NUMA node, so returning NUMA node zero
2020-03-13 21:36:19.305144: I tensorflow/core/common_runtime/gpu/gpu_device.cc:1618] Found device 0 with properties: 
name: Tesla V100-SXM2-16GB major: 7 minor: 0 memoryClockRate(GHz): 1.53
pciBusID: 0000:00:04.0
2020-03-13 21:36:19.305174: I tensorflow/stream_executor/platform/default/dso_loader.cc:44] Successfully opened dynamic library libcudart.so.10.0
2020-03-13 21:36:19.305206: I tensorflow/stream_executor/platform/default/dso_loader.cc:44] Successfully opened dynamic library libcublas.so.10.0
2020-03-13 21:36:19.305215: I tensorflow/stream_executor/platform/default/dso_loader.cc:44] Successfully opened dynamic library libcufft.so.10.0
2020-03-13 21:36:19.305223: I tensorflow/stream_executor/platform/default/dso_loader.cc:44] Successfully opened dynamic library libcurand.so.10.0
2020-03-13 21:36:19.305231: I tensorflow/stream_executor/platform/default/dso_loader.cc:44] Successfully opened dynamic library libcusolver.so.10.0
2020-03-13 21:36:19.305238: I tensorflow/stream_executor/platform/default/dso_loader.cc:44] Successfully opened dynamic library libcusparse.so.10.0
2020-03-13 21:36:19.305247: I tensorflow/stream_executor/platform/default/dso_loader.cc:44] Successfully opened dynamic library libcudnn.so.7
2020-03-13 21:36:19.305295: I tensorflow/stream_executor/cuda/cuda_gpu_executor.cc:1006] successful NUMA node read from SysFS had negative value (-1), but there must be at least one NUMA node, so returning NUMA node zero
2020-03-13 21:36:19.308321: I tensorflow/stream_executor/cuda/cuda_gpu_executor.cc:1006] successful NUMA node read from SysFS had negative value (-1), but there must be at least one NUMA node, so returning NUMA node zero
2020-03-13 21:36:19.311167: I tensorflow/core/common_runtime/gpu/gpu_device.cc:1746] Adding visible gpu devices: 0
2020-03-13 21:36:19.332217: I tensorflow/stream_executor/platform/default/dso_loader.cc:44] Successfully opened dynamic library libcudart.so.10.0
2020-03-13 21:36:25.815308: I tensorflow/core/common_runtime/gpu/gpu_device.cc:1159] Device interconnect StreamExecutor with strength 1 edge matrix:
2020-03-13 21:36:25.815347: I tensorflow/core/common_runtime/gpu/gpu_device.cc:1165]      0 
2020-03-13 21:36:25.815354: I tensorflow/core/common_runtime/gpu/gpu_device.cc:1178] 0:   N 
2020-03-13 21:36:25.815780: I tensorflow/stream_executor/cuda/cuda_gpu_executor.cc:1006] successful NUMA node read from SysFS had negative value (-1), but there must be at least one NUMA node, so returning NUMA node zero
2020-03-13 21:36:25.816777: I tensorflow/stream_executor/cuda/cuda_gpu_executor.cc:1006] successful NUMA node read from SysFS had negative value (-1), but there must be at least one NUMA node, so returning NUMA node zero
2020-03-13 21:36:25.817554: I tensorflow/core/common_runtime/gpu/gpu_device.cc:1304] Created TensorFlow device (/job:localhost/replica:0/task:0/device:GPU:0 with 14827 MB memory) -> physical GPU (device: 0, name: Tesla V100-SXM2-16GB, pci bus id: 0000:00:04.0, compute capability: 7.0)
WARNING:tensorflow:From /usr/local/lib/python2.7/dist-packages/tensorflow_core/python/ops/image_ops_impl.py:2487: sample_distorted_bounding_box (from tensorflow.python.ops.image_ops_impl) is deprecated and will be removed in a future version.
Instructions for updating:
`seed2` arg is deprecated.Use sample_distorted_bounding_box_v2 instead.
W0313 21:36:27.776747 139861330408896 deprecation.py:323] From /usr/local/lib/python2.7/dist-packages/tensorflow_core/python/ops/image_ops_impl.py:2487: sample_distorted_bounding_box (from tensorflow.python.ops.image_ops_impl) is deprecated and will be removed in a future version.
Instructions for updating:
`seed2` arg is deprecated.Use sample_distorted_bounding_box_v2 instead.
2020-03-13 21:36:42.325253: I tensorflow/stream_executor/platform/default/dso_loader.cc:44] Successfully opened dynamic library libcublas.so.10.0
2020-03-13 21:36:53.867162: I tensorflow/core/kernels/data/shuffle_dataset_op.cc:143] Filling up shuffle buffer (this may take a while): 2382 of 10000
2020-03-13 21:37:03.869947: I tensorflow/core/kernels/data/shuffle_dataset_op.cc:143] Filling up shuffle buffer (this may take a while): 4932 of 10000
2020-03-13 21:37:13.887402: I tensorflow/core/kernels/data/shuffle_dataset_op.cc:143] Filling up shuffle buffer (this may take a while): 7446 of 10000
2020-03-13 21:37:23.870633: I tensorflow/core/kernels/data/shuffle_dataset_op.cc:143] Filling up shuffle buffer (this may take a while): 9983 of 10000
2020-03-13 21:37:23.923057: I tensorflow/core/kernels/data/shuffle_dataset_op.cc:193] Shuffle buffer filled.
2020-03-13 21:37:26.993412: I tensorflow/stream_executor/platform/default/dso_loader.cc:44] Successfully opened dynamic library libcudnn.so.7
WARNING:tensorflow:Method (on_train_batch_end) is slow compared to the batch update (0.544764). Check your callbacks.
W0313 21:37:42.560915 139861330408896 callbacks.py:244] Method (on_train_batch_end) is slow compared to the batch update (0.544764). Check your callbacks.
I0313 21:43:47.751836 139861330408896 keras_utils.py:88] BenchmarkMetric: {'global step':100, 'time_taken': 435.742203,'examples_per_second': 29.375167}
I0313 21:48:39.281006 139861330408896 keras_utils.py:88] BenchmarkMetric: {'global step':200, 'time_taken': 291.529288,'examples_per_second': 43.906395}
I0313 21:52:12.626552 139861330408896 keras_utils.py:88] BenchmarkMetric: {'global step':300, 'time_taken': 213.345557,'examples_per_second': 59.996562}
I0313 21:54:48.899441 139861330408896 keras_utils.py:88] BenchmarkMetric: {'global step':400, 'time_taken': 156.272879,'examples_per_second': 81.908007}
I0313 21:56:40.494784 139861330408896 keras_utils.py:88] BenchmarkMetric: {'global step':500, 'time_taken': 111.595346,'examples_per_second': 114.700124}
I0313 21:58:20.624753 139861330408896 keras_utils.py:96] BenchmarkMetric: {'epoch':0, 'time_taken': 1309.162048}
I0313 21:59:36.297627 139861330408896 keras_utils.py:88] BenchmarkMetric: {'global step':600, 'time_taken': 175.802847,'examples_per_second': 72.808832}
I0313 22:00:45.720922 139861330408896 keras_utils.py:88] BenchmarkMetric: {'global step':700, 'time_taken': 69.423276,'examples_per_second': 184.376203}
I0313 22:01:55.106683 139861330408896 keras_utils.py:88] BenchmarkMetric: {'global step':800, 'time_taken': 69.385785,'examples_per_second': 184.475826}
I0313 22:03:05.707086 139861330408896 keras_utils.py:88] BenchmarkMetric: {'global step':900, 'time_taken': 70.600395,'examples_per_second': 181.302102}
I0313 22:04:15.377206 139861330408896 keras_utils.py:88] BenchmarkMetric: {'global step':1000, 'time_taken': 69.670113,'examples_per_second': 183.722969}
I0313 22:05:03.643042 139861330408896 keras_utils.py:96] BenchmarkMetric: {'epoch':1, 'time_taken': 403.017762}
I0313 22:06:13.331782 139861330408896 keras_utils.py:88] BenchmarkMetric: {'global step':1100, 'time_taken': 117.954587,'examples_per_second': 108.516339}
I0313 22:07:22.485007 139861330408896 keras_utils.py:88] BenchmarkMetric: {'global step':1200, 'time_taken': 69.153228,'examples_per_second': 185.096205}
I0313 22:08:31.490626 139861330408896 keras_utils.py:88] BenchmarkMetric: {'global step':1300, 'time_taken': 69.005620,'examples_per_second': 185.492138}
I0313 22:09:40.143404 139861330408896 keras_utils.py:88] BenchmarkMetric: {'global step':1400, 'time_taken': 68.652766,'examples_per_second': 186.445510}
I0313 22:10:48.919229 139861330408896 keras_utils.py:88] BenchmarkMetric: {'global step':1500, 'time_taken': 68.775833,'examples_per_second': 186.111886}
I0313 22:11:36.609849 139861330408896 keras_utils.py:96] BenchmarkMetric: {'epoch':2, 'time_taken': 392.966343}
I0313 22:12:46.959671 139861330408896 keras_utils.py:88] BenchmarkMetric: {'global step':1600, 'time_taken': 118.040427,'examples_per_second': 108.437425}
I0313 22:13:55.733917 139861330408896 keras_utils.py:88] BenchmarkMetric: {'global step':1700, 'time_taken': 68.774249,'examples_per_second': 186.116172}
I0313 22:15:04.730228 139861330408896 keras_utils.py:88] BenchmarkMetric: {'global step':1800, 'time_taken': 68.996325,'examples_per_second': 185.517127}
I0313 22:16:13.481853 139861330408896 keras_utils.py:88] BenchmarkMetric: {'global step':1900, 'time_taken': 68.751609,'examples_per_second': 186.177461}
I0313 22:17:21.811727 139861330408896 keras_utils.py:88] BenchmarkMetric: {'global step':2000, 'time_taken': 68.329887,'examples_per_second': 187.326520}
I0313 22:18:09.523627 139861330408896 keras_utils.py:96] BenchmarkMetric: {'epoch':3, 'time_taken': 392.913387}
I0313 22:19:19.919704 139861330408896 keras_utils.py:88] BenchmarkMetric: {'global step':2100, 'time_taken': 118.107975,'examples_per_second': 108.375408}
I0313 22:20:28.416196 139861330408896 keras_utils.py:88] BenchmarkMetric: {'global step':2200, 'time_taken': 68.496498,'examples_per_second': 186.870868}
I0313 22:21:37.467174 139861330408896 keras_utils.py:88] BenchmarkMetric: {'global step':2300, 'time_taken': 69.050966,'examples_per_second': 185.370325}
I0313 22:22:46.563319 139861330408896 keras_utils.py:88] BenchmarkMetric: {'global step':2400, 'time_taken': 69.096156,'examples_per_second': 185.249089}
I0313 22:23:55.568737 139861330408896 keras_utils.py:88] BenchmarkMetric: {'global step':2500, 'time_taken': 69.005423,'examples_per_second': 185.492668}
I0313 22:24:43.542412 139861330408896 keras_utils.py:96] BenchmarkMetric: {'epoch':4, 'time_taken': 394.018395}
I0313 22:25:53.960319 139861330408896 keras_utils.py:88] BenchmarkMetric: {'global step':2600, 'time_taken': 118.391579,'examples_per_second': 108.115798}
I0313 22:27:03.210231 139861330408896 keras_utils.py:88] BenchmarkMetric: {'global step':2700, 'time_taken': 69.249911,'examples_per_second': 184.837783}
I0313 22:28:12.284471 139861330408896 keras_utils.py:88] BenchmarkMetric: {'global step':2800, 'time_taken': 69.074230,'examples_per_second': 185.307892}
I0313 22:29:21.001590 139861330408896 keras_utils.py:88] BenchmarkMetric: {'global step':2900, 'time_taken': 68.717123,'examples_per_second': 186.270896}
I0313 22:30:29.967732 139861330408896 keras_utils.py:88] BenchmarkMetric: {'global step':3000, 'time_taken': 68.966148,'examples_per_second': 185.598302}
I0313 22:31:17.778796 139861330408896 keras_utils.py:96] BenchmarkMetric: {'epoch':5, 'time_taken': 394.235675}
I0313 22:32:27.614042 139861330408896 keras_utils.py:88] BenchmarkMetric: {'global step':3100, 'time_taken': 117.646309,'examples_per_second': 108.800694}
I0313 22:33:35.931698 139861330408896 keras_utils.py:88] BenchmarkMetric: {'global step':3200, 'time_taken': 68.317657,'examples_per_second': 187.360055}
I0313 22:34:45.032006 139861330408896 keras_utils.py:88] BenchmarkMetric: {'global step':3300, 'time_taken': 69.100308,'examples_per_second': 185.237958}
I0313 22:35:54.772845 139861330408896 keras_utils.py:88] BenchmarkMetric: {'global step':3400, 'time_taken': 69.740833,'examples_per_second': 183.536667}
I0313 22:37:04.267262 139861330408896 keras_utils.py:88] BenchmarkMetric: {'global step':3500, 'time_taken': 69.494391,'examples_per_second': 184.187526}
I0313 22:37:52.136276 139861330408896 keras_utils.py:96] BenchmarkMetric: {'epoch':6, 'time_taken': 394.356542}
I0313 22:39:02.192445 139861330408896 keras_utils.py:88] BenchmarkMetric: {'global step':3600, 'time_taken': 117.925215,'examples_per_second': 108.543368}
I0313 22:40:11.141628 139861330408896 keras_utils.py:88] BenchmarkMetric: {'global step':3700, 'time_taken': 68.949182,'examples_per_second': 185.643972}
I0313 22:41:19.452311 139861330408896 keras_utils.py:88] BenchmarkMetric: {'global step':3800, 'time_taken': 68.310676,'examples_per_second': 187.379202}
I0313 22:42:28.335077 139861330408896 keras_utils.py:88] BenchmarkMetric: {'global step':3900, 'time_taken': 68.882769,'examples_per_second': 185.822960}
I0313 22:43:36.943474 139861330408896 keras_utils.py:88] BenchmarkMetric: {'global step':4000, 'time_taken': 68.608401,'examples_per_second': 186.566074}
I0313 22:44:25.077466 139861330408896 keras_utils.py:96] BenchmarkMetric: {'epoch':7, 'time_taken': 392.940550}
I0313 22:45:34.984606 139861330408896 keras_utils.py:88] BenchmarkMetric: {'global step':4100, 'time_taken': 118.041131,'examples_per_second': 108.436779}
I0313 22:46:44.416939 139861330408896 keras_utils.py:88] BenchmarkMetric: {'global step':4200, 'time_taken': 69.432322,'examples_per_second': 184.352181}
I0313 22:47:52.837620 139861330408896 keras_utils.py:88] BenchmarkMetric: {'global step':4300, 'time_taken': 68.420696,'examples_per_second': 187.077898}
I0313 22:49:01.661355 139861330408896 keras_utils.py:88] BenchmarkMetric: {'global step':4400, 'time_taken': 68.823716,'examples_per_second': 185.982402}
I0313 22:50:10.225805 139861330408896 keras_utils.py:88] BenchmarkMetric: {'global step':4500, 'time_taken': 68.564470,'examples_per_second': 186.685611}
I0313 22:50:58.061240 139861330408896 keras_utils.py:96] BenchmarkMetric: {'epoch':8, 'time_taken': 392.983353}
I0313 22:52:07.569185 139861330408896 keras_utils.py:88] BenchmarkMetric: {'global step':4600, 'time_taken': 117.343381,'examples_per_second': 109.081568}
I0313 22:53:16.237512 139861330408896 keras_utils.py:88] BenchmarkMetric: {'global step':4700, 'time_taken': 68.668320,'examples_per_second': 186.403278}
I0313 22:54:24.573227 139861330408896 keras_utils.py:88] BenchmarkMetric: {'global step':4800, 'time_taken': 68.335720,'examples_per_second': 187.310531}
I0313 22:55:33.281476 139861330408896 keras_utils.py:88] BenchmarkMetric: {'global step':4900, 'time_taken': 68.708246,'examples_per_second': 186.294961}
I0313 22:56:42.157205 139861330408896 keras_utils.py:88] BenchmarkMetric: {'global step':5000, 'time_taken': 68.875729,'examples_per_second': 185.841953}
I0313 22:57:30.167504 139861330408896 keras_utils.py:96] BenchmarkMetric: {'epoch':9, 'time_taken': 392.105781}
I0313 22:58:18.311898 139861330408896 kungfu_resnet_main.py:270] Run stats:
{'loss': 4.168439149856567, 'training_accuracy_top_1': 0.3381718695163727, 'step_timestamp_log': ['BatchTimestamp<batch_index: 1, timestamp: 1584135392.01>', 'BatchTimestamp<batch_index: 100, timestamp: 1584135827.75>', 'BatchTimestamp<batch_index: 200, timestamp: 1584136119.28>', 'BatchTimestamp<batch_index: 300, timestamp: 1584136332.63>', 'BatchTimestamp<batch_index: 400, timestamp: 1584136488.9>', 'BatchTimestamp<batch_index: 500, timestamp: 1584136600.49>', 'BatchTimestamp<batch_index: 600, timestamp: 1584136776.3>', 'BatchTimestamp<batch_index: 700, timestamp: 1584136845.72>', 'BatchTimestamp<batch_index: 800, timestamp: 1584136915.11>', 'BatchTimestamp<batch_index: 900, timestamp: 1584136985.71>', 'BatchTimestamp<batch_index: 1000, timestamp: 1584137055.38>', 'BatchTimestamp<batch_index: 1100, timestamp: 1584137173.33>', 'BatchTimestamp<batch_index: 1200, timestamp: 1584137242.48>', 'BatchTimestamp<batch_index: 1300, timestamp: 1584137311.49>', 'BatchTimestamp<batch_index: 1400, timestamp: 1584137380.14>', 'BatchTimestamp<batch_index: 1500, timestamp: 1584137448.92>', 'BatchTimestamp<batch_index: 1600, timestamp: 1584137566.96>', 'BatchTimestamp<batch_index: 1700, timestamp: 1584137635.73>', 'BatchTimestamp<batch_index: 1800, timestamp: 1584137704.73>', 'BatchTimestamp<batch_index: 1900, timestamp: 1584137773.48>', 'BatchTimestamp<batch_index: 2000, timestamp: 1584137841.81>', 'BatchTimestamp<batch_index: 2100, timestamp: 1584137959.92>', 'BatchTimestamp<batch_index: 2200, timestamp: 1584138028.42>', 'BatchTimestamp<batch_index: 2300, timestamp: 1584138097.47>', 'BatchTimestamp<batch_index: 2400, timestamp: 1584138166.56>', 'BatchTimestamp<batch_index: 2500, timestamp: 1584138235.57>', 'BatchTimestamp<batch_index: 2600, timestamp: 1584138353.96>', 'BatchTimestamp<batch_index: 2700, timestamp: 1584138423.21>', 'BatchTimestamp<batch_index: 2800, timestamp: 1584138492.28>', 'BatchTimestamp<batch_index: 2900, timestamp: 1584138561.0>', 'BatchTimestamp<batch_index: 3000, timestamp: 1584138629.97>', 'BatchTimestamp<batch_index: 3100, timestamp: 1584138747.61>', 'BatchTimestamp<batch_index: 3200, timestamp: 1584138815.93>', 'BatchTimestamp<batch_index: 3300, timestamp: 1584138885.03>', 'BatchTimestamp<batch_index: 3400, timestamp: 1584138954.77>', 'BatchTimestamp<batch_index: 3500, timestamp: 1584139024.27>', 'BatchTimestamp<batch_index: 3600, timestamp: 1584139142.19>', 'BatchTimestamp<batch_index: 3700, timestamp: 1584139211.14>', 'BatchTimestamp<batch_index: 3800, timestamp: 1584139279.45>', 'BatchTimestamp<batch_index: 3900, timestamp: 1584139348.34>', 'BatchTimestamp<batch_index: 4000, timestamp: 1584139416.94>', 'BatchTimestamp<batch_index: 4100, timestamp: 1584139534.98>', 'BatchTimestamp<batch_index: 4200, timestamp: 1584139604.42>', 'BatchTimestamp<batch_index: 4300, timestamp: 1584139672.84>', 'BatchTimestamp<batch_index: 4400, timestamp: 1584139741.66>', 'BatchTimestamp<batch_index: 4500, timestamp: 1584139810.23>', 'BatchTimestamp<batch_index: 4600, timestamp: 1584139927.57>', 'BatchTimestamp<batch_index: 4700, timestamp: 1584139996.24>', 'BatchTimestamp<batch_index: 4800, timestamp: 1584140064.57>', 'BatchTimestamp<batch_index: 4900, timestamp: 1584140133.28>', 'BatchTimestamp<batch_index: 5000, timestamp: 1584140202.16>'], 'accuracy_top_1': 0.32570111751556396, 'avg_exp_per_second': 133.05204741709292, 'train_finish_time': 1584140250.168875, 'eval_loss': 4.2130356360704475}
