2020-03-14 04:15:52.044306: I tensorflow/stream_executor/platform/default/dso_loader.cc:44] Successfully opened dynamic library libcudart.so.10.0
2020-03-14 04:15:55.576214: I tensorflow/stream_executor/platform/default/dso_loader.cc:44] Successfully opened dynamic library libcuda.so.1
2020-03-14 04:15:59.769014: I tensorflow/stream_executor/cuda/cuda_gpu_executor.cc:1006] successful NUMA node read from SysFS had negative value (-1), but there must be at least one NUMA node, so returning NUMA node zero
2020-03-14 04:15:59.781367: I tensorflow/core/common_runtime/gpu/gpu_device.cc:1618] Found device 0 with properties: 
name: Tesla V100-SXM2-16GB major: 7 minor: 0 memoryClockRate(GHz): 1.53
pciBusID: 0000:00:07.0
2020-03-14 04:15:59.781409: I tensorflow/stream_executor/platform/default/dso_loader.cc:44] Successfully opened dynamic library libcudart.so.10.0
2020-03-14 04:16:00.437844: I tensorflow/stream_executor/platform/default/dso_loader.cc:44] Successfully opened dynamic library libcublas.so.10.0
2020-03-14 04:16:00.883247: I tensorflow/stream_executor/platform/default/dso_loader.cc:44] Successfully opened dynamic library libcufft.so.10.0
2020-03-14 04:16:01.093042: I tensorflow/stream_executor/platform/default/dso_loader.cc:44] Successfully opened dynamic library libcurand.so.10.0
2020-03-14 04:16:01.939799: I tensorflow/stream_executor/platform/default/dso_loader.cc:44] Successfully opened dynamic library libcusolver.so.10.0
2020-03-14 04:16:02.206177: I tensorflow/stream_executor/platform/default/dso_loader.cc:44] Successfully opened dynamic library libcusparse.so.10.0
2020-03-14 04:16:03.704259: I tensorflow/stream_executor/platform/default/dso_loader.cc:44] Successfully opened dynamic library libcudnn.so.7
2020-03-14 04:16:03.704485: I tensorflow/stream_executor/cuda/cuda_gpu_executor.cc:1006] successful NUMA node read from SysFS had negative value (-1), but there must be at least one NUMA node, so returning NUMA node zero
2020-03-14 04:16:03.707805: I tensorflow/stream_executor/cuda/cuda_gpu_executor.cc:1006] successful NUMA node read from SysFS had negative value (-1), but there must be at least one NUMA node, so returning NUMA node zero
2020-03-14 04:16:03.710698: I tensorflow/core/common_runtime/gpu/gpu_device.cc:1746] Adding visible gpu devices: 0
2020-03-14 04:16:03.733875: I tensorflow/core/platform/cpu_feature_guard.cc:142] Your CPU supports instructions that this TensorFlow binary was not compiled to use: AVX2 FMA
2020-03-14 04:16:04.152293: I tensorflow/core/platform/profile_utils/cpu_utils.cc:94] CPU Frequency: 2300000000 Hz
2020-03-14 04:16:04.154342: I tensorflow/compiler/xla/service/service.cc:168] XLA service 0x560453565bc0 executing computations on platform Host. Devices:
2020-03-14 04:16:04.154373: I tensorflow/compiler/xla/service/service.cc:175]   StreamExecutor device (0): Host, Default Version
2020-03-14 04:16:05.144021: I tensorflow/stream_executor/cuda/cuda_gpu_executor.cc:1006] successful NUMA node read from SysFS had negative value (-1), but there must be at least one NUMA node, so returning NUMA node zero
2020-03-14 04:16:05.147136: I tensorflow/compiler/xla/service/service.cc:168] XLA service 0x5604535c8550 executing computations on platform CUDA. Devices:
2020-03-14 04:16:05.147163: I tensorflow/compiler/xla/service/service.cc:175]   StreamExecutor device (0): Tesla V100-SXM2-16GB, Compute Capability 7.0
2020-03-14 04:16:05.147480: I tensorflow/stream_executor/cuda/cuda_gpu_executor.cc:1006] successful NUMA node read from SysFS had negative value (-1), but there must be at least one NUMA node, so returning NUMA node zero
2020-03-14 04:16:05.149775: I tensorflow/core/common_runtime/gpu/gpu_device.cc:1618] Found device 0 with properties: 
name: Tesla V100-SXM2-16GB major: 7 minor: 0 memoryClockRate(GHz): 1.53
pciBusID: 0000:00:07.0
2020-03-14 04:16:05.149811: I tensorflow/stream_executor/platform/default/dso_loader.cc:44] Successfully opened dynamic library libcudart.so.10.0
2020-03-14 04:16:05.149847: I tensorflow/stream_executor/platform/default/dso_loader.cc:44] Successfully opened dynamic library libcublas.so.10.0
2020-03-14 04:16:05.149857: I tensorflow/stream_executor/platform/default/dso_loader.cc:44] Successfully opened dynamic library libcufft.so.10.0
2020-03-14 04:16:05.149867: I tensorflow/stream_executor/platform/default/dso_loader.cc:44] Successfully opened dynamic library libcurand.so.10.0
2020-03-14 04:16:05.149876: I tensorflow/stream_executor/platform/default/dso_loader.cc:44] Successfully opened dynamic library libcusolver.so.10.0
2020-03-14 04:16:05.149885: I tensorflow/stream_executor/platform/default/dso_loader.cc:44] Successfully opened dynamic library libcusparse.so.10.0
2020-03-14 04:16:05.149894: I tensorflow/stream_executor/platform/default/dso_loader.cc:44] Successfully opened dynamic library libcudnn.so.7
2020-03-14 04:16:05.149951: I tensorflow/stream_executor/cuda/cuda_gpu_executor.cc:1006] successful NUMA node read from SysFS had negative value (-1), but there must be at least one NUMA node, so returning NUMA node zero
2020-03-14 04:16:05.152725: I tensorflow/stream_executor/cuda/cuda_gpu_executor.cc:1006] successful NUMA node read from SysFS had negative value (-1), but there must be at least one NUMA node, so returning NUMA node zero
2020-03-14 04:16:05.155874: I tensorflow/core/common_runtime/gpu/gpu_device.cc:1746] Adding visible gpu devices: 0
2020-03-14 04:16:05.171626: I tensorflow/stream_executor/platform/default/dso_loader.cc:44] Successfully opened dynamic library libcudart.so.10.0
2020-03-14 04:16:11.214601: I tensorflow/core/common_runtime/gpu/gpu_device.cc:1159] Device interconnect StreamExecutor with strength 1 edge matrix:
2020-03-14 04:16:11.214659: I tensorflow/core/common_runtime/gpu/gpu_device.cc:1165]      0 
2020-03-14 04:16:11.214668: I tensorflow/core/common_runtime/gpu/gpu_device.cc:1178] 0:   N 
2020-03-14 04:16:11.215039: I tensorflow/stream_executor/cuda/cuda_gpu_executor.cc:1006] successful NUMA node read from SysFS had negative value (-1), but there must be at least one NUMA node, so returning NUMA node zero
2020-03-14 04:16:11.215752: I tensorflow/stream_executor/cuda/cuda_gpu_executor.cc:1006] successful NUMA node read from SysFS had negative value (-1), but there must be at least one NUMA node, so returning NUMA node zero
2020-03-14 04:16:11.216854: I tensorflow/core/common_runtime/gpu/gpu_device.cc:1304] Created TensorFlow device (/job:localhost/replica:0/task:0/device:GPU:0 with 14828 MB memory) -> physical GPU (device: 0, name: Tesla V100-SXM2-16GB, pci bus id: 0000:00:07.0, compute capability: 7.0)
WARNING:tensorflow:From /usr/local/lib/python2.7/dist-packages/tensorflow_core/python/ops/image_ops_impl.py:2487: sample_distorted_bounding_box (from tensorflow.python.ops.image_ops_impl) is deprecated and will be removed in a future version.
Instructions for updating:
`seed2` arg is deprecated.Use sample_distorted_bounding_box_v2 instead.
W0314 04:16:13.469459 140664634889664 deprecation.py:323] From /usr/local/lib/python2.7/dist-packages/tensorflow_core/python/ops/image_ops_impl.py:2487: sample_distorted_bounding_box (from tensorflow.python.ops.image_ops_impl) is deprecated and will be removed in a future version.
Instructions for updating:
`seed2` arg is deprecated.Use sample_distorted_bounding_box_v2 instead.
2020-03-14 04:16:28.892840: I tensorflow/stream_executor/platform/default/dso_loader.cc:44] Successfully opened dynamic library libcublas.so.10.0
2020-03-14 04:16:40.346400: I tensorflow/core/kernels/data/shuffle_dataset_op.cc:143] Filling up shuffle buffer (this may take a while): 2279 of 10000
2020-03-14 04:16:50.520016: I tensorflow/core/kernels/data/shuffle_dataset_op.cc:143] Filling up shuffle buffer (this may take a while): 4197 of 10000
2020-03-14 04:17:00.372358: I tensorflow/core/kernels/data/shuffle_dataset_op.cc:143] Filling up shuffle buffer (this may take a while): 6577 of 10000
2020-03-14 04:17:10.366851: I tensorflow/core/kernels/data/shuffle_dataset_op.cc:143] Filling up shuffle buffer (this may take a while): 9113 of 10000
2020-03-14 04:17:14.014433: I tensorflow/core/kernels/data/shuffle_dataset_op.cc:193] Shuffle buffer filled.
2020-03-14 04:17:16.234316: I tensorflow/stream_executor/platform/default/dso_loader.cc:44] Successfully opened dynamic library libcudnn.so.7
WARNING:tensorflow:Method (on_train_batch_end) is slow compared to the batch update (0.570025). Check your callbacks.
W0314 04:17:28.535234 140664634889664 callbacks.py:244] Method (on_train_batch_end) is slow compared to the batch update (0.570025). Check your callbacks.
I0314 04:23:50.918330 140664634889664 keras_utils.py:88] BenchmarkMetric: {'global step':100, 'time_taken': 452.807860,'examples_per_second': 28.268061}
I0314 04:28:38.521969 140664634889664 keras_utils.py:88] BenchmarkMetric: {'global step':200, 'time_taken': 287.603741,'examples_per_second': 44.505680}
I0314 04:32:17.757761 140664634889664 keras_utils.py:88] BenchmarkMetric: {'global step':300, 'time_taken': 219.235793,'examples_per_second': 58.384627}
I0314 04:34:47.515379 140664634889664 keras_utils.py:88] BenchmarkMetric: {'global step':400, 'time_taken': 149.757581,'examples_per_second': 85.471466}
I0314 04:36:44.540081 140664634889664 keras_utils.py:88] BenchmarkMetric: {'global step':500, 'time_taken': 117.024739,'examples_per_second': 109.378582}
I0314 04:38:10.383208 140664634889664 keras_utils.py:96] BenchmarkMetric: {'epoch':0, 'time_taken': 1312.930539}
I0314 04:39:29.277384 140664634889664 keras_utils.py:88] BenchmarkMetric: {'global step':600, 'time_taken': 164.737280,'examples_per_second': 77.699474}
I0314 04:40:44.956653 140664634889664 keras_utils.py:88] BenchmarkMetric: {'global step':700, 'time_taken': 75.679275,'examples_per_second': 169.134813}
I0314 04:41:52.944298 140664634889664 keras_utils.py:88] BenchmarkMetric: {'global step':800, 'time_taken': 67.987643,'examples_per_second': 188.269507}
I0314 04:43:01.594197 140664634889664 keras_utils.py:88] BenchmarkMetric: {'global step':900, 'time_taken': 68.649906,'examples_per_second': 186.453277}
I0314 04:44:10.612287 140664634889664 keras_utils.py:88] BenchmarkMetric: {'global step':1000, 'time_taken': 69.018103,'examples_per_second': 185.458589}
I0314 04:44:59.474777 140664634889664 keras_utils.py:96] BenchmarkMetric: {'epoch':1, 'time_taken': 409.091077}
I0314 04:46:09.142153 140664634889664 keras_utils.py:88] BenchmarkMetric: {'global step':1100, 'time_taken': 118.529845,'examples_per_second': 107.989680}
I0314 04:47:18.212054 140664634889664 keras_utils.py:88] BenchmarkMetric: {'global step':1200, 'time_taken': 69.069922,'examples_per_second': 185.319451}
I0314 04:48:26.345921 140664634889664 keras_utils.py:88] BenchmarkMetric: {'global step':1300, 'time_taken': 68.133868,'examples_per_second': 187.865453}
I0314 04:49:35.452260 140664634889664 keras_utils.py:88] BenchmarkMetric: {'global step':1400, 'time_taken': 69.106310,'examples_per_second': 185.221870}
I0314 04:50:43.883481 140664634889664 keras_utils.py:88] BenchmarkMetric: {'global step':1500, 'time_taken': 68.431254,'examples_per_second': 187.049035}
I0314 04:51:32.612087 140664634889664 keras_utils.py:96] BenchmarkMetric: {'epoch':2, 'time_taken': 393.136616}
I0314 04:52:41.937798 140664634889664 keras_utils.py:88] BenchmarkMetric: {'global step':1600, 'time_taken': 118.054262,'examples_per_second': 108.424718}
I0314 04:53:50.523315 140664634889664 keras_utils.py:88] BenchmarkMetric: {'global step':1700, 'time_taken': 68.585569,'examples_per_second': 186.628181}
I0314 04:54:59.642062 140664634889664 keras_utils.py:88] BenchmarkMetric: {'global step':1800, 'time_taken': 69.118733,'examples_per_second': 185.188580}
I0314 04:56:08.166137 140664634889664 keras_utils.py:88] BenchmarkMetric: {'global step':1900, 'time_taken': 68.524082,'examples_per_second': 186.795644}
I0314 04:57:17.160118 140664634889664 keras_utils.py:88] BenchmarkMetric: {'global step':2000, 'time_taken': 68.993990,'examples_per_second': 185.523405}
I0314 04:58:05.709903 140664634889664 keras_utils.py:96] BenchmarkMetric: {'epoch':3, 'time_taken': 393.097396}
I0314 04:59:15.658179 140664634889664 keras_utils.py:88] BenchmarkMetric: {'global step':2100, 'time_taken': 118.498059,'examples_per_second': 108.018647}
I0314 05:00:24.094633 140664634889664 keras_utils.py:88] BenchmarkMetric: {'global step':2200, 'time_taken': 68.436453,'examples_per_second': 187.034825}
I0314 05:01:32.421957 140664634889664 keras_utils.py:88] BenchmarkMetric: {'global step':2300, 'time_taken': 68.327309,'examples_per_second': 187.333589}
I0314 05:02:40.625211 140664634889664 keras_utils.py:88] BenchmarkMetric: {'global step':2400, 'time_taken': 68.203268,'examples_per_second': 187.674291}
I0314 05:03:48.594876 140664634889664 keras_utils.py:88] BenchmarkMetric: {'global step':2500, 'time_taken': 67.969645,'examples_per_second': 188.319359}
I0314 05:04:37.259187 140664634889664 keras_utils.py:96] BenchmarkMetric: {'epoch':4, 'time_taken': 391.548729}
I0314 05:05:47.062098 140664634889664 keras_utils.py:88] BenchmarkMetric: {'global step':2600, 'time_taken': 118.467225,'examples_per_second': 108.046761}
I0314 05:06:56.164752 140664634889664 keras_utils.py:88] BenchmarkMetric: {'global step':2700, 'time_taken': 69.102657,'examples_per_second': 185.231662}
I0314 05:08:05.632863 140664634889664 keras_utils.py:88] BenchmarkMetric: {'global step':2800, 'time_taken': 69.468114,'examples_per_second': 184.257198}
I0314 05:09:14.709322 140664634889664 keras_utils.py:88] BenchmarkMetric: {'global step':2900, 'time_taken': 69.076454,'examples_per_second': 185.301927}
I0314 05:10:23.285135 140664634889664 keras_utils.py:88] BenchmarkMetric: {'global step':3000, 'time_taken': 68.575816,'examples_per_second': 186.654723}
I0314 05:11:12.312263 140664634889664 keras_utils.py:96] BenchmarkMetric: {'epoch':5, 'time_taken': 395.052587}
I0314 05:12:21.855429 140664634889664 keras_utils.py:88] BenchmarkMetric: {'global step':3100, 'time_taken': 118.570308,'examples_per_second': 107.952827}
I0314 05:13:30.335321 140664634889664 keras_utils.py:88] BenchmarkMetric: {'global step':3200, 'time_taken': 68.479894,'examples_per_second': 186.916177}
I0314 05:14:38.404392 140664634889664 keras_utils.py:88] BenchmarkMetric: {'global step':3300, 'time_taken': 68.069051,'examples_per_second': 188.044343}
I0314 05:15:47.110833 140664634889664 keras_utils.py:88] BenchmarkMetric: {'global step':3400, 'time_taken': 68.706445,'examples_per_second': 186.299844}
I0314 05:16:55.211282 140664634889664 keras_utils.py:88] BenchmarkMetric: {'global step':3500, 'time_taken': 68.100448,'examples_per_second': 187.957648}
I0314 05:17:43.951925 140664634889664 keras_utils.py:96] BenchmarkMetric: {'epoch':6, 'time_taken': 391.638791}
I0314 05:18:52.934597 140664634889664 keras_utils.py:88] BenchmarkMetric: {'global step':3600, 'time_taken': 117.723319,'examples_per_second': 108.729520}
I0314 05:20:01.449589 140664634889664 keras_utils.py:88] BenchmarkMetric: {'global step':3700, 'time_taken': 68.514985,'examples_per_second': 186.820445}
I0314 05:21:09.553560 140664634889664 keras_utils.py:88] BenchmarkMetric: {'global step':3800, 'time_taken': 68.103967,'examples_per_second': 187.947936}
I0314 05:22:18.570329 140664634889664 keras_utils.py:88] BenchmarkMetric: {'global step':3900, 'time_taken': 69.016778,'examples_per_second': 185.462150}
I0314 05:23:27.062438 140664634889664 keras_utils.py:88] BenchmarkMetric: {'global step':4000, 'time_taken': 68.492121,'examples_per_second': 186.882810}
I0314 05:24:15.821924 140664634889664 keras_utils.py:96] BenchmarkMetric: {'epoch':7, 'time_taken': 391.869189}
I0314 05:25:25.007555 140664634889664 keras_utils.py:88] BenchmarkMetric: {'global step':4100, 'time_taken': 117.945113,'examples_per_second': 108.525056}
I0314 05:26:33.644284 140664634889664 keras_utils.py:88] BenchmarkMetric: {'global step':4200, 'time_taken': 68.636722,'examples_per_second': 186.489092}
I0314 05:27:42.807456 140664634889664 keras_utils.py:88] BenchmarkMetric: {'global step':4300, 'time_taken': 69.163075,'examples_per_second': 185.069851}
I0314 05:28:51.547837 140664634889664 keras_utils.py:88] BenchmarkMetric: {'global step':4400, 'time_taken': 68.740472,'examples_per_second': 186.207624}
I0314 05:30:00.278345 140664634889664 keras_utils.py:88] BenchmarkMetric: {'global step':4500, 'time_taken': 68.730510,'examples_per_second': 186.234614}
I0314 05:30:48.930562 140664634889664 keras_utils.py:96] BenchmarkMetric: {'epoch':8, 'time_taken': 393.108053}
I0314 05:31:57.836321 140664634889664 keras_utils.py:88] BenchmarkMetric: {'global step':4600, 'time_taken': 117.557991,'examples_per_second': 108.882432}
I0314 05:33:06.580405 140664634889664 keras_utils.py:88] BenchmarkMetric: {'global step':4700, 'time_taken': 68.744074,'examples_per_second': 186.197868}
I0314 05:34:15.097019 140664634889664 keras_utils.py:88] BenchmarkMetric: {'global step':4800, 'time_taken': 68.516608,'examples_per_second': 186.816020}
I0314 05:35:24.181134 140664634889664 keras_utils.py:88] BenchmarkMetric: {'global step':4900, 'time_taken': 69.084134,'examples_per_second': 185.281326}
I0314 05:36:32.361691 140664634889664 keras_utils.py:88] BenchmarkMetric: {'global step':5000, 'time_taken': 68.180543,'examples_per_second': 187.736845}
I0314 05:37:21.237255 140664634889664 keras_utils.py:96] BenchmarkMetric: {'epoch':9, 'time_taken': 392.306248}
I0314 05:38:03.694663 140664634889664 kungfu_resnet_main.py:270] Run stats:
{'loss': 4.175696853637695, 'training_accuracy_top_1': 0.33765625953674316, 'step_timestamp_log': ['BatchTimestamp<batch_index: 1, timestamp: 1584159378.11>', 'BatchTimestamp<batch_index: 100, timestamp: 1584159830.92>', 'BatchTimestamp<batch_index: 200, timestamp: 1584160118.52>', 'BatchTimestamp<batch_index: 300, timestamp: 1584160337.76>', 'BatchTimestamp<batch_index: 400, timestamp: 1584160487.52>', 'BatchTimestamp<batch_index: 500, timestamp: 1584160604.54>', 'BatchTimestamp<batch_index: 600, timestamp: 1584160769.28>', 'BatchTimestamp<batch_index: 700, timestamp: 1584160844.96>', 'BatchTimestamp<batch_index: 800, timestamp: 1584160912.94>', 'BatchTimestamp<batch_index: 900, timestamp: 1584160981.59>', 'BatchTimestamp<batch_index: 1000, timestamp: 1584161050.61>', 'BatchTimestamp<batch_index: 1100, timestamp: 1584161169.14>', 'BatchTimestamp<batch_index: 1200, timestamp: 1584161238.21>', 'BatchTimestamp<batch_index: 1300, timestamp: 1584161306.35>', 'BatchTimestamp<batch_index: 1400, timestamp: 1584161375.45>', 'BatchTimestamp<batch_index: 1500, timestamp: 1584161443.88>', 'BatchTimestamp<batch_index: 1600, timestamp: 1584161561.94>', 'BatchTimestamp<batch_index: 1700, timestamp: 1584161630.52>', 'BatchTimestamp<batch_index: 1800, timestamp: 1584161699.64>', 'BatchTimestamp<batch_index: 1900, timestamp: 1584161768.17>', 'BatchTimestamp<batch_index: 2000, timestamp: 1584161837.16>', 'BatchTimestamp<batch_index: 2100, timestamp: 1584161955.66>', 'BatchTimestamp<batch_index: 2200, timestamp: 1584162024.09>', 'BatchTimestamp<batch_index: 2300, timestamp: 1584162092.42>', 'BatchTimestamp<batch_index: 2400, timestamp: 1584162160.63>', 'BatchTimestamp<batch_index: 2500, timestamp: 1584162228.59>', 'BatchTimestamp<batch_index: 2600, timestamp: 1584162347.06>', 'BatchTimestamp<batch_index: 2700, timestamp: 1584162416.16>', 'BatchTimestamp<batch_index: 2800, timestamp: 1584162485.63>', 'BatchTimestamp<batch_index: 2900, timestamp: 1584162554.71>', 'BatchTimestamp<batch_index: 3000, timestamp: 1584162623.29>', 'BatchTimestamp<batch_index: 3100, timestamp: 1584162741.86>', 'BatchTimestamp<batch_index: 3200, timestamp: 1584162810.34>', 'BatchTimestamp<batch_index: 3300, timestamp: 1584162878.4>', 'BatchTimestamp<batch_index: 3400, timestamp: 1584162947.11>', 'BatchTimestamp<batch_index: 3500, timestamp: 1584163015.21>', 'BatchTimestamp<batch_index: 3600, timestamp: 1584163132.93>', 'BatchTimestamp<batch_index: 3700, timestamp: 1584163201.45>', 'BatchTimestamp<batch_index: 3800, timestamp: 1584163269.55>', 'BatchTimestamp<batch_index: 3900, timestamp: 1584163338.57>', 'BatchTimestamp<batch_index: 4000, timestamp: 1584163407.06>', 'BatchTimestamp<batch_index: 4100, timestamp: 1584163525.01>', 'BatchTimestamp<batch_index: 4200, timestamp: 1584163593.64>', 'BatchTimestamp<batch_index: 4300, timestamp: 1584163662.81>', 'BatchTimestamp<batch_index: 4400, timestamp: 1584163731.55>', 'BatchTimestamp<batch_index: 4500, timestamp: 1584163800.28>', 'BatchTimestamp<batch_index: 4600, timestamp: 1584163917.84>', 'BatchTimestamp<batch_index: 4700, timestamp: 1584163986.58>', 'BatchTimestamp<batch_index: 4800, timestamp: 1584164055.1>', 'BatchTimestamp<batch_index: 4900, timestamp: 1584164124.18>', 'BatchTimestamp<batch_index: 5000, timestamp: 1584164192.36>'], 'accuracy_top_1': 0.3418870270252228, 'avg_exp_per_second': 132.93863536971108, 'train_finish_time': 1584164241.237624, 'eval_loss': 4.117105415539863}
